#
# A fatal error has been detected by the Java Runtime Environment:
#
#  Internal Error (0xc000000d), pid=11400, tid=6088
#
# JRE version: Java(TM) SE Runtime Environment (14.0+36) (build 14+36-1461)
# Java VM: Java HotSpot(TM) 64-Bit Server VM (14+36-1461, mixed mode, sharing, tiered, compressed oops, g1 gc, windows-amd64)
# Problematic frame:
# C  [ntdll.dll+0x10f260]
#
# No core dump will be written. Minidumps are not enabled by default on client versions of Windows
#
# If you would like to submit a bug report, please visit:
#   https://bugreport.java.com/bugreport/crash.jsp
#

---------------  S U M M A R Y ------------

Command Line: -Dfile.encoding=UTF-8 com.emaraic.distance.DistanceMeasurement

Host: Intel(R) Core(TM) i7-8550U CPU @ 1.80GHz, 8 cores, 7G,  Windows 10 , 64 bit Build 18362 (10.0.18362.329)
Time: Thu Apr  9 11:23:36 2020 Jerusalem Daylight Time elapsed time: 21 seconds (0d 0h 0m 21s)

---------------  T H R E A D  ---------------

Current thread (0x000001efaf711800):  VMThread "VM Thread" [stack: 0x000000b7a2900000,0x000000b7a2a00000] [id=6088]

Stack: [0x000000b7a2900000,0x000000b7a2a00000],  sp=0x000000b7a29fe1e0,  free space=1016k
Native frames: (J=compiled Java code, j=interpreted, Vv=VM code, C=native code)
C  [ntdll.dll+0x10f260]
C  [ntdll.dll+0x365bb]
C  [ntdll.dll+0x36604]
C  [RTWorkQ.DLL+0xa7a9]


siginfo: EXCEPTION_?? (0xc000000d)


Register to memory mapping:

RIP=0x00007ff92a92f260 ntdll.dll
RAX=0x0 is NULL
RBX=0x000001efb0aef310 points into unknown readable memory: 01 00 00 00 00 00 00 00
RCX=0x0 is NULL
RDX=0x0 is NULL
RSP=0x000000b7a29fe1e0 points into unknown readable memory: 57 00 00 00 00 00 00 00
RBP=0x000001efb2240680 points into unknown readable memory: 08 80 29 20 f9 7f 00 00
RSI=0x000001efb22408b8 points into unknown readable memory: 40 84 29 20 f9 7f 00 00
RDI=0x000001efb2264fe0 points into unknown readable memory: 00 00 00 00 00 00 00 00
R8 =0x0 is NULL
R9 =0x0 is NULL
R10=0x0 is NULL
R11=0x0 is NULL
R12=0x0 is NULL
R13=0x0 is NULL
R14=0x000001efb224db60 points into unknown readable memory: 20 86 29 20 f9 7f 00 00
R15=0x000001ef8e8fda00 points into unknown readable memory: d0 85 29 20 f9 7f 00 00


Registers:
RAX=0x0000000000000000, RBX=0x000001efb0aef310, RCX=0x0000000000000000, RDX=0x0000000000000000
RSP=0x000000b7a29fe1e0, RBP=0x000001efb2240680, RSI=0x000001efb22408b8, RDI=0x000001efb2264fe0
R8 =0x0000000000000000, R9 =0x0000000000000000, R10=0x0000000000000000, R11=0x0000000000000000
R12=0x0000000000000000, R13=0x0000000000000000, R14=0x000001efb224db60, R15=0x000001ef8e8fda00
RIP=0x00007ff92a92f260, EFLAGS=0x0000000000000206

Top of Stack: (sp=0x000000b7a29fe1e0)
0x000000b7a29fe1e0:   0000000000000057 000001efb0aef310
0x000000b7a29fe1f0:   000001efb22408b8 00007ff92a84d04a
0x000000b7a29fe200:   00000000c000000d 0000000000000000
0x000000b7a29fe210:   00007ff92a92f260 0000000000000000
0x000000b7a29fe220:   0000000000000000 0000000000000000
0x000000b7a29fe230:   0000000000000000 0000000000000000
0x000000b7a29fe240:   0000000000000000 0000000000000000
0x000000b7a29fe250:   0000000000000000 0000000000000000
0x000000b7a29fe260:   0000000000000000 0000000000000000
0x000000b7a29fe270:   0000000000000000 0000000000000000
0x000000b7a29fe280:   0000000000000000 0000000000000000
0x000000b7a29fe290:   0000000000000000 0000000000000000
0x000000b7a29fe2a0:   00006596a61e25a6 0000000000000000
0x000000b7a29fe2b0:   0000000000000000 00007ff92a8565bb
0x000000b7a29fe2c0:   0000000000000000 0000000000000000
0x000000b7a29fe2d0:   0000000000000000 0000000000000000 

Instructions: (pc=0x00007ff92a92f260)
0x00007ff92a92f160:   5f c3 cc cc cc cc cc cc 48 81 ec d8 00 00 00 48
0x00007ff92a92f170:   8b 05 6a e3 06 00 48 33 c4 48 89 84 24 c0 00 00
0x00007ff92a92f180:   00 4d 85 c0 74 33 4d 8b 48 50 48 8d 05 ef f8 f1
0x00007ff92a92f190:   ff c7 44 24 38 05 00 00 00 4c 3b c8 75 0a 49 8b
0x00007ff92a92f1a0:   40 58 4c 8b 50 20 eb 03 45 33 d2 4d 85 d2 4d 0f
0x00007ff92a92f1b0:   45 ca 4c 89 4c 24 60 eb 08 c7 44 24 38 04 00 00
0x00007ff92a92f1c0:   00 48 83 64 24 28 00 48 83 64 24 58 00 48 63 c1
0x00007ff92a92f1d0:   48 8d 4c 24 20 48 89 44 24 40 c7 44 24 20 0a 07
0x00007ff92a92f1e0:   00 c0 48 89 54 24 48 4c 89 44 24 50 c7 44 24 24
0x00007ff92a92f1f0:   01 00 00 00 e8 f7 ac f5 ff 48 8b 8c 24 c0 00 00
0x00007ff92a92f200:   00 48 33 cc e8 a7 cf f7 ff 48 81 c4 d8 00 00 00
0x00007ff92a92f210:   c3 cc cc cc cc cc cc cc 48 81 ec d8 00 00 00 48
0x00007ff92a92f220:   8b 05 ba e2 06 00 48 33 c4 48 89 84 24 c0 00 00
0x00007ff92a92f230:   00 33 d2 41 b8 94 00 00 00 48 8d 4c 24 24 e8 bd
0x00007ff92a92f240:   3d f9 ff c7 44 24 20 0d 00 00 c0 b9 57 00 00 00
0x00007ff92a92f250:   e8 3b 43 f4 ff 90 48 8d 4c 24 20 e8 90 ac f5 ff
0x00007ff92a92f260:   eb 00 48 8b 8c 24 c0 00 00 00 48 33 cc e8 3e cf
0x00007ff92a92f270:   f7 ff 48 81 c4 d8 00 00 00 c3 40 55 48 83 ec 20
0x00007ff92a92f280:   48 8b ea e8 10 00 00 00 90 48 83 c4 20 5d c3 cc
0x00007ff92a92f290:   cc cc cc cc cc cc cc cc 48 83 ec 28 48 8b 51 08
0x00007ff92a92f2a0:   41 b8 03 00 00 00 48 8b 09 e8 c2 c8 fc ff 33 c0
0x00007ff92a92f2b0:   48 83 c4 28 c3 cc cc cc cc cc cc cc 48 8b 01 48
0x00007ff92a92f2c0:   83 c9 ff 8b 10 e9 66 d3 f8 ff cc cc cc cc cc cc
0x00007ff92a92f2d0:   4c 8b dc 48 81 ec 88 00 00 00 48 8b 05 ff e1 06
0x00007ff92a92f2e0:   00 48 33 c4 48 89 44 24 70 48 8b 84 24 b0 00 00
0x00007ff92a92f2f0:   00 41 ba 24 1c 00 00 49 89 43 d8 8b 84 24 b8 00
0x00007ff92a92f300:   00 00 66 45 89 53 9e 49 89 4b b8 49 89 53 c0 4d
0x00007ff92a92f310:   89 43 c8 4d 89 4b d0 89 44 24 68 e8 90 09 f3 ff
0x00007ff92a92f320:   85 c0 74 19 65 48 8b 04 25 60 00 00 00 48 8b 88
0x00007ff92a92f330:   90 00 00 00 48 81 c1 2c 02 00 00 eb 05 b9 86 03
0x00007ff92a92f340:   fe 7f 0f b6 09 4c 8d 4c 24 20 ba 03 04 00 00 41
0x00007ff92a92f350:   b8 2c 00 00 00 e8 06 d9 f8 ff 48 8b 4c 24 70 48 


Stack slot to memory mapping:
stack at sp + 0 slots: 0x0000000000000057 is an unknown value
stack at sp + 1 slots: 0x000001efb0aef310 points into unknown readable memory: 01 00 00 00 00 00 00 00
stack at sp + 2 slots: 0x000001efb22408b8 points into unknown readable memory: 40 84 29 20 f9 7f 00 00
stack at sp + 3 slots: 0x00007ff92a84d04a ntdll.dll
stack at sp + 4 slots: 
[error occurred during error reporting (inspecting top of stack), id 0xc0000005, EXCEPTION_ACCESS_VIOLATION (0xc0000005) at pc=0x00007ff89f151c74]

VM_Operation (0x000000b7a43fe420): Exit, mode: safepoint, requested by thread 0x000001efb15bc800


---------------  P R O C E S S  ---------------

Threads class SMR info:
_java_thread_list=0x000001efb1a04d20, length=15, elements={
0x000001ef8e80d000, 0x000001efaf712800, 0x000001efaf713800, 0x000001efaf731000,
0x000001efaf735000, 0x000001efaf736000, 0x000001efaf737000, 0x000001efaf73d800,
0x000001efaf747000, 0x000001efb017f000, 0x000001efb01af000, 0x000001efb024a000,
0x000001efb1043000, 0x000001efb1044000, 0x000001efb15bc800
}

Java Threads: ( => current thread )
  0x000001ef8e80d000 JavaThread "main" [_thread_blocked, id=3624, stack(0x000000b7a2300000,0x000000b7a2400000)]
  0x000001efaf712800 JavaThread "Reference Handler" daemon [_thread_blocked, id=3736, stack(0x000000b7a2a00000,0x000000b7a2b00000)]
  0x000001efaf713800 JavaThread "Finalizer" daemon [_thread_blocked, id=18036, stack(0x000000b7a2b00000,0x000000b7a2c00000)]
  0x000001efaf731000 JavaThread "Signal Dispatcher" daemon [_thread_blocked, id=3220, stack(0x000000b7a2c00000,0x000000b7a2d00000)]
  0x000001efaf735000 JavaThread "Attach Listener" daemon [_thread_blocked, id=12488, stack(0x000000b7a2d00000,0x000000b7a2e00000)]
  0x000001efaf736000 JavaThread "Service Thread" daemon [_thread_blocked, id=11840, stack(0x000000b7a2e00000,0x000000b7a2f00000)]
  0x000001efaf737000 JavaThread "C2 CompilerThread0" daemon [_thread_blocked, id=6220, stack(0x000000b7a2f00000,0x000000b7a3000000)]
  0x000001efaf73d800 JavaThread "C1 CompilerThread0" daemon [_thread_blocked, id=6416, stack(0x000000b7a3000000,0x000000b7a3100000)]
  0x000001efaf747000 JavaThread "Sweeper thread" daemon [_thread_blocked, id=13416, stack(0x000000b7a3100000,0x000000b7a3200000)]
  0x000001efb017f000 JavaThread "Notification Thread" daemon [_thread_blocked, id=6776, stack(0x000000b7a3200000,0x000000b7a3300000)]
  0x000001efb01af000 JavaThread "Common-Cleaner" daemon [_thread_blocked, id=5252, stack(0x000000b7a3400000,0x000000b7a3500000)]
  0x000001efb024a000 JavaThread "JavaCPP Deallocator" daemon [_thread_blocked, id=17116, stack(0x000000b7a3500000,0x000000b7a3600000)]
  0x000001efb1043000 JavaThread "Java2D Disposer" daemon [_thread_blocked, id=13784, stack(0x000000b7a4000000,0x000000b7a4100000)]
  0x000001efb1044000 JavaThread "AWT-Shutdown" [_thread_blocked, id=12188, stack(0x000000b7a4100000,0x000000b7a4200000)]
  0x000001efb15bc800 JavaThread "AWT-EventQueue-0" [_thread_blocked, id=5412, stack(0x000000b7a4300000,0x000000b7a4400000)]

Other Threads:
=>0x000001efaf711800 VMThread "VM Thread" [stack: 0x000000b7a2900000,0x000000b7a2a00000] [id=6088]
  0x000001ef8e84f000 GCTaskThread "GC Thread#0" [stack: 0x000000b7a2400000,0x000000b7a2500000] [id=3408]
  0x000001efb0c8c800 GCTaskThread "GC Thread#1" [stack: 0x000000b7a3700000,0x000000b7a3800000] [id=11860]
  0x000001efb0c4d800 GCTaskThread "GC Thread#2" [stack: 0x000000b7a3800000,0x000000b7a3900000] [id=17540]
  0x000001efb1a0c000 GCTaskThread "GC Thread#3" [stack: 0x000000b7a4c00000,0x000000b7a4d00000] [id=13116]
  0x000001efb0c3d800 GCTaskThread "GC Thread#4" [stack: 0x000000b7a4d00000,0x000000b7a4e00000] [id=2956]
  0x000001efb06a5000 GCTaskThread "GC Thread#5" [stack: 0x000000b7a4e00000,0x000000b7a4f00000] [id=15496]
  0x000001ef8e860000 ConcurrentGCThread "G1 Main Marker" [stack: 0x000000b7a2500000,0x000000b7a2600000] [id=19472]
  0x000001ef8e861800 ConcurrentGCThread "G1 Conc#0" [stack: 0x000000b7a2600000,0x000000b7a2700000] [id=12140]
  0x000001efaf582800 ConcurrentGCThread "G1 Refine#0" [stack: 0x000000b7a2700000,0x000000b7a2800000] [id=17852]
  0x000001efaf583000 ConcurrentGCThread "G1 Young RemSet Sampling" [stack: 0x000000b7a2800000,0x000000b7a2900000] [id=4564]

Threads with active compile tasks:

VM state:at safepoint (shutting down)

VM Mutex/Monitor currently owned by a thread:  ([mutex/lock_event])
[0x000001ef8e809590] Threads_lock - owner thread: 0x000001efaf711800
[0x000001ef8e8096b0] Heap_lock - owner thread: 0x000001efb15bc800

Heap address: 0x0000000082e00000, size: 2002 MB, Compressed Oops mode: 32-bit
Narrow klass base: 0x0000000800000000, Narrow klass shift: 3
Compressed class space size: 1073741824 Address: 0x0000000800b30000

Heap:
 garbage-first heap   total 129024K, used 31580K [0x0000000082e00000, 0x0000000100000000)
  region size 1024K, 26 young (26624K), 4 survivors (4096K)
 Metaspace       used 10622K, capacity 10910K, committed 11008K, reserved 1058816K
  class space    used 1077K, capacity 1204K, committed 1280K, reserved 1048576K
Heap Regions: E=young(eden), S=young(survivor), O=old, HS=humongous(starts), HC=humongous(continues), CS=collection set, F=free, OA=open archive, CA=closed archive, TAMS=top-at-mark-start (previous, next)
|   0|0x0000000082e00000, 0x0000000082f00000, 0x0000000082f00000|100%|HS|  |TAMS 0x0000000082e00000, 0x0000000082e00000| Complete 
|   1|0x0000000082f00000, 0x0000000083000000, 0x0000000083000000|100%|HC|  |TAMS 0x0000000082f00000, 0x0000000082f00000| Complete 
|   2|0x0000000083000000, 0x0000000083100000, 0x0000000083100000|100%|HS|  |TAMS 0x0000000083000000, 0x0000000083000000| Complete 
|   3|0x0000000083100000, 0x0000000083200000, 0x0000000083200000|100%|HC|  |TAMS 0x0000000083100000, 0x0000000083100000| Complete 
|   4|0x0000000083200000, 0x0000000083300000, 0x0000000083300000|100%|HS|  |TAMS 0x0000000083200000, 0x0000000083200000| Complete 
|   5|0x0000000083300000, 0x0000000083400000, 0x0000000083400000|100%|HC|  |TAMS 0x0000000083300000, 0x0000000083300000| Complete 
|   6|0x0000000083400000, 0x0000000083400000, 0x0000000083500000|  0%| F|  |TAMS 0x0000000083400000, 0x0000000083400000| Untracked 
|   7|0x0000000083500000, 0x0000000083500000, 0x0000000083600000|  0%| F|  |TAMS 0x0000000083500000, 0x0000000083500000| Untracked 
|   8|0x0000000083600000, 0x0000000083600000, 0x0000000083700000|  0%| F|  |TAMS 0x0000000083600000, 0x0000000083600000| Untracked 
|   9|0x0000000083700000, 0x0000000083700000, 0x0000000083800000|  0%| F|  |TAMS 0x0000000083700000, 0x0000000083700000| Untracked 
|  10|0x0000000083800000, 0x0000000083800000, 0x0000000083900000|  0%| F|  |TAMS 0x0000000083800000, 0x0000000083800000| Untracked 
|  11|0x0000000083900000, 0x0000000083900000, 0x0000000083a00000|  0%| F|  |TAMS 0x0000000083900000, 0x0000000083900000| Untracked 
|  12|0x0000000083a00000, 0x0000000083a00000, 0x0000000083b00000|  0%| F|  |TAMS 0x0000000083a00000, 0x0000000083a00000| Untracked 
|  13|0x0000000083b00000, 0x0000000083b00000, 0x0000000083c00000|  0%| F|  |TAMS 0x0000000083b00000, 0x0000000083b00000| Untracked 
|  14|0x0000000083c00000, 0x0000000083c00000, 0x0000000083d00000|  0%| F|  |TAMS 0x0000000083c00000, 0x0000000083c00000| Untracked 
|  15|0x0000000083d00000, 0x0000000083d00000, 0x0000000083e00000|  0%| F|  |TAMS 0x0000000083d00000, 0x0000000083d00000| Untracked 
|  16|0x0000000083e00000, 0x0000000083e00000, 0x0000000083f00000|  0%| F|  |TAMS 0x0000000083e00000, 0x0000000083e00000| Untracked 
|  17|0x0000000083f00000, 0x0000000083f00000, 0x0000000084000000|  0%| F|  |TAMS 0x0000000083f00000, 0x0000000083f00000| Untracked 
|  18|0x0000000084000000, 0x0000000084000000, 0x0000000084100000|  0%| F|  |TAMS 0x0000000084000000, 0x0000000084000000| Untracked 
|  19|0x0000000084100000, 0x0000000084100000, 0x0000000084200000|  0%| F|  |TAMS 0x0000000084100000, 0x0000000084100000| Untracked 
|  20|0x0000000084200000, 0x0000000084200000, 0x0000000084300000|  0%| F|  |TAMS 0x0000000084200000, 0x0000000084200000| Untracked 
|  21|0x0000000084300000, 0x0000000084300000, 0x0000000084400000|  0%| F|  |TAMS 0x0000000084300000, 0x0000000084300000| Untracked 
|  22|0x0000000084400000, 0x0000000084400000, 0x0000000084500000|  0%| F|  |TAMS 0x0000000084400000, 0x0000000084400000| Untracked 
|  23|0x0000000084500000, 0x0000000084500000, 0x0000000084600000|  0%| F|  |TAMS 0x0000000084500000, 0x0000000084500000| Untracked 
|  24|0x0000000084600000, 0x0000000084600000, 0x0000000084700000|  0%| F|  |TAMS 0x0000000084600000, 0x0000000084600000| Untracked 
|  25|0x0000000084700000, 0x0000000084700000, 0x0000000084800000|  0%| F|  |TAMS 0x0000000084700000, 0x0000000084700000| Untracked 
|  26|0x0000000084800000, 0x0000000084800000, 0x0000000084900000|  0%| F|  |TAMS 0x0000000084800000, 0x0000000084800000| Untracked 
|  27|0x0000000084900000, 0x0000000084900000, 0x0000000084a00000|  0%| F|  |TAMS 0x0000000084900000, 0x0000000084900000| Untracked 
|  28|0x0000000084a00000, 0x0000000084a00000, 0x0000000084b00000|  0%| F|  |TAMS 0x0000000084a00000, 0x0000000084a00000| Untracked 
|  29|0x0000000084b00000, 0x0000000084b00000, 0x0000000084c00000|  0%| F|  |TAMS 0x0000000084b00000, 0x0000000084b00000| Untracked 
|  30|0x0000000084c00000, 0x0000000084c00000, 0x0000000084d00000|  0%| F|  |TAMS 0x0000000084c00000, 0x0000000084c00000| Untracked 
|  31|0x0000000084d00000, 0x0000000084d00000, 0x0000000084e00000|  0%| F|  |TAMS 0x0000000084d00000, 0x0000000084d00000| Untracked 
|  32|0x0000000084e00000, 0x0000000084e00000, 0x0000000084f00000|  0%| F|  |TAMS 0x0000000084e00000, 0x0000000084e00000| Untracked 
|  33|0x0000000084f00000, 0x0000000084f00000, 0x0000000085000000|  0%| F|  |TAMS 0x0000000084f00000, 0x0000000084f00000| Untracked 
|  34|0x0000000085000000, 0x0000000085000000, 0x0000000085100000|  0%| F|  |TAMS 0x0000000085000000, 0x0000000085000000| Untracked 
|  35|0x0000000085100000, 0x0000000085100000, 0x0000000085200000|  0%| F|  |TAMS 0x0000000085100000, 0x0000000085100000| Untracked 
|  36|0x0000000085200000, 0x0000000085200000, 0x0000000085300000|  0%| F|  |TAMS 0x0000000085200000, 0x0000000085200000| Untracked 
|  37|0x0000000085300000, 0x0000000085300000, 0x0000000085400000|  0%| F|  |TAMS 0x0000000085300000, 0x0000000085300000| Untracked 
|  38|0x0000000085400000, 0x0000000085400000, 0x0000000085500000|  0%| F|  |TAMS 0x0000000085400000, 0x0000000085400000| Untracked 
|  39|0x0000000085500000, 0x0000000085500000, 0x0000000085600000|  0%| F|  |TAMS 0x0000000085500000, 0x0000000085500000| Untracked 
|  40|0x0000000085600000, 0x0000000085600000, 0x0000000085700000|  0%| F|  |TAMS 0x0000000085600000, 0x0000000085600000| Untracked 
|  41|0x0000000085700000, 0x0000000085700000, 0x0000000085800000|  0%| F|  |TAMS 0x0000000085700000, 0x0000000085700000| Untracked 
|  42|0x0000000085800000, 0x0000000085800000, 0x0000000085900000|  0%| F|  |TAMS 0x0000000085800000, 0x0000000085800000| Untracked 
|  43|0x0000000085900000, 0x0000000085900000, 0x0000000085a00000|  0%| F|  |TAMS 0x0000000085900000, 0x0000000085900000| Untracked 
|  44|0x0000000085a00000, 0x0000000085a00000, 0x0000000085b00000|  0%| F|  |TAMS 0x0000000085a00000, 0x0000000085a00000| Untracked 
|  45|0x0000000085b00000, 0x0000000085b00000, 0x0000000085c00000|  0%| F|  |TAMS 0x0000000085b00000, 0x0000000085b00000| Untracked 
|  46|0x0000000085c00000, 0x0000000085c00000, 0x0000000085d00000|  0%| F|  |TAMS 0x0000000085c00000, 0x0000000085c00000| Untracked 
|  47|0x0000000085d00000, 0x0000000085dd72f8, 0x0000000085e00000| 84%| S|CS|TAMS 0x0000000085d00000, 0x0000000085d00000| Complete 
|  48|0x0000000085e00000, 0x0000000085f00000, 0x0000000085f00000|100%| S|CS|TAMS 0x0000000085e00000, 0x0000000085e00000| Complete 
|  49|0x0000000085f00000, 0x0000000086000000, 0x0000000086000000|100%| S|CS|TAMS 0x0000000085f00000, 0x0000000085f00000| Complete 
|  50|0x0000000086000000, 0x0000000086100000, 0x0000000086100000|100%| S|CS|TAMS 0x0000000086000000, 0x0000000086000000| Complete 
|  51|0x0000000086100000, 0x0000000086100000, 0x0000000086200000|  0%| F|  |TAMS 0x0000000086100000, 0x0000000086100000| Untracked 
|  52|0x0000000086200000, 0x0000000086200000, 0x0000000086300000|  0%| F|  |TAMS 0x0000000086200000, 0x0000000086200000| Untracked 
|  53|0x0000000086300000, 0x0000000086300000, 0x0000000086400000|  0%| F|  |TAMS 0x0000000086300000, 0x0000000086300000| Untracked 
|  54|0x0000000086400000, 0x0000000086400000, 0x0000000086500000|  0%| F|  |TAMS 0x0000000086400000, 0x0000000086400000| Untracked 
|  55|0x0000000086500000, 0x0000000086500000, 0x0000000086600000|  0%| F|  |TAMS 0x0000000086500000, 0x0000000086500000| Untracked 
|  56|0x0000000086600000, 0x0000000086600000, 0x0000000086700000|  0%| F|  |TAMS 0x0000000086600000, 0x0000000086600000| Untracked 
|  57|0x0000000086700000, 0x0000000086700000, 0x0000000086800000|  0%| F|  |TAMS 0x0000000086700000, 0x0000000086700000| Untracked 
|  58|0x0000000086800000, 0x0000000086800000, 0x0000000086900000|  0%| F|  |TAMS 0x0000000086800000, 0x0000000086800000| Untracked 
|  59|0x0000000086900000, 0x0000000086900000, 0x0000000086a00000|  0%| F|  |TAMS 0x0000000086900000, 0x0000000086900000| Untracked 
|  60|0x0000000086a00000, 0x0000000086a00000, 0x0000000086b00000|  0%| F|  |TAMS 0x0000000086a00000, 0x0000000086a00000| Untracked 
|  61|0x0000000086b00000, 0x0000000086b00000, 0x0000000086c00000|  0%| F|  |TAMS 0x0000000086b00000, 0x0000000086b00000| Untracked 
|  62|0x0000000086c00000, 0x0000000086c00000, 0x0000000086d00000|  0%| F|  |TAMS 0x0000000086c00000, 0x0000000086c00000| Untracked 
|  63|0x0000000086d00000, 0x0000000086d00000, 0x0000000086e00000|  0%| F|  |TAMS 0x0000000086d00000, 0x0000000086d00000| Untracked 
|  64|0x0000000086e00000, 0x0000000086e00000, 0x0000000086f00000|  0%| F|  |TAMS 0x0000000086e00000, 0x0000000086e00000| Untracked 
|  65|0x0000000086f00000, 0x0000000086f00000, 0x0000000087000000|  0%| F|  |TAMS 0x0000000086f00000, 0x0000000086f00000| Untracked 
|  66|0x0000000087000000, 0x0000000087000000, 0x0000000087100000|  0%| F|  |TAMS 0x0000000087000000, 0x0000000087000000| Untracked 
|  67|0x0000000087100000, 0x0000000087100000, 0x0000000087200000|  0%| F|  |TAMS 0x0000000087100000, 0x0000000087100000| Untracked 
|  68|0x0000000087200000, 0x0000000087200000, 0x0000000087300000|  0%| F|  |TAMS 0x0000000087200000, 0x0000000087200000| Untracked 
|  69|0x0000000087300000, 0x0000000087300000, 0x0000000087400000|  0%| F|  |TAMS 0x0000000087300000, 0x0000000087300000| Untracked 
|  70|0x0000000087400000, 0x0000000087400000, 0x0000000087500000|  0%| F|  |TAMS 0x0000000087400000, 0x0000000087400000| Untracked 
|  71|0x0000000087500000, 0x0000000087500000, 0x0000000087600000|  0%| F|  |TAMS 0x0000000087500000, 0x0000000087500000| Untracked 
|  72|0x0000000087600000, 0x0000000087600000, 0x0000000087700000|  0%| F|  |TAMS 0x0000000087600000, 0x0000000087600000| Untracked 
|  73|0x0000000087700000, 0x0000000087700000, 0x0000000087800000|  0%| F|  |TAMS 0x0000000087700000, 0x0000000087700000| Untracked 
|  74|0x0000000087800000, 0x0000000087800000, 0x0000000087900000|  0%| F|  |TAMS 0x0000000087800000, 0x0000000087800000| Untracked 
|  75|0x0000000087900000, 0x0000000087900000, 0x0000000087a00000|  0%| F|  |TAMS 0x0000000087900000, 0x0000000087900000| Untracked 
|  76|0x0000000087a00000, 0x0000000087a00000, 0x0000000087b00000|  0%| F|  |TAMS 0x0000000087a00000, 0x0000000087a00000| Untracked 
|  77|0x0000000087b00000, 0x0000000087b00000, 0x0000000087c00000|  0%| F|  |TAMS 0x0000000087b00000, 0x0000000087b00000| Untracked 
|  78|0x0000000087c00000, 0x0000000087c00000, 0x0000000087d00000|  0%| F|  |TAMS 0x0000000087c00000, 0x0000000087c00000| Untracked 
|  79|0x0000000087d00000, 0x0000000087d00000, 0x0000000087e00000|  0%| F|  |TAMS 0x0000000087d00000, 0x0000000087d00000| Untracked 
|  80|0x0000000087e00000, 0x0000000087e00000, 0x0000000087f00000|  0%| F|  |TAMS 0x0000000087e00000, 0x0000000087e00000| Untracked 
|  81|0x0000000087f00000, 0x0000000087f00000, 0x0000000088000000|  0%| F|  |TAMS 0x0000000087f00000, 0x0000000087f00000| Untracked 
|  82|0x0000000088000000, 0x0000000088000000, 0x0000000088100000|  0%| F|  |TAMS 0x0000000088000000, 0x0000000088000000| Untracked 
|  83|0x0000000088100000, 0x0000000088100000, 0x0000000088200000|  0%| F|  |TAMS 0x0000000088100000, 0x0000000088100000| Untracked 
|  84|0x0000000088200000, 0x0000000088200000, 0x0000000088300000|  0%| F|  |TAMS 0x0000000088200000, 0x0000000088200000| Untracked 
|  85|0x0000000088300000, 0x0000000088300000, 0x0000000088400000|  0%| F|  |TAMS 0x0000000088300000, 0x0000000088300000| Untracked 
|  86|0x0000000088400000, 0x0000000088400000, 0x0000000088500000|  0%| F|  |TAMS 0x0000000088400000, 0x0000000088400000| Untracked 
|  87|0x0000000088500000, 0x0000000088500000, 0x0000000088600000|  0%| F|  |TAMS 0x0000000088500000, 0x0000000088500000| Untracked 
|  88|0x0000000088600000, 0x0000000088600000, 0x0000000088700000|  0%| F|  |TAMS 0x0000000088600000, 0x0000000088600000| Untracked 
|  89|0x0000000088700000, 0x0000000088700000, 0x0000000088800000|  0%| F|  |TAMS 0x0000000088700000, 0x0000000088700000| Untracked 
|  90|0x0000000088800000, 0x0000000088800000, 0x0000000088900000|  0%| F|  |TAMS 0x0000000088800000, 0x0000000088800000| Untracked 
|  91|0x0000000088900000, 0x0000000088900000, 0x0000000088a00000|  0%| F|  |TAMS 0x0000000088900000, 0x0000000088900000| Untracked 
|  92|0x0000000088a00000, 0x0000000088a00000, 0x0000000088b00000|  0%| F|  |TAMS 0x0000000088a00000, 0x0000000088a00000| Untracked 
|  93|0x0000000088b00000, 0x0000000088b00000, 0x0000000088c00000|  0%| F|  |TAMS 0x0000000088b00000, 0x0000000088b00000| Untracked 
|  94|0x0000000088c00000, 0x0000000088c00000, 0x0000000088d00000|  0%| F|  |TAMS 0x0000000088c00000, 0x0000000088c00000| Untracked 
|  95|0x0000000088d00000, 0x0000000088d00000, 0x0000000088e00000|  0%| F|  |TAMS 0x0000000088d00000, 0x0000000088d00000| Untracked 
|  96|0x0000000088e00000, 0x0000000088e00000, 0x0000000088f00000|  0%| F|  |TAMS 0x0000000088e00000, 0x0000000088e00000| Untracked 
|  97|0x0000000088f00000, 0x0000000088f00000, 0x0000000089000000|  0%| F|  |TAMS 0x0000000088f00000, 0x0000000088f00000| Untracked 
|  98|0x0000000089000000, 0x0000000089000000, 0x0000000089100000|  0%| F|  |TAMS 0x0000000089000000, 0x0000000089000000| Untracked 
|  99|0x0000000089100000, 0x0000000089100000, 0x0000000089200000|  0%| F|  |TAMS 0x0000000089100000, 0x0000000089100000| Untracked 
| 100|0x0000000089200000, 0x0000000089200000, 0x0000000089300000|  0%| F|  |TAMS 0x0000000089200000, 0x0000000089200000| Untracked 
| 101|0x0000000089300000, 0x0000000089300000, 0x0000000089400000|  0%| F|  |TAMS 0x0000000089300000, 0x0000000089300000| Untracked 
| 102|0x0000000089400000, 0x0000000089400000, 0x0000000089500000|  0%| F|  |TAMS 0x0000000089400000, 0x0000000089400000| Untracked 
| 103|0x0000000089500000, 0x0000000089500000, 0x0000000089600000|  0%| F|  |TAMS 0x0000000089500000, 0x0000000089500000| Untracked 
| 104|0x0000000089600000, 0x0000000089600800, 0x0000000089700000|  0%| E|  |TAMS 0x0000000089600000, 0x0000000089600000| Complete 
| 105|0x0000000089700000, 0x0000000089800000, 0x0000000089800000|100%| E|CS|TAMS 0x0000000089700000, 0x0000000089700000| Complete 
| 106|0x0000000089800000, 0x0000000089900000, 0x0000000089900000|100%| E|CS|TAMS 0x0000000089800000, 0x0000000089800000| Complete 
| 107|0x0000000089900000, 0x0000000089a00000, 0x0000000089a00000|100%| E|CS|TAMS 0x0000000089900000, 0x0000000089900000| Complete 
| 108|0x0000000089a00000, 0x0000000089b00000, 0x0000000089b00000|100%| E|CS|TAMS 0x0000000089a00000, 0x0000000089a00000| Complete 
| 109|0x0000000089b00000, 0x0000000089c00000, 0x0000000089c00000|100%| E|CS|TAMS 0x0000000089b00000, 0x0000000089b00000| Complete 
| 110|0x0000000089c00000, 0x0000000089d00000, 0x0000000089d00000|100%| E|CS|TAMS 0x0000000089c00000, 0x0000000089c00000| Complete 
| 111|0x0000000089d00000, 0x0000000089e00000, 0x0000000089e00000|100%| E|CS|TAMS 0x0000000089d00000, 0x0000000089d00000| Complete 
| 112|0x0000000089e00000, 0x0000000089f00000, 0x0000000089f00000|100%| E|CS|TAMS 0x0000000089e00000, 0x0000000089e00000| Complete 
| 113|0x0000000089f00000, 0x000000008a000000, 0x000000008a000000|100%| E|CS|TAMS 0x0000000089f00000, 0x0000000089f00000| Complete 
| 114|0x000000008a000000, 0x000000008a100000, 0x000000008a100000|100%| E|CS|TAMS 0x000000008a000000, 0x000000008a000000| Complete 
| 115|0x000000008a100000, 0x000000008a200000, 0x000000008a200000|100%| E|CS|TAMS 0x000000008a100000, 0x000000008a100000| Complete 
| 116|0x000000008a200000, 0x000000008a300000, 0x000000008a300000|100%| E|CS|TAMS 0x000000008a200000, 0x000000008a200000| Complete 
| 117|0x000000008a300000, 0x000000008a400000, 0x000000008a400000|100%| E|CS|TAMS 0x000000008a300000, 0x000000008a300000| Complete 
| 118|0x000000008a400000, 0x000000008a500000, 0x000000008a500000|100%| E|CS|TAMS 0x000000008a400000, 0x000000008a400000| Complete 
| 119|0x000000008a500000, 0x000000008a600000, 0x000000008a600000|100%| E|CS|TAMS 0x000000008a500000, 0x000000008a500000| Complete 
| 120|0x000000008a600000, 0x000000008a700000, 0x000000008a700000|100%| E|CS|TAMS 0x000000008a600000, 0x000000008a600000| Complete 
| 121|0x000000008a700000, 0x000000008a800000, 0x000000008a800000|100%| E|CS|TAMS 0x000000008a700000, 0x000000008a700000| Complete 
| 122|0x000000008a800000, 0x000000008a900000, 0x000000008a900000|100%| E|CS|TAMS 0x000000008a800000, 0x000000008a800000| Complete 
| 123|0x000000008a900000, 0x000000008aa00000, 0x000000008aa00000|100%| E|CS|TAMS 0x000000008a900000, 0x000000008a900000| Complete 
| 124|0x000000008aa00000, 0x000000008ab00000, 0x000000008ab00000|100%| E|CS|TAMS 0x000000008aa00000, 0x000000008aa00000| Complete 
| 125|0x000000008ab00000, 0x000000008ac00000, 0x000000008ac00000|100%| E|CS|TAMS 0x000000008ab00000, 0x000000008ab00000| Complete 

Card table byte_map: [0x000001efa85c0000,0x000001efa89b0000] _byte_map_base: 0x000001efa81a9000

Marking Bits (Prev, Next): (CMBitMap*) 0x000001ef8e84fa88, (CMBitMap*) 0x000001ef8e84fac8
 Prev Bits: [0x000001efa8da0000, 0x000001efaace8000)
 Next Bits: [0x000001efaacf0000, 0x000001efacc38000)

Polling page: 0x000001ef8e690000

Metaspace:

Usage:
  Non-class:      9.48 MB capacity,     9.32 MB ( 98%) used,   138.51 KB (  1%) free+waste,    22.94 KB ( <1%) overhead. 
      Class:      1.18 MB capacity,     1.05 MB ( 90%) used,   112.02 KB (  9%) free+waste,    14.00 KB (  1%) overhead. 
       Both:     10.65 MB capacity,    10.37 MB ( 97%) used,   250.52 KB (  2%) free+waste,    36.94 KB ( <1%) overhead. 

Virtual space:
  Non-class space:       10.00 MB reserved,       9.50 MB ( 95%) committed 
      Class space:        1.00 GB reserved,       1.25 MB ( <1%) committed 
             Both:        1.01 GB reserved,      10.75 MB (  1%) committed 

Chunk freelists:
   Non-Class:  22.00 KB
       Class:  12.00 KB
        Both:  34.00 KB

MaxMetaspaceSize: 17179869184.00 GB
CompressedClassSpaceSize: 1.00 GB

CodeHeap 'non-profiled nmethods': size=120000Kb used=1033Kb max_used=1033Kb free=118966Kb
 bounds [0x000001efa0240000, 0x000001efa04b0000, 0x000001efa7770000]
CodeHeap 'profiled nmethods': size=120000Kb used=3202Kb max_used=3202Kb free=116797Kb
 bounds [0x000001ef98d10000, 0x000001ef99040000, 0x000001efa0240000]
CodeHeap 'non-nmethods': size=5760Kb used=1340Kb max_used=1370Kb free=4419Kb
 bounds [0x000001ef98770000, 0x000001ef989e0000, 0x000001ef98d10000]
 total_blobs=2989 nmethods=1569 adapters=563
 compilation: enabled
              stopped_count=0, restarted_count=0
 full_count=0

Compilation events (20 events):
Event: 12.686 Thread 0x000001efaf737000 1562       4       org.bytedeco.javacpp.FloatPointer::<init> (14 bytes)
Event: 12.688 Thread 0x000001efaf737000 nmethod 1562 0x000001efa0340c10 code [0x000001efa0340e00, 0x000001efa0341078]
Event: 12.688 Thread 0x000001efaf737000 1563       4       org.bytedeco.javacpp.helper.opencv_core$AbstractMat::arrayHeight (5 bytes)
Event: 12.689 Thread 0x000001efaf737000 nmethod 1563 0x000001efa0341290 code [0x000001efa0341420, 0x000001efa03414c8]
Event: 12.706 Thread 0x000001efaf73d800 1564       3       sun.java2d.SunGraphics2D::invalidatePipe (41 bytes)
Event: 12.706 Thread 0x000001efaf73d800 nmethod 1564 0x000001ef9902ef10 code [0x000001ef9902f0c0, 0x000001ef9902f3f8]
Event: 12.908 Thread 0x000001efaf737000 1565       4       org.bytedeco.javacpp.helper.opencv_core$AbstractMat::arrayStep (6 bytes)
Event: 12.910 Thread 0x000001efaf737000 nmethod 1565 0x000001efa0341590 code [0x000001efa0341720, 0x000001efa03417c8]
Event: 13.804 Thread 0x000001efaf73d800 1566       3       org.bytedeco.javacpp.Pointer::isNull (15 bytes)
Event: 13.804 Thread 0x000001efaf73d800 nmethod 1566 0x000001ef9902f490 code [0x000001ef9902f620, 0x000001ef9902f7b8]
Event: 13.848 Thread 0x000001efaf737000 1567       4       org.bytedeco.javacpp.helper.opencv_core$AbstractArray::createIndexer (389 bytes)
Event: 13.852 Thread 0x000001efaf737000 nmethod 1567 0x000001efa0341890 code [0x000001efa0341ac0, 0x000001efa0342020]
Event: 14.567 Thread 0x000001efaf73d800 1568       3       java.awt.Component::getFont_NoClientCode (29 bytes)
Event: 14.567 Thread 0x000001efaf73d800 nmethod 1568 0x000001ef9902f890 code [0x000001ef9902fa40, 0x000001ef9902fd48]
Event: 15.461 Thread 0x000001efaf73d800 1569       3       sun.java2d.pipe.Region::<init> (26 bytes)
Event: 15.461 Thread 0x000001efaf73d800 nmethod 1569 0x000001ef9902fe90 code [0x000001ef99030020, 0x000001ef99030198]
Event: 15.950 Thread 0x000001efaf73d800 1570       3       sun.java2d.pipe.Region::getInstanceXYXY (12 bytes)
Event: 15.950 Thread 0x000001efaf73d800 nmethod 1570 0x000001ef99030290 code [0x000001ef99030440, 0x000001ef99030658]
Event: 16.831 Thread 0x000001efaf73d800 1571       3       sun.awt.AWTAutoShutdown::getInstance (4 bytes)
Event: 16.831 Thread 0x000001efaf73d800 nmethod 1571 0x000001ef99030790 code [0x000001ef99030920, 0x000001ef99030a18]

GC Heap History (6 events):
Event: 0.910 GC heap before
{Heap before GC invocations=0 (full 0):
 garbage-first heap   total 129024K, used 23552K [0x0000000082e00000, 0x0000000100000000)
  region size 1024K, 23 young (23552K), 0 survivors (0K)
 Metaspace       used 3978K, capacity 6878K, committed 7168K, reserved 1056768K
  class space    used 375K, capacity 673K, committed 768K, reserved 1048576K
}
Event: 0.914 GC heap after
{Heap after GC invocations=1 (full 0):
 garbage-first heap   total 129024K, used 2127K [0x0000000082e00000, 0x0000000100000000)
  region size 1024K, 3 young (3072K), 3 survivors (3072K)
 Metaspace       used 3978K, capacity 6878K, committed 7168K, reserved 1056768K
  class space    used 375K, capacity 673K, committed 768K, reserved 1048576K
}
Event: 1.542 GC heap before
{Heap before GC invocations=1 (full 0):
 garbage-first heap   total 129024K, used 35919K [0x0000000082e00000, 0x0000000100000000)
  region size 1024K, 36 young (36864K), 3 survivors (3072K)
 Metaspace       used 4652K, capacity 7365K, committed 7680K, reserved 1056768K
  class space    used 409K, capacity 706K, committed 768K, reserved 1048576K
}
Event: 1.546 GC heap after
{Heap after GC invocations=2 (full 0):
 garbage-first heap   total 129024K, used 2285K [0x0000000082e00000, 0x0000000100000000)
  region size 1024K, 3 young (3072K), 3 survivors (3072K)
 Metaspace       used 4652K, capacity 7365K, committed 7680K, reserved 1056768K
  class space    used 409K, capacity 706K, committed 768K, reserved 1048576K
}
Event: 8.655 GC heap before
{Heap before GC invocations=2 (full 0):
 garbage-first heap   total 129024K, used 82157K [0x0000000082e00000, 0x0000000100000000)
  region size 1024K, 75 young (76800K), 3 survivors (3072K)
 Metaspace       used 10606K, capacity 10910K, committed 11008K, reserved 1058816K
  class space    used 1077K, capacity 1204K, committed 1280K, reserved 1048576K
}
Event: 8.662 GC heap after
{Heap after GC invocations=3 (full 0):
 garbage-first heap   total 129024K, used 10076K [0x0000000082e00000, 0x0000000100000000)
  region size 1024K, 4 young (4096K), 4 survivors (4096K)
 Metaspace       used 10606K, capacity 10910K, committed 11008K, reserved 1058816K
  class space    used 1077K, capacity 1204K, committed 1280K, reserved 1048576K
}

Deoptimization events (20 events):
Event: 4.140 Thread 0x000001ef8e80d000 DEOPT PACKING pc=0x000001ef990096c0 sp=0x000000b7a23ff2d0
Event: 4.140 Thread 0x000001ef8e80d000 DEOPT UNPACKING pc=0x000001ef987b964e sp=0x000000b7a23fe858 mode 0
Event: 4.140 Thread 0x000001ef8e80d000 DEOPT PACKING pc=0x000001ef990096c0 sp=0x000000b7a23ff2d0
Event: 4.140 Thread 0x000001ef8e80d000 DEOPT UNPACKING pc=0x000001ef987b964e sp=0x000000b7a23fe858 mode 0
Event: 4.365 Thread 0x000001ef8e80d000 DEOPT PACKING pc=0x000001ef9900c397 sp=0x000000b7a23ff350
Event: 4.365 Thread 0x000001ef8e80d000 DEOPT UNPACKING pc=0x000001ef987b964e sp=0x000000b7a23fe838 mode 0
Event: 4.595 Thread 0x000001ef8e80d000 Uncommon trap: trap_request=0xffffff45 fr.pc=0x000001efa031cd74 relative=0x0000000000000b34
Event: 4.595 Thread 0x000001ef8e80d000 Uncommon trap: reason=unstable_if action=reinterpret pc=0x000001efa031cd74 method=org.bytedeco.javacv.Java2DFrameConverter.flipCopyWithGamma(Ljava/nio/ByteBuffer;ILjava/nio/ByteBuffer;IZDZI)V @ 50 c2
Event: 4.595 Thread 0x000001ef8e80d000 DEOPT PACKING pc=0x000001efa031cd74 sp=0x000000b7a23ff390
Event: 4.595 Thread 0x000001ef8e80d000 DEOPT UNPACKING pc=0x000001ef987b912f sp=0x000000b7a23ff338 mode 2
Event: 5.039 Thread 0x000001ef8e80d000 DEOPT PACKING pc=0x000001ef9901b797 sp=0x000000b7a23ff350
Event: 5.039 Thread 0x000001ef8e80d000 DEOPT UNPACKING pc=0x000001ef987b964e sp=0x000000b7a23fe838 mode 0
Event: 5.274 Thread 0x000001ef8e80d000 DEOPT PACKING pc=0x000001ef9901b797 sp=0x000000b7a23ff350
Event: 5.274 Thread 0x000001ef8e80d000 DEOPT UNPACKING pc=0x000001ef987b964e sp=0x000000b7a23fe838 mode 0
Event: 5.497 Thread 0x000001ef8e80d000 DEOPT PACKING pc=0x000001ef9901b797 sp=0x000000b7a23ff350
Event: 5.497 Thread 0x000001ef8e80d000 DEOPT UNPACKING pc=0x000001ef987b964e sp=0x000000b7a23fe838 mode 0
Event: 5.722 Thread 0x000001ef8e80d000 DEOPT PACKING pc=0x000001ef9901b797 sp=0x000000b7a23ff350
Event: 5.722 Thread 0x000001ef8e80d000 DEOPT UNPACKING pc=0x000001ef987b964e sp=0x000000b7a23fe838 mode 0
Event: 5.946 Thread 0x000001ef8e80d000 DEOPT PACKING pc=0x000001ef9901b797 sp=0x000000b7a23ff350
Event: 5.946 Thread 0x000001ef8e80d000 DEOPT UNPACKING pc=0x000001ef987b964e sp=0x000000b7a23fe838 mode 0

Classes unloaded (0 events):
No events

Classes redefined (0 events):
No events

Internal exceptions (16 events):
Event: 0.246 Thread 0x000001ef8e80d000 Exception <a 'java/lang/NoSuchMethodError'{0x000000008a999a98}: 'int java.lang.invoke.DirectMethodHandle$Holder.invokeStaticInit(java.lang.Object, java.lang.Object, java.lang.Object, java.lang.Object)'> (0x000000008a999a98) 
thrown [t:/workspace/open/src/hotspot/share/interpreter/linkResolver.cpp, line 766]
Event: 0.249 Thread 0x000001ef8e80d000 Exception <a 'java/lang/IncompatibleClassChangeError'{0x000000008a9a38b8}: Found class java.lang.Object, but interface was expected> (0x000000008a9a38b8) 
thrown [t:/workspace/open/src/hotspot/share/interpreter/linkResolver.cpp, line 832]
Event: 0.252 Thread 0x000001ef8e80d000 Exception <a 'java/lang/NoSuchMethodError'{0x000000008a9a6908}: 'void java.lang.invoke.DirectMethodHandle$Holder.invokeStaticInit(java.lang.Object, java.lang.Object)'> (0x000000008a9a6908) 
thrown [t:/workspace/open/src/hotspot/share/interpreter/linkResolver.cpp, line 766]
Event: 0.257 Thread 0x000001ef8e80d000 Exception <a 'java/lang/NoSuchMethodError'{0x000000008a9ac428}: 'int java.lang.invoke.DirectMethodHandle$Holder.invokeStaticInit(java.lang.Object, java.lang.Object)'> (0x000000008a9ac428) 
thrown [t:/workspace/open/src/hotspot/share/interpreter/linkResolver.cpp, line 766]
Event: 0.418 Thread 0x000001ef8e80d000 Exception <a 'java/lang/NoSuchMethodError'{0x000000008a522a00}: 'java.lang.Object java.lang.invoke.DirectMethodHandle$Holder.invokeStatic(java.lang.Object, int, java.lang.Object)'> (0x000000008a522a00) 
thrown [t:/workspace/open/src/hotspot/share/interpreter/linkResolver.cpp, line 766]
Event: 2.490 Thread 0x000001ef8e80d000 Exception <a 'java/lang/ClassNotFoundException'{0x000000008aba4278}: sun/awt/resources/spi/awtProvider> (0x000000008aba4278) 
thrown [t:/workspace/open/src/hotspot/share/classfile/systemDictionary.cpp, line 226]
Event: 2.533 Thread 0x000001ef8e80d000 Exception <a 'java/io/FileNotFoundException'{0x000000008abeb5b0}> (0x000000008abeb5b0) 
thrown [t:/workspace/open/src/hotspot/share/prims/jni.cpp, line 599]
Event: 2.536 Thread 0x000001ef8e80d000 Exception <a 'java/io/FileNotFoundException'{0x000000008aa12320}> (0x000000008aa12320) 
thrown [t:/workspace/open/src/hotspot/share/prims/jni.cpp, line 599]
Event: 2.581 Thread 0x000001efb0d64800 Exception <a 'java/lang/NoSuchMethodError'{0x000000008aa85548}: 'void java.lang.invoke.DirectMethodHandle$Holder.invokeSpecial(java.lang.Object, java.lang.Object)'> (0x000000008aa85548) 
thrown [t:/workspace/open/src/hotspot/share/interpreter/linkResolver.cpp, line 766]
Event: 2.605 Thread 0x000001ef8e80d000 Exception <a 'java/lang/NoSuchMethodError'{0x000000008a957fe8}: 'java.lang.Object java.lang.invoke.DirectMethodHandle$Holder.invokeStatic(java.lang.Object, int, java.lang.Object, java.lang.Object, java.lang.Object, java.lang.Object)'> (0x000000008a957fe8) 
thrown [t:/workspace/open/src/hotspot/share/interpreter/linkResolver.cpp, line 766]
Event: 2.606 Thread 0x000001ef8e80d000 Exception <a 'java/lang/NoSuchMethodError'{0x000000008a95e908}: 'java.lang.Object java.lang.invoke.DirectMethodHandle$Holder.invokeStatic(java.lang.Object, int, java.lang.Object, java.lang.Object, java.lang.Object)'> (0x000000008a95e908) 
thrown [t:/workspace/open/src/hotspot/share/interpreter/linkResolver.cpp, line 766]
Event: 2.606 Thread 0x000001ef8e80d000 Exception <a 'java/lang/NoSuchMethodError'{0x000000008a962158}: 'java.lang.Object java.lang.invoke.DirectMethodHandle$Holder.invokeSpecial(java.lang.Object, java.lang.Object, int, java.lang.Object, java.lang.Object, java.lang.Object)'> (0x000000008a962158) 
thrown [t:/workspace/open/src/hotspot/share/interpreter/linkResolver.cpp, line 766]
Event: 2.621 Thread 0x000001ef8e80d000 Exception <a 'java/lang/ClassNotFoundException'{0x000000008a81c370}: com/sun/swing/internal/plaf/metal/resources/spi/metalProvider> (0x000000008a81c370) 
thrown [t:/workspace/open/src/hotspot/share/classfile/systemDictionary.cpp, line 226]
Event: 2.622 Thread 0x000001ef8e80d000 Exception <a 'java/lang/ClassNotFoundException'{0x000000008a820438}: com/sun/swing/internal/plaf/basic/resources/spi/basicProvider> (0x000000008a820438) 
thrown [t:/workspace/open/src/hotspot/share/classfile/systemDictionary.cpp, line 226]
Event: 2.651 Thread 0x000001efb15bc800 Exception <a 'java/lang/NoSuchMethodError'{0x000000008a71b628}: 'void java.lang.invoke.DirectMethodHandle$Holder.invokeStaticInit(java.lang.Object)'> (0x000000008a71b628) 
thrown [t:/workspace/open/src/hotspot/share/interpreter/linkResolver.cpp, line 766]
Event: 2.719 Thread 0x000001efb15bc800 Exception <a 'java/lang/NoSuchMethodError'{0x000000008a772048}: 'java.lang.Object java.lang.invoke.Invokers$Holder.linkToTargetMethod(java.lang.Object, int, java.lang.Object)'> (0x000000008a772048) 
thrown [t:/workspace/open/src/hotspot/share/interpreter/linkResolver.cpp, line 766]

Events (20 events):
Event: 4.141 Executing VM operation: HandshakeOneThread
Event: 4.141 Executing VM operation: HandshakeOneThread done
Event: 4.141 Executing VM operation: HandshakeOneThread
Event: 4.141 Executing VM operation: HandshakeOneThread done
Event: 8.639 loading class jdk/internal/math/FDBigInteger
Event: 8.640 loading class jdk/internal/math/FDBigInteger done
Event: 8.655 Executing VM operation: G1CollectForAllocation
Event: 8.662 Executing VM operation: G1CollectForAllocation done
Event: 8.672 Thread 0x000001efb1a0b000 Thread added: 0x000001efb1a0b000
Event: 8.855 Thread 0x000001efb1a0b000 Thread exited: 0x000001efb1a0b000
Event: 16.926 Executing VM operation: HandshakeOneThread
Event: 16.926 Executing VM operation: HandshakeOneThread done
Event: 16.926 Thread 0x000001efb0142000 Thread added: 0x000001efb0142000
Event: 16.926 Thread 0x000001efb4273000 Thread added: 0x000001efb4273000
Event: 16.927 Thread 0x000001efb4273000 Thread exited: 0x000001efb4273000
Event: 16.944 Executing VM operation: HandshakeOneThread
Event: 16.944 Executing VM operation: HandshakeOneThread done
Event: 16.944 Thread 0x000001efb0d64800 Thread exited: 0x000001efb0d64800
Event: 17.027 Thread 0x000001efb0142000 Thread exited: 0x000001efb0142000
Event: 17.028 Executing VM operation: Exit


Dynamic libraries:
0x00007ff7b3280000 - 0x00007ff7b328f000 	C:\Program Files\Java\jdk-14\bin\java.exe
0x00007ff92a820000 - 0x00007ff92aa10000 	C:\WINDOWS\SYSTEM32\ntdll.dll
0x00007ff928940000 - 0x00007ff9289f2000 	C:\WINDOWS\System32\KERNEL32.DLL
0x00007ff927c60000 - 0x00007ff927f03000 	C:\WINDOWS\System32\KERNELBASE.dll
0x00007ff9286f0000 - 0x00007ff9287ea000 	C:\WINDOWS\System32\ucrtbase.dll
0x00007ff905c00000 - 0x00007ff905c15000 	C:\Program Files\Java\jdk-14\bin\VCRUNTIME140.dll
0x00007ff905be0000 - 0x00007ff905bf8000 	C:\Program Files\Java\jdk-14\bin\jli.dll
0x00007ff929460000 - 0x00007ff929503000 	C:\WINDOWS\System32\ADVAPI32.dll
0x00007ff929190000 - 0x00007ff92922e000 	C:\WINDOWS\System32\msvcrt.dll
0x00007ff929a50000 - 0x00007ff929ae7000 	C:\WINDOWS\System32\sechost.dll
0x00007ff92a040000 - 0x00007ff92a160000 	C:\WINDOWS\System32\RPCRT4.dll
0x00007ff914700000 - 0x00007ff914985000 	C:\WINDOWS\WinSxS\amd64_microsoft.windows.common-controls_6595b64144ccf1df_6.0.18362.720_none_e6beb5c51314836b\COMCTL32.dll
0x00007ff929ea0000 - 0x00007ff92a034000 	C:\WINDOWS\System32\USER32.dll
0x00007ff929b60000 - 0x00007ff929e96000 	C:\WINDOWS\System32\combase.dll
0x00007ff9288a0000 - 0x00007ff9288c1000 	C:\WINDOWS\System32\win32u.dll
0x00007ff927930000 - 0x00007ff9279b0000 	C:\WINDOWS\System32\bcryptPrimitives.dll
0x00007ff929410000 - 0x00007ff929436000 	C:\WINDOWS\System32\GDI32.dll
0x00007ff927a00000 - 0x00007ff927b94000 	C:\WINDOWS\System32\gdi32full.dll
0x00007ff927ba0000 - 0x00007ff927c3e000 	C:\WINDOWS\System32\msvcp_win.dll
0x00007ff91e170000 - 0x00007ff91e17a000 	C:\WINDOWS\SYSTEM32\VERSION.dll
0x00007ff929160000 - 0x00007ff92918e000 	C:\WINDOWS\System32\IMM32.DLL
0x00007ff8dd2c0000 - 0x00007ff8dd35b000 	C:\Program Files\Java\jdk-14\bin\msvcp140.dll
0x00007ff89eeb0000 - 0x00007ff89f9cf000 	C:\Program Files\Java\jdk-14\bin\server\jvm.dll
0x00007ff929730000 - 0x00007ff929738000 	C:\WINDOWS\System32\PSAPI.DLL
0x00007ff8de420000 - 0x00007ff8de429000 	C:\WINDOWS\SYSTEM32\WSOCK32.dll
0x00007ff922c60000 - 0x00007ff922c84000 	C:\WINDOWS\SYSTEM32\WINMM.dll
0x00007ff929af0000 - 0x00007ff929b5f000 	C:\WINDOWS\System32\WS2_32.dll
0x00007ff922c30000 - 0x00007ff922c5d000 	C:\WINDOWS\SYSTEM32\winmmbase.dll
0x00007ff9279b0000 - 0x00007ff9279fa000 	C:\WINDOWS\System32\cfgmgr32.dll
0x00007ff927760000 - 0x00007ff927771000 	C:\WINDOWS\System32\kernel.appcore.dll
0x00007ff905bd0000 - 0x00007ff905bda000 	C:\Program Files\Java\jdk-14\bin\jimage.dll
0x00007ff925f90000 - 0x00007ff926184000 	C:\WINDOWS\SYSTEM32\DBGHELP.DLL
0x00007ff910ca0000 - 0x00007ff910cca000 	C:\WINDOWS\SYSTEM32\dbgcore.DLL
0x00007ff905ba0000 - 0x00007ff905bc5000 	C:\Program Files\Java\jdk-14\bin\java.dll
0x00007ff905b80000 - 0x00007ff905b97000 	C:\Program Files\Java\jdk-14\bin\zip.dll
0x00007ff928a70000 - 0x00007ff929155000 	C:\WINDOWS\System32\SHELL32.dll
0x00007ff92a160000 - 0x00007ff92a209000 	C:\WINDOWS\System32\shcore.dll
0x00007ff927f10000 - 0x00007ff928690000 	C:\WINDOWS\System32\windows.storage.dll
0x00007ff927780000 - 0x00007ff9277a3000 	C:\WINDOWS\System32\profapi.dll
0x00007ff927710000 - 0x00007ff92775a000 	C:\WINDOWS\System32\powrprof.dll
0x00007ff9276e0000 - 0x00007ff9276f0000 	C:\WINDOWS\System32\UMPDC.dll
0x00007ff9297c0000 - 0x00007ff929812000 	C:\WINDOWS\System32\shlwapi.dll
0x00007ff927c40000 - 0x00007ff927c57000 	C:\WINDOWS\System32\cryptsp.dll
0x00007ff8f8190000 - 0x00007ff8f81a9000 	C:\Program Files\Java\jdk-14\bin\net.dll
0x00007ff924dc0000 - 0x00007ff924eb1000 	C:\WINDOWS\SYSTEM32\WINHTTP.dll
0x00007ff926f50000 - 0x00007ff926fb7000 	C:\WINDOWS\system32\mswsock.dll
0x00007ff8f8170000 - 0x00007ff8f8182000 	C:\Program Files\Java\jdk-14\bin\nio.dll
0x00007ff8bbfc0000 - 0x00007ff8bc011000 	C:\Users\Tamir\.javacpp\cache\opencv-3.4.0-1.4-windows-x86_64.jar\org\bytedeco\javacpp\windows-x86_64\concrt140.dll
0x00007ff8bb140000 - 0x00007ff8bb1dd000 	C:\Users\Tamir\.javacpp\cache\opencv-3.4.0-1.4-windows-x86_64.jar\org\bytedeco\javacpp\windows-x86_64\msvcp140.dll
0x00007ff8d2a40000 - 0x00007ff8d2a57000 	C:\Users\Tamir\.javacpp\cache\opencv-3.4.0-1.4-windows-x86_64.jar\org\bytedeco\javacpp\windows-x86_64\vcruntime140.dll
0x000001ef8e8d0000 - 0x000001ef8e8d3000 	C:\Users\Tamir\.javacpp\cache\opencv-3.4.0-1.4-windows-x86_64.jar\org\bytedeco\javacpp\windows-x86_64\api-ms-win-crt-locale-l1-1-0.dll
0x000001ef8e8e0000 - 0x000001ef8e8e4000 	C:\Users\Tamir\.javacpp\cache\opencv-3.4.0-1.4-windows-x86_64.jar\org\bytedeco\javacpp\windows-x86_64\api-ms-win-crt-string-l1-1-0.dll
0x000001efb1c20000 - 0x000001efb1c24000 	C:\Users\Tamir\.javacpp\cache\opencv-3.4.0-1.4-windows-x86_64.jar\org\bytedeco\javacpp\windows-x86_64\api-ms-win-crt-stdio-l1-1-0.dll
0x000001efb1c30000 - 0x000001efb1c35000 	C:\Users\Tamir\.javacpp\cache\opencv-3.4.0-1.4-windows-x86_64.jar\org\bytedeco\javacpp\windows-x86_64\api-ms-win-crt-math-l1-1-0.dll
0x000001efb1c40000 - 0x000001efb1c43000 	C:\Users\Tamir\.javacpp\cache\opencv-3.4.0-1.4-windows-x86_64.jar\org\bytedeco\javacpp\windows-x86_64\api-ms-win-crt-heap-l1-1-0.dll
0x000001efb1c50000 - 0x000001efb1c54000 	C:\Users\Tamir\.javacpp\cache\opencv-3.4.0-1.4-windows-x86_64.jar\org\bytedeco\javacpp\windows-x86_64\api-ms-win-crt-runtime-l1-1-0.dll
0x000001efb1c60000 - 0x000001efb1c64000 	C:\Users\Tamir\.javacpp\cache\opencv-3.4.0-1.4-windows-x86_64.jar\org\bytedeco\javacpp\windows-x86_64\api-ms-win-crt-convert-l1-1-0.dll
0x000001efb1c70000 - 0x000001efb1c73000 	C:\Users\Tamir\.javacpp\cache\opencv-3.4.0-1.4-windows-x86_64.jar\org\bytedeco\javacpp\windows-x86_64\api-ms-win-crt-environment-l1-1-0.dll
0x000001efb1c80000 - 0x000001efb1c83000 	C:\Users\Tamir\.javacpp\cache\opencv-3.4.0-1.4-windows-x86_64.jar\org\bytedeco\javacpp\windows-x86_64\api-ms-win-crt-time-l1-1-0.dll
0x000001efb1c90000 - 0x000001efb1c93000 	C:\Users\Tamir\.javacpp\cache\opencv-3.4.0-1.4-windows-x86_64.jar\org\bytedeco\javacpp\windows-x86_64\api-ms-win-crt-filesystem-l1-1-0.dll
0x000001efb1ca0000 - 0x000001efb1ca3000 	C:\Users\Tamir\.javacpp\cache\opencv-3.4.0-1.4-windows-x86_64.jar\org\bytedeco\javacpp\windows-x86_64\api-ms-win-crt-utility-l1-1-0.dll
0x000001efb1cb0000 - 0x000001efb1cb5000 	C:\Users\Tamir\.javacpp\cache\opencv-3.4.0-1.4-windows-x86_64.jar\org\bytedeco\javacpp\windows-x86_64\api-ms-win-crt-multibyte-l1-1-0.dll
0x00007ff8a7420000 - 0x00007ff8a7726000 	C:\Users\Tamir\.javacpp\cache\opencv-3.4.0-1.4-windows-x86_64.jar\org\bytedeco\javacpp\windows-x86_64\opencv_core340.dll
0x00007ff8a53d0000 - 0x00007ff8a57dc000 	C:\Users\Tamir\.javacpp\cache\opencv-3.4.0-1.4-windows-x86_64.jar\org\bytedeco\javacpp\windows-x86_64\opencv_imgproc340.dll
0x00007ff8a2200000 - 0x00007ff8a257b000 	C:\Users\Tamir\.javacpp\cache\opencv-3.4.0-1.4-windows-x86_64.jar\org\bytedeco\javacpp\windows-x86_64\jniopencv_core.dll
0x00007ff8a72c0000 - 0x00007ff8a7415000 	C:\Users\Tamir\.javacpp\cache\opencv-3.4.0-1.4-windows-x86_64.jar\org\bytedeco\javacpp\windows-x86_64\jniopencv_imgproc.dll
0x00007ff89ebe0000 - 0x00007ff89eeac000 	C:\Users\Tamir\.javacpp\cache\opencv-3.4.0-1.4-windows-x86_64.jar\org\bytedeco\javacpp\windows-x86_64\opencv_imgcodecs340.dll
0x00007ff8cbdf0000 - 0x00007ff8cbe24000 	C:\Users\Tamir\.javacpp\cache\opencv-3.4.0-1.4-windows-x86_64.jar\org\bytedeco\javacpp\windows-x86_64\jniopencv_imgcodecs.dll
0x00007ff8bb260000 - 0x00007ff8bb2ab000 	C:\Users\Tamir\.javacpp\cache\opencv-3.4.0-1.4-windows-x86_64.jar\org\bytedeco\javacpp\windows-x86_64\opencv_videoio340.dll
0x00007ff92a210000 - 0x00007ff92a367000 	C:\WINDOWS\System32\ole32.dll
0x00007ff929520000 - 0x00007ff9295e4000 	C:\WINDOWS\System32\OLEAUT32.dll
0x00007ff8cbe70000 - 0x00007ff8cbe90000 	C:\WINDOWS\SYSTEM32\AVIFIL32.dll
0x00007ff8cc870000 - 0x00007ff8cc888000 	C:\WINDOWS\SYSTEM32\AVICAP32.dll
0x00007ff91efb0000 - 0x00007ff91efcc000 	C:\WINDOWS\SYSTEM32\MSACM32.dll
0x00007ff8bebf0000 - 0x00007ff8bec19000 	C:\WINDOWS\SYSTEM32\MSVFW32.dll
0x00007ff8be480000 - 0x00007ff8be49f000 	C:\Users\Tamir\.javacpp\cache\opencv-3.4.0-1.4-windows-x86_64.jar\org\bytedeco\javacpp\windows-x86_64\jniopencv_videoio.dll
0x00007ff9246a0000 - 0x00007ff924739000 	C:\WINDOWS\system32\uxtheme.dll
0x00007ff929230000 - 0x00007ff9292d2000 	C:\WINDOWS\System32\clbcatq.dll
0x00007ff8be460000 - 0x00007ff8be478000 	C:\Windows\System32\devenum.dll
0x00007ff92a370000 - 0x00007ff92a7e0000 	C:\WINDOWS\System32\setupapi.dll
0x00007ff927900000 - 0x00007ff927926000 	C:\WINDOWS\System32\bcrypt.dll
0x00007ff926740000 - 0x00007ff926771000 	C:\WINDOWS\SYSTEM32\ntmarta.dll
0x00007ff9274e0000 - 0x00007ff92750a000 	C:\WINDOWS\SYSTEM32\DEVOBJ.dll
0x00007ff928690000 - 0x00007ff9286ec000 	C:\WINDOWS\System32\WINTRUST.dll
0x00007ff9276f0000 - 0x00007ff927702000 	C:\WINDOWS\System32\MSASN1.dll
0x00007ff9277b0000 - 0x00007ff9278f9000 	C:\WINDOWS\System32\CRYPT32.dll
0x00007ff8dc330000 - 0x00007ff8dc33b000 	C:\WINDOWS\SYSTEM32\msdmo.dll
0x00007ff8bae40000 - 0x00007ff8bae74000 	C:\Windows\System32\qcap.dll
0x00007ff8a6950000 - 0x00007ff8a6b14000 	C:\Windows\System32\quartz.dll
0x00007ff9295f0000 - 0x00007ff929726000 	C:\WINDOWS\System32\MSCTF.dll
0x00007ff8bad30000 - 0x00007ff8bad7c000 	C:\Windows\System32\mfksproxy.dll
0x00007ff90ca30000 - 0x00007ff90ca4c000 	C:\Windows\System32\ATL.DLL
0x00007ff920650000 - 0x00007ff92084a000 	C:\Windows\System32\MFPlat.DLL
0x00007ff920280000 - 0x00007ff9202af000 	C:\Windows\System32\RTWorkQ.DLL
0x00007ff89e7f0000 - 0x00007ff89ebdc000 	C:\Windows\System32\MFCORE.dll
0x00007ff9250d0000 - 0x00007ff9250d9000 	C:\Windows\System32\ksuser.dll
0x00007ff927120000 - 0x00007ff92712c000 	C:\Windows\System32\CRYPTBASE.DLL
0x00007ff8bacd0000 - 0x00007ff8bad25000 	C:\Windows\System32\FSClient.dll
0x00007ff9263e0000 - 0x00007ff9264cb000 	C:\Windows\System32\dxgi.dll
0x00007ff923370000 - 0x00007ff9235cb000 	C:\Windows\System32\d3d11.dll
0x00007ff926350000 - 0x00007ff926370000 	C:\WINDOWS\SYSTEM32\dxcore.dll
0x00007ff8ba4b0000 - 0x00007ff8ba50c000 	C:\Windows\System32\MFSENSORGROUP.dll
0x00007ff920d90000 - 0x00007ff920d9a000 	C:\Windows\System32\AVRT.dll
0x00007ff8d4f20000 - 0x00007ff8d4f2d000 	C:\Windows\System32\vidcap.ax
0x00007ff8ba1e0000 - 0x00007ff8ba206000 	C:\Windows\System32\kswdmcap.ax
0x00007ff8a2090000 - 0x00007ff8a21f2000 	C:\Windows\System32\MFC42.dll
0x00007ff8ba030000 - 0x00007ff8ba169000 	C:\Windows\System32\MFReadWrite.dll
0x00007ff8a7210000 - 0x00007ff8a72b1000 	C:\Windows\System32\qedit.dll
0x00007ff929340000 - 0x00007ff929410000 	C:\WINDOWS\System32\COMDLG32.dll
0x00007ff919830000 - 0x00007ff9199d3000 	C:\WINDOWS\WinSxS\amd64_microsoft.windows.gdiplus_6595b64144ccf1df_1.1.18362.720_none_17a9a8aa6da6fd39\gdiplus.dll
0x00007ff8eec90000 - 0x00007ff8eed87000 	C:\Windows\System32\DDRAW.dll
0x00007ff9122a0000 - 0x00007ff9122a8000 	C:\Windows\System32\DCIMAN32.dll
0x00007ff89e000000 - 0x00007ff89e198000 	C:\Program Files\Java\jdk-14\bin\awt.dll
0x00007ff924190000 - 0x00007ff92421f000 	C:\WINDOWS\SYSTEM32\apphelp.dll
0x00007ff925a20000 - 0x00007ff925a4d000 	C:\WINDOWS\system32\DWMAPI.DLL
0x00007ff8fd350000 - 0x00007ff8fd4a6000 	C:\WINDOWS\system32\opengl32.dll
0x00007ff9021d0000 - 0x00007ff9021fc000 	C:\WINDOWS\SYSTEM32\GLU32.dll
0x00007ff8a7180000 - 0x00007ff8a7202000 	C:\Program Files\Java\jdk-14\bin\freetype.dll
0x00007ff8a68a0000 - 0x00007ff8a6946000 	C:\Program Files\Java\jdk-14\bin\fontmanager.dll
0x00007ff919c50000 - 0x00007ff919cee000 	C:\WINDOWS\System32\TextInputFramework.dll
0x00007ff9202b0000 - 0x00007ff9205da000 	C:\WINDOWS\System32\CoreUIComponents.dll
0x00007ff923f80000 - 0x00007ff924054000 	C:\WINDOWS\System32\CoreMessaging.dll
0x00007ff9242d0000 - 0x00007ff924423000 	C:\WINDOWS\SYSTEM32\wintypes.dll
0x00007ff919630000 - 0x00007ff919695000 	C:\WINDOWS\system32\Oleacc.dll
0x00007ff9158a0000 - 0x00007ff915b46000 	C:\WINDOWS\System32\iertutil.dll

dbghelp: loaded successfully - version: 4.0.5 - missing functions: none
symbol engine: initialized successfully - sym options: 0x614 - pdb path: .;C:\Program Files\Java\jdk-14\bin;C:\WINDOWS\SYSTEM32;C:\WINDOWS\WinSxS\amd64_microsoft.windows.common-controls_6595b64144ccf1df_6.0.18362.720_none_e6beb5c51314836b;C:\Program Files\Java\jdk-14\bin\server;C:\Users\Tamir\.javacpp\cache\opencv-3.4.0-1.4-windows-x86_64.jar\org\bytedeco\javacpp\windows-x86_64;C:\WINDOWS\WinSxS\amd64_microsoft.windows.gdiplus_6595b64144ccf1df_1.1.18362.720_none_17a9a8aa6da6fd39

VM Arguments:
jvm_args: -Dfile.encoding=UTF-8 
java_command: com.emaraic.distance.DistanceMeasurement
java_class_path (initial): C:\real-time-distance-measurement-master\target\classes;C:\Users\Tamir\.m2\repository\org\bytedeco\javacv-platform\1.4\javacv-platform-1.4.jar;C:\Users\Tamir\.m2\repository\org\bytedeco\javacv\1.4\javacv-1.4.jar;C:\Users\Tamir\.m2\repository\org\bytedeco\javacpp\1.4\javacpp-1.4.jar;C:\Users\Tamir\.m2\repository\org\bytedeco\javacpp-presets\opencv\3.4.0-1.4\opencv-3.4.0-1.4.jar;C:\Users\Tamir\.m2\repository\org\bytedeco\javacpp-presets\ffmpeg\3.4.1-1.4\ffmpeg-3.4.1-1.4.jar;C:\Users\Tamir\.m2\repository\org\bytedeco\javacpp-presets\flycapture\2.11.3.121-1.4\flycapture-2.11.3.121-1.4.jar;C:\Users\Tamir\.m2\repository\org\bytedeco\javacpp-presets\libdc1394\2.2.5-1.4\libdc1394-2.2.5-1.4.jar;C:\Users\Tamir\.m2\repository\org\bytedeco\javacpp-presets\libfreenect\0.5.3-1.4\libfreenect-0.5.3-1.4.jar;C:\Users\Tamir\.m2\repository\org\bytedeco\javacpp-presets\libfreenect2\0.2.0-1.4\libfreenect2-0.2.0-1.4.jar;C:\Users\Tamir\.m2\repository\org\bytedeco\javacpp-presets\librealsense\1.12.1-1.4\librealsense-1.12.1-1.4.jar;C:\Users\Tamir\.m2\repository\org\bytedeco\javacpp-presets\videoinput\0.200-1.4\videoinput-0.200-1.4.jar;C:\Users\Tamir\.m2\repository\org\bytedeco\javacpp-presets\artoolkitplus\2.3.1-1.4\artoolkitplus-2.3.1-1.4.jar;C:\Users\Tamir\.m2\repository\org\bytedeco\javacpp-presets\flandmark\1.07-1.4\flandmark-1.07-1.4.jar;C:\Users\Tamir\.m2\repository\org\bytedeco\javacpp-presets\opencv-platform\3.4.0-1.4\opencv-platform-3.4.0-1.4.jar;C:\Users\Tamir\.m2\repository\org\bytedeco\javacpp-presets\opencv\3.4.0-1.4\opencv-3.4.0-1.4-android-arm.jar;C:\Users\Tamir\.m2\repository\org\bytedeco\javacpp-presets\opencv\3.4.0-1.4\opencv-3.4.0-1.4-android-x86.jar;C:\Users\Tamir\.m2\repository\org\bytedeco\javacpp-presets\opencv\3.4.0-1.4\opencv-3.4.0-1.4-linux-x86.jar;C:\Users\Tamir\.m2\repository\org\bytedeco\javacpp-presets\opencv\3.4.0-1.4\opencv-3.4.0-1.4-linux-x86_64.jar;C:\Users\Tamir\.m2\repository\org\bytedeco\javacpp-presets\opencv\3.4.0-1.4\opencv
Launcher Type: SUN_STANDARD

[Global flags]
     intx CICompilerCount                          = 4                                         {product} {ergonomic}
     uint ConcGCThreads                            = 2                                         {product} {ergonomic}
     uint G1ConcRefinementThreads                  = 8                                         {product} {ergonomic}
   size_t G1HeapRegionSize                         = 1048576                                   {product} {ergonomic}
    uintx GCDrainStackTargetSize                   = 64                                        {product} {ergonomic}
   size_t InitialHeapSize                          = 132120576                                 {product} {ergonomic}
   size_t MarkStackSize                            = 4194304                                   {product} {ergonomic}
   size_t MaxHeapSize                              = 2099249152                                {product} {ergonomic}
   size_t MaxNewSize                               = 1259339776                                {product} {ergonomic}
   size_t MinHeapDeltaBytes                        = 1048576                                   {product} {ergonomic}
   size_t MinHeapSize                              = 8388608                                   {product} {ergonomic}
    uintx NonNMethodCodeHeapSize                   = 5839372                                {pd product} {ergonomic}
    uintx NonProfiledCodeHeapSize                  = 122909434                              {pd product} {ergonomic}
    uintx ProfiledCodeHeapSize                     = 122909434                              {pd product} {ergonomic}
    uintx ReservedCodeCacheSize                    = 251658240                              {pd product} {ergonomic}
     bool SegmentedCodeCache                       = true                                      {product} {ergonomic}
   size_t SoftMaxHeapSize                          = 2099249152                             {manageable} {ergonomic}
     bool UseCompressedClassPointers               = true                                 {lp64_product} {ergonomic}
     bool UseCompressedOops                        = true                                 {lp64_product} {ergonomic}
     bool UseG1GC                                  = true                                      {product} {ergonomic}
     bool UseLargePagesIndividualAllocation        = false                                  {pd product} {ergonomic}

Logging:
Log output configuration:
 #0: stdout all=off uptime,level,tags
 #1: stderr all=off uptime,level,tags

Environment Variables:
JAVA_HOME=C:\Program Files\Java\jdk-14
JRE_HOME=C:\Program Files (x86)\Java\jre1.8.0_241
PATH=C:\Users\Tamir\Documents\apache-ant-1.10.7\bin;C:\src\flutter\bin;C:\Program Files\Git\cmd;C:\Program Files\Java\jdk-14\bin;C:\Program Files\Git;C:\WINDOWS\system32;C:\Windows\System32;C:\Windows\System32\WindowsPowerShell\v1.0;C:\Gradle\gradle-6.2.2\bin;C:\Program Files\dotnet\;C:\Users\Tamir\AppData\Roaming\Python\Python38\Scripts;C:\Users\Tamir\AppData\Local\Programs\Python\Python38-32\Scripts\;C:\Users\Tamir\AppData\Local\Programs\Python\Python38-32\;C:\src\flutter\bin;C:\Users\Tamir\AppData\Local\GitHubDesktop\bin;C:\Users\Tamir\AppData\Local\atom\bin;C:\Users\Tamir\AppData\Local\Programs\Microsoft VS Code\bin;C:\Python27\Scripts;C:\Program Files\Java\jdk-14\bin;C:\Program Files (x86)\Java\jre1.8.0_241\bin;
USERNAME=Tamir
OS=Windows_NT
PROCESSOR_IDENTIFIER=Intel64 Family 6 Model 142 Stepping 10, GenuineIntel



---------------  S Y S T E M  ---------------

OS: Windows 10 , 64 bit Build 18362 (10.0.18362.329)
OS uptime: 0 days 0:40 hours

CPU:total 8 (initial active 8) (4 cores per cpu, 2 threads per core) family 6 model 142 stepping 10, cmov, cx8, fxsr, mmx, sse, sse2, sse3, ssse3, sse4.1, sse4.2, popcnt, avx, avx2, aes, clmul, erms, 3dnowpref, lzcnt, ht, tsc, tscinvbit, bmi1, bmi2, adx, fma

Memory: 4k page, system-wide physical 8007M (530M free)
TotalPageFile size 24391M (AvailPageFile size 11579M)
current process WorkingSet (physical memory assigned to process): 358M, peak: 358M
current process commit charge ("private bytes"): 334M, peak: 336M

vm_info: Java HotSpot(TM) 64-Bit Server VM (14+36-1461) for windows-amd64 JRE (14+36-1461), built on Feb  6 2020 19:08:04 by "mach5one" with MS VC++ 15.9 (VS2017)

END.
