#
# A fatal error has been detected by the Java Runtime Environment:
#
#  Internal Error (0xc000000d), pid=18996, tid=13500
#
# JRE version: Java(TM) SE Runtime Environment (13.0.2+8) (build 13.0.2+8)
# Java VM: Java HotSpot(TM) 64-Bit Server VM (13.0.2+8, mixed mode, sharing, tiered, compressed oops, g1 gc, windows-amd64)
# Problematic frame:
# C  [ntdll.dll+0x10f260]
#
# No core dump will be written. Minidumps are not enabled by default on client versions of Windows
#
# If you would like to submit a bug report, please visit:
#   http://bugreport.java.com/bugreport/crash.jsp
#

---------------  S U M M A R Y ------------

Command Line: -javaagent:C:\Users\Tamir\AppData\Local\JetBrains\IntelliJ IDEA 2019.2.3\lib\idea_rt.jar=61228:C:\Users\Tamir\AppData\Local\JetBrains\IntelliJ IDEA 2019.2.3\bin -Dfile.encoding=UTF-8 com.emaraic.distance.DistanceMeasurement

Host: Intel(R) Core(TM) i7-8550U CPU @ 1.80GHz, 8 cores, 7G,  Windows 10 , 64 bit Build 18362 (10.0.18362.329)
Time: Thu Apr  9 12:23:16 2020 Jerusalem Daylight Time elapsed time: 283 seconds (0d 0h 4m 43s)

---------------  T H R E A D  ---------------

Current thread (0x0000025ea8edd800):  VMThread "VM Thread" [stack: 0x0000008e06300000,0x0000008e06400000] [id=13500]

Stack: [0x0000008e06300000,0x0000008e06400000],  sp=0x0000008e063fe970,  free space=1018k
Native frames: (J=compiled Java code, j=interpreted, Vv=VM code, C=native code)
C  [ntdll.dll+0x10f260]
C  [ntdll.dll+0x365bb]
C  [ntdll.dll+0x36604]
C  [RTWorkQ.DLL+0xa7a9]


siginfo: EXCEPTION_?? (0xc000000d)


Register to memory mapping:

RIP=0x00007ff92a92f260 ntdll.dll
RAX=0x0 is NULL
RBX=0x0000025eaa3b6a50 points into unknown readable memory: 01 00 00 00 00 00 00 00
RCX=0x0 is NULL
RDX=0x0 is NULL
RSP=0x0000008e063fe970 points into unknown readable memory: 57 00 00 00 00 00 00 00
RBP=0x0000025eaba00620 points into unknown readable memory: 08 80 29 20 f9 7f 00 00
RSI=0x0000025eaba00858 points into unknown readable memory: 40 84 29 20 f9 7f 00 00
RDI=0x0000025e87f6b8a0 points into unknown readable memory: 00 00 00 00 00 00 00 00
R8 =0x0 is NULL
R9 =0x0 is NULL
R10=0x0 is NULL
R11=0x0 is NULL
R12=0x0 is NULL
R13=0x0 is NULL
R14=0x0000025e87f6da30 points into unknown readable memory: 20 86 29 20 f9 7f 00 00
R15=0x0000025eab9e88e0 points into unknown readable memory: d0 85 29 20 f9 7f 00 00


Registers:
RAX=0x0000000000000000, RBX=0x0000025eaa3b6a50, RCX=0x0000000000000000, RDX=0x0000000000000000
RSP=0x0000008e063fe970, RBP=0x0000025eaba00620, RSI=0x0000025eaba00858, RDI=0x0000025e87f6b8a0
R8 =0x0000000000000000, R9 =0x0000000000000000, R10=0x0000000000000000, R11=0x0000000000000000
R12=0x0000000000000000, R13=0x0000000000000000, R14=0x0000025e87f6da30, R15=0x0000025eab9e88e0
RIP=0x00007ff92a92f260, EFLAGS=0x0000000000000202

Top of Stack: (sp=0x0000008e063fe970)
0x0000008e063fe970:   0000000000000057 0000025eaa3b6a50
0x0000008e063fe980:   0000025eaba00858 00007ff92a84d04a
0x0000008e063fe990:   00000000c000000d 0000000000000000
0x0000008e063fe9a0:   00007ff92a92f260 0000000000000000
0x0000008e063fe9b0:   0000000000000000 0000000000000000
0x0000008e063fe9c0:   0000000000000000 0000000000000000
0x0000008e063fe9d0:   0000000000000000 0000000000000000
0x0000008e063fe9e0:   0000000000000000 0000000000000000
0x0000008e063fe9f0:   0000000000000000 0000000000000000
0x0000008e063fea00:   0000000000000000 0000000000000000
0x0000008e063fea10:   0000000000000000 0000000000000000
0x0000008e063fea20:   0000000000000000 0000000000000000
0x0000008e063fea30:   0000887c7ca3c6a9 0000000000000000
0x0000008e063fea40:   0000000000000000 00007ff92a8565bb
0x0000008e063fea50:   0000000000000000 0000000000000000
0x0000008e063fea60:   0000000000000000 0000000000000000 

Instructions: (pc=0x00007ff92a92f260)
0x00007ff92a92f160:   5f c3 cc cc cc cc cc cc 48 81 ec d8 00 00 00 48
0x00007ff92a92f170:   8b 05 6a e3 06 00 48 33 c4 48 89 84 24 c0 00 00
0x00007ff92a92f180:   00 4d 85 c0 74 33 4d 8b 48 50 48 8d 05 ef f8 f1
0x00007ff92a92f190:   ff c7 44 24 38 05 00 00 00 4c 3b c8 75 0a 49 8b
0x00007ff92a92f1a0:   40 58 4c 8b 50 20 eb 03 45 33 d2 4d 85 d2 4d 0f
0x00007ff92a92f1b0:   45 ca 4c 89 4c 24 60 eb 08 c7 44 24 38 04 00 00
0x00007ff92a92f1c0:   00 48 83 64 24 28 00 48 83 64 24 58 00 48 63 c1
0x00007ff92a92f1d0:   48 8d 4c 24 20 48 89 44 24 40 c7 44 24 20 0a 07
0x00007ff92a92f1e0:   00 c0 48 89 54 24 48 4c 89 44 24 50 c7 44 24 24
0x00007ff92a92f1f0:   01 00 00 00 e8 f7 ac f5 ff 48 8b 8c 24 c0 00 00
0x00007ff92a92f200:   00 48 33 cc e8 a7 cf f7 ff 48 81 c4 d8 00 00 00
0x00007ff92a92f210:   c3 cc cc cc cc cc cc cc 48 81 ec d8 00 00 00 48
0x00007ff92a92f220:   8b 05 ba e2 06 00 48 33 c4 48 89 84 24 c0 00 00
0x00007ff92a92f230:   00 33 d2 41 b8 94 00 00 00 48 8d 4c 24 24 e8 bd
0x00007ff92a92f240:   3d f9 ff c7 44 24 20 0d 00 00 c0 b9 57 00 00 00
0x00007ff92a92f250:   e8 3b 43 f4 ff 90 48 8d 4c 24 20 e8 90 ac f5 ff
0x00007ff92a92f260:   eb 00 48 8b 8c 24 c0 00 00 00 48 33 cc e8 3e cf
0x00007ff92a92f270:   f7 ff 48 81 c4 d8 00 00 00 c3 40 55 48 83 ec 20
0x00007ff92a92f280:   48 8b ea e8 10 00 00 00 90 48 83 c4 20 5d c3 cc
0x00007ff92a92f290:   cc cc cc cc cc cc cc cc 48 83 ec 28 48 8b 51 08
0x00007ff92a92f2a0:   41 b8 03 00 00 00 48 8b 09 e8 c2 c8 fc ff 33 c0
0x00007ff92a92f2b0:   48 83 c4 28 c3 cc cc cc cc cc cc cc 48 8b 01 48
0x00007ff92a92f2c0:   83 c9 ff 8b 10 e9 66 d3 f8 ff cc cc cc cc cc cc
0x00007ff92a92f2d0:   4c 8b dc 48 81 ec 88 00 00 00 48 8b 05 ff e1 06
0x00007ff92a92f2e0:   00 48 33 c4 48 89 44 24 70 48 8b 84 24 b0 00 00
0x00007ff92a92f2f0:   00 41 ba 24 1c 00 00 49 89 43 d8 8b 84 24 b8 00
0x00007ff92a92f300:   00 00 66 45 89 53 9e 49 89 4b b8 49 89 53 c0 4d
0x00007ff92a92f310:   89 43 c8 4d 89 4b d0 89 44 24 68 e8 90 09 f3 ff
0x00007ff92a92f320:   85 c0 74 19 65 48 8b 04 25 60 00 00 00 48 8b 88
0x00007ff92a92f330:   90 00 00 00 48 81 c1 2c 02 00 00 eb 05 b9 86 03
0x00007ff92a92f340:   fe 7f 0f b6 09 4c 8d 4c 24 20 ba 03 04 00 00 41
0x00007ff92a92f350:   b8 2c 00 00 00 e8 06 d9 f8 ff 48 8b 4c 24 70 48 


Stack slot to memory mapping:
stack at sp + 0 slots: 0x0000000000000057 is an unknown value
stack at sp + 1 slots: 0x0000025eaa3b6a50 points into unknown readable memory: 01 00 00 00 00 00 00 00
stack at sp + 2 slots: 0x0000025eaba00858 points into unknown readable memory: 40 84 29 20 f9 7f 00 00
stack at sp + 3 slots: 0x00007ff92a84d04a ntdll.dll
stack at sp + 4 slots: 
[error occurred during error reporting (inspecting top of stack), id 0xc0000005, EXCEPTION_ACCESS_VIOLATION (0xc0000005) at pc=0x00007ff8b5ab69bf]

VM_Operation (0x0000008e07dfe5b0): Exit, mode: safepoint, requested by thread 0x0000025eaa966000


---------------  P R O C E S S  ---------------

Threads class SMR info:
_java_thread_list=0x0000025eaa581f20, length=15, elements={
0x0000025e8a0d1800, 0x0000025ea8ee0000, 0x0000025ea8ee3000, 0x0000025ea8efb000,
0x0000025ea8efc000, 0x0000025ea8efe800, 0x0000025ea8eff800, 0x0000025ea8f0a000,
0x0000025ea9942000, 0x0000025ea9e41000, 0x0000025ea9e42000, 0x0000025ea9ed2000,
0x0000025eaa39d800, 0x0000025eaa3a1000, 0x0000025eaa966000
}

Java Threads: ( => current thread )
  0x0000025e8a0d1800 JavaThread "main" [_thread_blocked, id=4160, stack(0x0000008e05d00000,0x0000008e05e00000)]
  0x0000025ea8ee0000 JavaThread "Reference Handler" daemon [_thread_blocked, id=6248, stack(0x0000008e06400000,0x0000008e06500000)]
  0x0000025ea8ee3000 JavaThread "Finalizer" daemon [_thread_blocked, id=7920, stack(0x0000008e06500000,0x0000008e06600000)]
  0x0000025ea8efb000 JavaThread "Signal Dispatcher" daemon [_thread_blocked, id=19424, stack(0x0000008e06600000,0x0000008e06700000)]
  0x0000025ea8efc000 JavaThread "Attach Listener" daemon [_thread_blocked, id=6192, stack(0x0000008e06700000,0x0000008e06800000)]
  0x0000025ea8efe800 JavaThread "C2 CompilerThread0" daemon [_thread_blocked, id=4492, stack(0x0000008e06800000,0x0000008e06900000)]
  0x0000025ea8eff800 JavaThread "C1 CompilerThread0" daemon [_thread_blocked, id=2888, stack(0x0000008e06900000,0x0000008e06a00000)]
  0x0000025ea8f0a000 JavaThread "Sweeper thread" daemon [_thread_blocked, id=17788, stack(0x0000008e06a00000,0x0000008e06b00000)]
  0x0000025ea9942000 JavaThread "Common-Cleaner" daemon [_thread_blocked, id=4560, stack(0x0000008e06b00000,0x0000008e06c00000)]
  0x0000025ea9e41000 JavaThread "Monitor Ctrl-Break" daemon [_thread_in_native, id=8224, stack(0x0000008e06d00000,0x0000008e06e00000)]
  0x0000025ea9e42000 JavaThread "Service Thread" daemon [_thread_blocked, id=18744, stack(0x0000008e06e00000,0x0000008e06f00000)]
  0x0000025ea9ed2000 JavaThread "JavaCPP Deallocator" daemon [_thread_blocked, id=19736, stack(0x0000008e07000000,0x0000008e07100000)]
  0x0000025eaa39d800 JavaThread "Java2D Disposer" daemon [_thread_blocked, id=12104, stack(0x0000008e07a00000,0x0000008e07b00000)]
  0x0000025eaa3a1000 JavaThread "AWT-Shutdown" [_thread_blocked, id=16968, stack(0x0000008e07b00000,0x0000008e07c00000)]
  0x0000025eaa966000 JavaThread "AWT-EventQueue-0" [_thread_blocked, id=12436, stack(0x0000008e07d00000,0x0000008e07e00000)]

Other Threads:
=>0x0000025ea8edd800 VMThread "VM Thread" [stack: 0x0000008e06300000,0x0000008e06400000] [id=13500]
  0x0000025e8a114000 GCTaskThread "GC Thread#0" [stack: 0x0000008e05e00000,0x0000008e05f00000] [id=12712]
  0x0000025eaa6b2800 GCTaskThread "GC Thread#1" [stack: 0x0000008e07100000,0x0000008e07200000] [id=4616]
  0x0000025eaa70c000 GCTaskThread "GC Thread#2" [stack: 0x0000008e07200000,0x0000008e07300000] [id=4680]
  0x0000025eaafa9000 GCTaskThread "GC Thread#3" [stack: 0x0000008e08400000,0x0000008e08500000] [id=1972]
  0x0000025eaafa1800 GCTaskThread "GC Thread#4" [stack: 0x0000008e08500000,0x0000008e08600000] [id=17004]
  0x0000025eaafa2000 GCTaskThread "GC Thread#5" [stack: 0x0000008e08600000,0x0000008e08700000] [id=8480]
  0x0000025e8a125000 ConcurrentGCThread "G1 Main Marker" [stack: 0x0000008e05f00000,0x0000008e06000000] [id=20124]
  0x0000025e8a127000 ConcurrentGCThread "G1 Conc#0" [stack: 0x0000008e06000000,0x0000008e06100000] [id=1420]
  0x0000025ea8d5a800 ConcurrentGCThread "G1 Refine#0" [stack: 0x0000008e06100000,0x0000008e06200000] [id=19724]
  0x0000025e8a18e000 ConcurrentGCThread "G1 Young RemSet Sampling" [stack: 0x0000008e06200000,0x0000008e06300000] [id=9028]

Threads with active compile tasks:

VM state:at safepoint (shutting down)

VM Mutex/Monitor currently owned by a thread:  ([mutex/lock_event])
[0x0000025e8a0cdf40] Threads_lock - owner thread: 0x0000025ea8edd800
[0x0000025e8a0cdd00] Heap_lock - owner thread: 0x0000025eaa966000

Heap address: 0x0000000082e00000, size: 2002 MB, Compressed Oops mode: 32-bit
Narrow klass base: 0x0000000800000000, Narrow klass shift: 3
Compressed class space size: 1073741824 Address: 0x0000000800b40000

Heap:
 garbage-first heap   total 129024K, used 47104K [0x0000000082e00000, 0x0000000100000000)
  region size 1024K, 8 young (8192K), 7 survivors (7168K)
 Metaspace       used 11811K, capacity 12101K, committed 12288K, reserved 1060864K
  class space    used 1132K, capacity 1255K, committed 1280K, reserved 1048576K
Heap Regions: E=young(eden), S=young(survivor), O=old, HS=humongous(starts), HC=humongous(continues), CS=collection set, F=free, A=archive, TAMS=top-at-mark-start (previous, next)
|   0|0x0000000082e00000, 0x0000000082f00000, 0x0000000082f00000|100%|HS|  |TAMS 0x0000000082e00000, 0x0000000082e00000| Complete 
|   1|0x0000000082f00000, 0x0000000083000000, 0x0000000083000000|100%|HC|  |TAMS 0x0000000082f00000, 0x0000000082f00000| Complete 
|   2|0x0000000083000000, 0x0000000083100000, 0x0000000083100000|100%|HS|  |TAMS 0x0000000083000000, 0x0000000083000000| Complete 
|   3|0x0000000083100000, 0x0000000083200000, 0x0000000083200000|100%|HC|  |TAMS 0x0000000083100000, 0x0000000083100000| Complete 
|   4|0x0000000083200000, 0x0000000083300000, 0x0000000083300000|100%|HS|  |TAMS 0x0000000083200000, 0x0000000083200000| Complete 
|   5|0x0000000083300000, 0x0000000083400000, 0x0000000083400000|100%|HC|  |TAMS 0x0000000083300000, 0x0000000083300000| Complete 
|   6|0x0000000083400000, 0x0000000083400000, 0x0000000083500000|  0%| F|  |TAMS 0x0000000083400000, 0x0000000083400000| Untracked 
|   7|0x0000000083500000, 0x0000000083500000, 0x0000000083600000|  0%| F|  |TAMS 0x0000000083500000, 0x0000000083500000| Untracked 
|   8|0x0000000083600000, 0x0000000083600000, 0x0000000083700000|  0%| F|  |TAMS 0x0000000083600000, 0x0000000083600000| Untracked 
|   9|0x0000000083700000, 0x0000000083700000, 0x0000000083800000|  0%| F|  |TAMS 0x0000000083700000, 0x0000000083700000| Untracked 
|  10|0x0000000083800000, 0x0000000083900000, 0x0000000083900000|100%|HS|  |TAMS 0x0000000083800000, 0x0000000083800000| Complete 
|  11|0x0000000083900000, 0x0000000083a00000, 0x0000000083a00000|100%|HC|  |TAMS 0x0000000083900000, 0x0000000083900000| Complete 
|  12|0x0000000083a00000, 0x0000000083b00000, 0x0000000083b00000|100%|HC|  |TAMS 0x0000000083a00000, 0x0000000083a00000| Complete 
|  13|0x0000000083b00000, 0x0000000083c00000, 0x0000000083c00000|100%|HS|  |TAMS 0x0000000083b00000, 0x0000000083b00000| Complete 
|  14|0x0000000083c00000, 0x0000000083d00000, 0x0000000083d00000|100%|HC|  |TAMS 0x0000000083c00000, 0x0000000083c00000| Complete 
|  15|0x0000000083d00000, 0x0000000083e00000, 0x0000000083e00000|100%|HC|  |TAMS 0x0000000083d00000, 0x0000000083d00000| Complete 
|  16|0x0000000083e00000, 0x0000000083f00000, 0x0000000083f00000|100%| O|  |TAMS 0x0000000083e00000, 0x0000000083e00000| Untracked 
|  17|0x0000000083f00000, 0x0000000084000000, 0x0000000084000000|100%| O|  |TAMS 0x0000000083f00000, 0x0000000083f00000| Untracked 
|  18|0x0000000084000000, 0x0000000084100000, 0x0000000084100000|100%| O|  |TAMS 0x0000000084000000, 0x0000000084000000| Untracked 
|  19|0x0000000084100000, 0x0000000084200000, 0x0000000084200000|100%| O|  |TAMS 0x0000000084100000, 0x0000000084100000| Untracked 
|  20|0x0000000084200000, 0x0000000084300000, 0x0000000084300000|100%| O|  |TAMS 0x0000000084200000, 0x0000000084200000| Untracked 
|  21|0x0000000084300000, 0x0000000084400000, 0x0000000084400000|100%| O|  |TAMS 0x0000000084300000, 0x0000000084300000| Untracked 
|  22|0x0000000084400000, 0x0000000084500000, 0x0000000084500000|100%| O|  |TAMS 0x0000000084400000, 0x0000000084400000| Untracked 
|  23|0x0000000084500000, 0x0000000084600000, 0x0000000084600000|100%| O|  |TAMS 0x0000000084500000, 0x0000000084500000| Untracked 
|  24|0x0000000084600000, 0x0000000084700000, 0x0000000084700000|100%| O|  |TAMS 0x0000000084600000, 0x0000000084600000| Untracked 
|  25|0x0000000084700000, 0x0000000084800000, 0x0000000084800000|100%| O|  |TAMS 0x0000000084700000, 0x0000000084700000| Untracked 
|  26|0x0000000084800000, 0x0000000084900000, 0x0000000084900000|100%| O|  |TAMS 0x0000000084800000, 0x0000000084800000| Untracked 
|  27|0x0000000084900000, 0x0000000084a00000, 0x0000000084a00000|100%| O|  |TAMS 0x0000000084900000, 0x0000000084900000| Untracked 
|  28|0x0000000084a00000, 0x0000000084b00000, 0x0000000084b00000|100%| O|  |TAMS 0x0000000084a00000, 0x0000000084a00000| Untracked 
|  29|0x0000000084b00000, 0x0000000084c00000, 0x0000000084c00000|100%| O|  |TAMS 0x0000000084b00000, 0x0000000084b00000| Untracked 
|  30|0x0000000084c00000, 0x0000000084d00000, 0x0000000084d00000|100%| O|  |TAMS 0x0000000084c00000, 0x0000000084c00000| Untracked 
|  31|0x0000000084d00000, 0x0000000084e00000, 0x0000000084e00000|100%| O|  |TAMS 0x0000000084d00000, 0x0000000084d00000| Untracked 
|  32|0x0000000084e00000, 0x0000000084f00000, 0x0000000084f00000|100%| O|  |TAMS 0x0000000084e00000, 0x0000000084e00000| Untracked 
|  33|0x0000000084f00000, 0x0000000085000000, 0x0000000085000000|100%| O|  |TAMS 0x0000000084f00000, 0x0000000084f00000| Untracked 
|  34|0x0000000085000000, 0x0000000085100000, 0x0000000085100000|100%| O|  |TAMS 0x0000000085000000, 0x0000000085000000| Untracked 
|  35|0x0000000085100000, 0x0000000085200000, 0x0000000085200000|100%| O|  |TAMS 0x0000000085100000, 0x0000000085100000| Untracked 
|  36|0x0000000085200000, 0x0000000085300000, 0x0000000085300000|100%| O|  |TAMS 0x0000000085200000, 0x0000000085200000| Untracked 
|  37|0x0000000085300000, 0x0000000085400000, 0x0000000085400000|100%| O|  |TAMS 0x0000000085300000, 0x0000000085300000| Untracked 
|  38|0x0000000085400000, 0x0000000085500000, 0x0000000085500000|100%| O|  |TAMS 0x0000000085400000, 0x0000000085400000| Untracked 
|  39|0x0000000085500000, 0x0000000085600000, 0x0000000085600000|100%| O|  |TAMS 0x0000000085500000, 0x0000000085500000| Untracked 
|  40|0x0000000085600000, 0x0000000085700000, 0x0000000085700000|100%| O|  |TAMS 0x0000000085600000, 0x0000000085600000| Untracked 
|  41|0x0000000085700000, 0x0000000085800000, 0x0000000085800000|100%| O|  |TAMS 0x0000000085700000, 0x0000000085700000| Untracked 
|  42|0x0000000085800000, 0x0000000085900000, 0x0000000085900000|100%| O|  |TAMS 0x0000000085800000, 0x0000000085800000| Untracked 
|  43|0x0000000085900000, 0x0000000085900000, 0x0000000085a00000|  0%| F|  |TAMS 0x0000000085900000, 0x0000000085900000| Untracked 
|  44|0x0000000085a00000, 0x0000000085a00000, 0x0000000085b00000|  0%| F|  |TAMS 0x0000000085a00000, 0x0000000085a00000| Untracked 
|  45|0x0000000085b00000, 0x0000000085b00000, 0x0000000085c00000|  0%| F|  |TAMS 0x0000000085b00000, 0x0000000085b00000| Untracked 
|  46|0x0000000085c00000, 0x0000000085c00000, 0x0000000085d00000|  0%| F|  |TAMS 0x0000000085c00000, 0x0000000085c00000| Untracked 
|  47|0x0000000085d00000, 0x0000000085d00000, 0x0000000085e00000|  0%| F|  |TAMS 0x0000000085d00000, 0x0000000085d00000| Untracked 
|  48|0x0000000085e00000, 0x0000000085e00000, 0x0000000085f00000|  0%| F|  |TAMS 0x0000000085e00000, 0x0000000085e00000| Untracked 
|  49|0x0000000085f00000, 0x0000000085f00000, 0x0000000086000000|  0%| F|  |TAMS 0x0000000085f00000, 0x0000000085f00000| Untracked 
|  50|0x0000000086000000, 0x0000000086000000, 0x0000000086100000|  0%| F|  |TAMS 0x0000000086000000, 0x0000000086000000| Untracked 
|  51|0x0000000086100000, 0x0000000086100000, 0x0000000086200000|  0%| F|  |TAMS 0x0000000086100000, 0x0000000086100000| Untracked 
|  52|0x0000000086200000, 0x0000000086200000, 0x0000000086300000|  0%| F|  |TAMS 0x0000000086200000, 0x0000000086200000| Untracked 
|  53|0x0000000086300000, 0x0000000086300000, 0x0000000086400000|  0%| F|  |TAMS 0x0000000086300000, 0x0000000086300000| Untracked 
|  54|0x0000000086400000, 0x0000000086400000, 0x0000000086500000|  0%| F|  |TAMS 0x0000000086400000, 0x0000000086400000| Untracked 
|  55|0x0000000086500000, 0x0000000086500000, 0x0000000086600000|  0%| F|  |TAMS 0x0000000086500000, 0x0000000086500000| Untracked 
|  56|0x0000000086600000, 0x0000000086600000, 0x0000000086700000|  0%| F|  |TAMS 0x0000000086600000, 0x0000000086600000| Untracked 
|  57|0x0000000086700000, 0x0000000086700000, 0x0000000086800000|  0%| F|  |TAMS 0x0000000086700000, 0x0000000086700000| Untracked 
|  58|0x0000000086800000, 0x0000000086800000, 0x0000000086900000|  0%| F|  |TAMS 0x0000000086800000, 0x0000000086800000| Untracked 
|  59|0x0000000086900000, 0x0000000086900000, 0x0000000086a00000|  0%| F|  |TAMS 0x0000000086900000, 0x0000000086900000| Untracked 
|  60|0x0000000086a00000, 0x0000000086a00000, 0x0000000086b00000|  0%| F|  |TAMS 0x0000000086a00000, 0x0000000086a00000| Untracked 
|  61|0x0000000086b00000, 0x0000000086b00000, 0x0000000086c00000|  0%| F|  |TAMS 0x0000000086b00000, 0x0000000086b00000| Untracked 
|  62|0x0000000086c00000, 0x0000000086c00000, 0x0000000086d00000|  0%| F|  |TAMS 0x0000000086c00000, 0x0000000086c00000| Untracked 
|  63|0x0000000086d00000, 0x0000000086d00000, 0x0000000086e00000|  0%| F|  |TAMS 0x0000000086d00000, 0x0000000086d00000| Untracked 
|  64|0x0000000086e00000, 0x0000000086e00000, 0x0000000086f00000|  0%| F|  |TAMS 0x0000000086e00000, 0x0000000086e00000| Untracked 
|  65|0x0000000086f00000, 0x0000000086f00000, 0x0000000087000000|  0%| F|  |TAMS 0x0000000086f00000, 0x0000000086f00000| Untracked 
|  66|0x0000000087000000, 0x0000000087000000, 0x0000000087100000|  0%| F|  |TAMS 0x0000000087000000, 0x0000000087000000| Untracked 
|  67|0x0000000087100000, 0x0000000087100000, 0x0000000087200000|  0%| F|  |TAMS 0x0000000087100000, 0x0000000087100000| Untracked 
|  68|0x0000000087200000, 0x0000000087200000, 0x0000000087300000|  0%| F|  |TAMS 0x0000000087200000, 0x0000000087200000| Untracked 
|  69|0x0000000087300000, 0x0000000087300000, 0x0000000087400000|  0%| F|  |TAMS 0x0000000087300000, 0x0000000087300000| Untracked 
|  70|0x0000000087400000, 0x0000000087400000, 0x0000000087500000|  0%| F|  |TAMS 0x0000000087400000, 0x0000000087400000| Untracked 
|  71|0x0000000087500000, 0x0000000087500000, 0x0000000087600000|  0%| F|  |TAMS 0x0000000087500000, 0x0000000087500000| Untracked 
|  72|0x0000000087600000, 0x0000000087600000, 0x0000000087700000|  0%| F|  |TAMS 0x0000000087600000, 0x0000000087600000| Untracked 
|  73|0x0000000087700000, 0x0000000087700000, 0x0000000087800000|  0%| F|  |TAMS 0x0000000087700000, 0x0000000087700000| Untracked 
|  74|0x0000000087800000, 0x0000000087900000, 0x0000000087900000|100%| S|CS|TAMS 0x0000000087800000, 0x0000000087800000| Complete 
|  75|0x0000000087900000, 0x0000000087a00000, 0x0000000087a00000|100%| S|CS|TAMS 0x0000000087900000, 0x0000000087900000| Complete 
|  76|0x0000000087a00000, 0x0000000087b00000, 0x0000000087b00000|100%| S|CS|TAMS 0x0000000087a00000, 0x0000000087a00000| Complete 
|  77|0x0000000087b00000, 0x0000000087c00000, 0x0000000087c00000|100%| S|CS|TAMS 0x0000000087b00000, 0x0000000087b00000| Complete 
|  78|0x0000000087c00000, 0x0000000087d00000, 0x0000000087d00000|100%| S|CS|TAMS 0x0000000087c00000, 0x0000000087c00000| Complete 
|  79|0x0000000087d00000, 0x0000000087e00000, 0x0000000087e00000|100%| S|CS|TAMS 0x0000000087d00000, 0x0000000087d00000| Complete 
|  80|0x0000000087e00000, 0x0000000087f00000, 0x0000000087f00000|100%| S|CS|TAMS 0x0000000087e00000, 0x0000000087e00000| Complete 
|  81|0x0000000087f00000, 0x0000000087f00000, 0x0000000088000000|  0%| F|  |TAMS 0x0000000087f00000, 0x0000000087f00000| Untracked 
|  82|0x0000000088000000, 0x0000000088000000, 0x0000000088100000|  0%| F|  |TAMS 0x0000000088000000, 0x0000000088000000| Untracked 
|  83|0x0000000088100000, 0x0000000088100000, 0x0000000088200000|  0%| F|  |TAMS 0x0000000088100000, 0x0000000088100000| Untracked 
|  84|0x0000000088200000, 0x0000000088200000, 0x0000000088300000|  0%| F|  |TAMS 0x0000000088200000, 0x0000000088200000| Untracked 
|  85|0x0000000088300000, 0x0000000088300000, 0x0000000088400000|  0%| F|  |TAMS 0x0000000088300000, 0x0000000088300000| Untracked 
|  86|0x0000000088400000, 0x0000000088400000, 0x0000000088500000|  0%| F|  |TAMS 0x0000000088400000, 0x0000000088400000| Untracked 
|  87|0x0000000088500000, 0x0000000088500000, 0x0000000088600000|  0%| F|  |TAMS 0x0000000088500000, 0x0000000088500000| Untracked 
|  88|0x0000000088600000, 0x0000000088600000, 0x0000000088700000|  0%| F|  |TAMS 0x0000000088600000, 0x0000000088600000| Untracked 
|  89|0x0000000088700000, 0x0000000088700000, 0x0000000088800000|  0%| F|  |TAMS 0x0000000088700000, 0x0000000088700000| Untracked 
|  90|0x0000000088800000, 0x0000000088800000, 0x0000000088900000|  0%| F|  |TAMS 0x0000000088800000, 0x0000000088800000| Untracked 
|  91|0x0000000088900000, 0x0000000088900000, 0x0000000088a00000|  0%| F|  |TAMS 0x0000000088900000, 0x0000000088900000| Untracked 
|  92|0x0000000088a00000, 0x0000000088a00000, 0x0000000088b00000|  0%| F|  |TAMS 0x0000000088a00000, 0x0000000088a00000| Untracked 
|  93|0x0000000088b00000, 0x0000000088b00000, 0x0000000088c00000|  0%| F|  |TAMS 0x0000000088b00000, 0x0000000088b00000| Untracked 
|  94|0x0000000088c00000, 0x0000000088c00000, 0x0000000088d00000|  0%| F|  |TAMS 0x0000000088c00000, 0x0000000088c00000| Untracked 
|  95|0x0000000088d00000, 0x0000000088d00000, 0x0000000088e00000|  0%| F|  |TAMS 0x0000000088d00000, 0x0000000088d00000| Untracked 
|  96|0x0000000088e00000, 0x0000000088e00000, 0x0000000088f00000|  0%| F|  |TAMS 0x0000000088e00000, 0x0000000088e00000| Untracked 
|  97|0x0000000088f00000, 0x0000000088f00000, 0x0000000089000000|  0%| F|  |TAMS 0x0000000088f00000, 0x0000000088f00000| Untracked 
|  98|0x0000000089000000, 0x0000000089000000, 0x0000000089100000|  0%| F|  |TAMS 0x0000000089000000, 0x0000000089000000| Untracked 
|  99|0x0000000089100000, 0x0000000089100000, 0x0000000089200000|  0%| F|  |TAMS 0x0000000089100000, 0x0000000089100000| Untracked 
| 100|0x0000000089200000, 0x0000000089200000, 0x0000000089300000|  0%| F|  |TAMS 0x0000000089200000, 0x0000000089200000| Untracked 
| 101|0x0000000089300000, 0x0000000089300000, 0x0000000089400000|  0%| F|  |TAMS 0x0000000089300000, 0x0000000089300000| Untracked 
| 102|0x0000000089400000, 0x0000000089400000, 0x0000000089500000|  0%| F|  |TAMS 0x0000000089400000, 0x0000000089400000| Untracked 
| 103|0x0000000089500000, 0x0000000089500000, 0x0000000089600000|  0%| F|  |TAMS 0x0000000089500000, 0x0000000089500000| Untracked 
| 104|0x0000000089600000, 0x0000000089600000, 0x0000000089700000|  0%| F|  |TAMS 0x0000000089600000, 0x0000000089600000| Untracked 
| 105|0x0000000089700000, 0x0000000089700000, 0x0000000089800000|  0%| F|  |TAMS 0x0000000089700000, 0x0000000089700000| Untracked 
| 106|0x0000000089800000, 0x0000000089800000, 0x0000000089900000|  0%| F|  |TAMS 0x0000000089800000, 0x0000000089800000| Untracked 
| 107|0x0000000089900000, 0x0000000089900000, 0x0000000089a00000|  0%| F|  |TAMS 0x0000000089900000, 0x0000000089900000| Untracked 
| 108|0x0000000089a00000, 0x0000000089a00000, 0x0000000089b00000|  0%| F|  |TAMS 0x0000000089a00000, 0x0000000089a00000| Untracked 
| 109|0x0000000089b00000, 0x0000000089b00000, 0x0000000089c00000|  0%| F|  |TAMS 0x0000000089b00000, 0x0000000089b00000| Untracked 
| 110|0x0000000089c00000, 0x0000000089c00000, 0x0000000089d00000|  0%| F|  |TAMS 0x0000000089c00000, 0x0000000089c00000| Untracked 
| 111|0x0000000089d00000, 0x0000000089d00000, 0x0000000089e00000|  0%| F|  |TAMS 0x0000000089d00000, 0x0000000089d00000| Untracked 
| 112|0x0000000089e00000, 0x0000000089e00000, 0x0000000089f00000|  0%| F|  |TAMS 0x0000000089e00000, 0x0000000089e00000| Untracked 
| 113|0x0000000089f00000, 0x0000000089f00000, 0x000000008a000000|  0%| F|  |TAMS 0x0000000089f00000, 0x0000000089f00000| Untracked 
| 114|0x000000008a000000, 0x000000008a000000, 0x000000008a100000|  0%| F|  |TAMS 0x000000008a000000, 0x000000008a000000| Untracked 
| 115|0x000000008a100000, 0x000000008a100000, 0x000000008a200000|  0%| F|  |TAMS 0x000000008a100000, 0x000000008a100000| Untracked 
| 116|0x000000008a200000, 0x000000008a200000, 0x000000008a300000|  0%| F|  |TAMS 0x000000008a200000, 0x000000008a200000| Untracked 
| 117|0x000000008a300000, 0x000000008a300000, 0x000000008a400000|  0%| F|  |TAMS 0x000000008a300000, 0x000000008a300000| Untracked 
| 118|0x000000008a400000, 0x000000008a400000, 0x000000008a500000|  0%| F|  |TAMS 0x000000008a400000, 0x000000008a400000| Untracked 
| 119|0x000000008a500000, 0x000000008a500000, 0x000000008a600000|  0%| F|  |TAMS 0x000000008a500000, 0x000000008a500000| Untracked 
| 120|0x000000008a600000, 0x000000008a600000, 0x000000008a700000|  0%| F|  |TAMS 0x000000008a600000, 0x000000008a600000| Untracked 
| 121|0x000000008a700000, 0x000000008a700000, 0x000000008a800000|  0%| F|  |TAMS 0x000000008a700000, 0x000000008a700000| Untracked 
| 122|0x000000008a800000, 0x000000008a800000, 0x000000008a900000|  0%| F|  |TAMS 0x000000008a800000, 0x000000008a800000| Untracked 
| 123|0x000000008a900000, 0x000000008a900000, 0x000000008aa00000|  0%| F|  |TAMS 0x000000008a900000, 0x000000008a900000| Untracked 
| 124|0x000000008aa00000, 0x000000008aa00000, 0x000000008ab00000|  0%| F|  |TAMS 0x000000008aa00000, 0x000000008aa00000| Untracked 
| 125|0x000000008ab00000, 0x000000008abce7a8, 0x000000008ac00000| 80%| E|  |TAMS 0x000000008ab00000, 0x000000008ab00000| Complete 

Card table byte_map: [0x0000025ea1df0000,0x0000025ea21e0000] _byte_map_base: 0x0000025ea19d9000

Marking Bits (Prev, Next): (CMBitMap*) 0x0000025e8a1149e8, (CMBitMap*) 0x0000025e8a114a28
 Prev Bits: [0x0000025ea25d0000, 0x0000025ea4518000)
 Next Bits: [0x0000025ea4520000, 0x0000025ea6468000)

Polling page: 0x0000025e87f90000

Metaspace:

Usage:
  Non-class:     10.59 MB capacity,    10.43 MB ( 98%) used,   141.75 KB (  1%) free+waste,    26.13 KB ( <1%) overhead. 
      Class:      1.23 MB capacity,     1.11 MB ( 90%) used,   106.86 KB (  9%) free+waste,    15.19 KB (  1%) overhead. 
       Both:     11.82 MB capacity,    11.53 MB ( 98%) used,   248.61 KB (  2%) free+waste,    41.31 KB ( <1%) overhead. 

Virtual space:
  Non-class space:       12.00 MB reserved,      10.75 MB ( 90%) committed 
      Class space:        1.00 GB reserved,       1.25 MB ( <1%) committed 
             Both:        1.01 GB reserved,      12.00 MB (  1%) committed 

Chunk freelists:
   Non-Class:  34.00 KB
       Class:  25.00 KB
        Both:  59.00 KB

MaxMetaspaceSize: 17179869184.00 GB
CompressedClassSpaceSize: 1.00 GB

CodeHeap 'non-profiled nmethods': size=120000Kb used=1072Kb max_used=1099Kb free=118927Kb
 bounds [0x0000025e9a090000, 0x0000025e9a300000, 0x0000025ea15c0000]
CodeHeap 'profiled nmethods': size=120000Kb used=3735Kb max_used=4433Kb free=116264Kb
 bounds [0x0000025e92b60000, 0x0000025e92fd0000, 0x0000025e9a090000]
CodeHeap 'non-nmethods': size=5760Kb used=1357Kb max_used=1397Kb free=4402Kb
 bounds [0x0000025e925c0000, 0x0000025e92830000, 0x0000025e92b60000]
 total_blobs=3603 nmethods=1848 adapters=567
 compilation: enabled
              stopped_count=0, restarted_count=0
 full_count=0

Compilation events (20 events):
Event: 279.359 Thread 0x0000025ea8eff800 2111       3       java.util.concurrent.locks.AbstractQueuedSynchronizer$Node::<init> (23 bytes)
Event: 279.359 Thread 0x0000025ea8eff800 nmethod 2111 0x0000025e92bed790 code [0x0000025e92beda60, 0x0000025e92bee960]
Event: 279.365 Thread 0x0000025ea8eff800 2112       3       java.util.concurrent.locks.AbstractQueuedSynchronizer::transferForSignal (45 bytes)
Event: 279.366 Thread 0x0000025ea8eff800 nmethod 2112 0x0000025e92d33d90 code [0x0000025e92d34080, 0x0000025e92d35020]
Event: 279.366 Thread 0x0000025ea8eff800 2113       3       java.util.concurrent.locks.AbstractQueuedSynchronizer::enq (37 bytes)
Event: 279.367 Thread 0x0000025ea8eff800 nmethod 2113 0x0000025e92ba6b90 code [0x0000025e92ba6fc0, 0x0000025e92ba8f30]
Event: 279.367 Thread 0x0000025ea8eff800 2114       3       java.util.concurrent.locks.AbstractQueuedSynchronizer$ConditionObject::checkInterruptWhileWaiting (27 bytes)
Event: 279.368 Thread 0x0000025ea8eff800 nmethod 2114 0x0000025e92b7f210 code [0x0000025e92b7f4a0, 0x0000025e92b7fff0]
Event: 279.395 Thread 0x0000025ea8eff800 2115       3       java.security.AccessControlContext::<init> (30 bytes)
Event: 279.396 Thread 0x0000025ea8eff800 nmethod 2115 0x0000025e92badd90 code [0x0000025e92badf40, 0x0000025e92bae218]
Event: 279.420 Thread 0x0000025ea8eff800 2116       3       java.util.IdentityHashMap::maskNull (12 bytes)
Event: 279.420 Thread 0x0000025ea8eff800 nmethod 2116 0x0000025e92ba9f90 code [0x0000025e92baa140, 0x0000025e92baa2d8]
Event: 279.420 Thread 0x0000025ea8eff800 2117       3       java.util.IdentityHashMap::hash (18 bytes)
Event: 279.420 Thread 0x0000025ea8eff800 nmethod 2117 0x0000025e92be5590 code [0x0000025e92be5740, 0x0000025e92be58d0]
Event: 279.443 Thread 0x0000025ea8eff800 2118   !   3       java.util.concurrent.locks.AbstractQueuedSynchronizer::acquireQueued (74 bytes)
Event: 279.444 Thread 0x0000025ea8eff800 nmethod 2118 0x0000025e92bd6090 code [0x0000025e92bd6320, 0x0000025e92bd7070]
Event: 279.481 Thread 0x0000025ea8eff800 2119       3       java.util.concurrent.locks.AbstractQueuedSynchronizer::unparkSuccessor (84 bytes)
Event: 279.482 Thread 0x0000025ea8eff800 nmethod 2119 0x0000025e92c28510 code [0x0000025e92c28780, 0x0000025e92c29220]
Event: 281.293 Thread 0x0000025ea8eff800 2120       3       java.util.IdentityHashMap$IdentityHashMapIterator::nextIndex (72 bytes)
Event: 281.293 Thread 0x0000025ea8eff800 nmethod 2120 0x0000025e92e18d90 code [0x0000025e92e18f80, 0x0000025e92e19390]

GC Heap History (10 events):
Event: 1.656 GC heap before
{Heap before GC invocations=0 (full 0):
 garbage-first heap   total 129024K, used 23552K [0x0000000082e00000, 0x0000000100000000)
  region size 1024K, 24 young (24576K), 0 survivors (0K)
 Metaspace       used 4579K, capacity 6931K, committed 7168K, reserved 1056768K
  class space    used 433K, capacity 691K, committed 768K, reserved 1048576K
}
Event: 1.661 GC heap after
{Heap after GC invocations=1 (full 0):
 garbage-first heap   total 129024K, used 2582K [0x0000000082e00000, 0x0000000100000000)
  region size 1024K, 3 young (3072K), 3 survivors (3072K)
 Metaspace       used 4579K, capacity 6931K, committed 7168K, reserved 1056768K
  class space    used 433K, capacity 691K, committed 768K, reserved 1048576K
}
Event: 4.305 GC heap before
{Heap before GC invocations=1 (full 0):
 garbage-first heap   total 129024K, used 80406K [0x0000000082e00000, 0x0000000100000000)
  region size 1024K, 75 young (76800K), 3 survivors (3072K)
 Metaspace       used 10940K, capacity 11260K, committed 11520K, reserved 1058816K
  class space    used 1107K, capacity 1252K, committed 1280K, reserved 1048576K
}
Event: 4.309 GC heap after
{Heap after GC invocations=2 (full 0):
 garbage-first heap   total 129024K, used 7675K [0x0000000082e00000, 0x0000000100000000)
  region size 1024K, 4 young (4096K), 4 survivors (4096K)
 Metaspace       used 10940K, capacity 11260K, committed 11520K, reserved 1058816K
  class space    used 1107K, capacity 1252K, committed 1280K, reserved 1048576K
}
Event: 49.103 GC heap before
{Heap before GC invocations=2 (full 0):
 garbage-first heap   total 129024K, used 82427K [0x0000000082e00000, 0x0000000100000000)
  region size 1024K, 75 young (76800K), 4 survivors (4096K)
 Metaspace       used 11398K, capacity 11711K, committed 11776K, reserved 1060864K
  class space    used 1129K, capacity 1253K, committed 1280K, reserved 1048576K
}
Event: 49.119 GC heap after
{Heap after GC invocations=3 (full 0):
 garbage-first heap   total 129024K, used 16061K [0x0000000082e00000, 0x0000000100000000)
  region size 1024K, 10 young (10240K), 10 survivors (10240K)
 Metaspace       used 11398K, capacity 11711K, committed 11776K, reserved 1060864K
  class space    used 1129K, capacity 1253K, committed 1280K, reserved 1048576K
}
Event: 181.736 GC heap before
{Heap before GC invocations=3 (full 0):
 garbage-first heap   total 129024K, used 92861K [0x0000000082e00000, 0x0000000100000000)
  region size 1024K, 75 young (76800K), 10 survivors (10240K)
 Metaspace       used 11726K, capacity 12037K, committed 12288K, reserved 1060864K
  class space    used 1132K, capacity 1255K, committed 1280K, reserved 1048576K
}
Event: 181.810 GC heap after
{Heap after GC invocations=4 (full 0):
 garbage-first heap   total 129024K, used 43802K [0x0000000082e00000, 0x0000000100000000)
  region size 1024K, 10 young (10240K), 10 survivors (10240K)
 Metaspace       used 11726K, capacity 12037K, committed 12288K, reserved 1060864K
  class space    used 1132K, capacity 1255K, committed 1280K, reserved 1048576K
}
Event: 280.978 GC heap before
{Heap before GC invocations=4 (full 0):
 garbage-first heap   total 129024K, used 89882K [0x0000000082e00000, 0x0000000100000000)
  region size 1024K, 55 young (56320K), 10 survivors (10240K)
 Metaspace       used 11808K, capacity 12101K, committed 12288K, reserved 1060864K
  class space    used 1132K, capacity 1255K, committed 1280K, reserved 1048576K
}
Event: 281.028 GC heap after
{Heap after GC invocations=5 (full 0):
 garbage-first heap   total 129024K, used 47104K [0x0000000082e00000, 0x0000000100000000)
  region size 1024K, 7 young (7168K), 7 survivors (7168K)
 Metaspace       used 11808K, capacity 12101K, committed 12288K, reserved 1060864K
  class space    used 1132K, capacity 1255K, committed 1280K, reserved 1048576K
}

Deoptimization events (20 events):
Event: 181.816 Thread 0x0000025ea8ee0000 DEOPT PACKING pc=0x0000025e92efc82e sp=0x0000008e064ff1f0
Event: 181.816 Thread 0x0000025ea8ee0000 DEOPT UNPACKING pc=0x0000025e9260964e sp=0x0000008e064fe700 mode 0
Event: 181.817 Thread 0x0000025ea8ee0000 DEOPT PACKING pc=0x0000025e92efc82e sp=0x0000008e064ff1f0
Event: 181.817 Thread 0x0000025ea8ee0000 DEOPT UNPACKING pc=0x0000025e9260964e sp=0x0000008e064fe700 mode 0
Event: 181.819 Thread 0x0000025ea8ee0000 DEOPT PACKING pc=0x0000025e92efc82e sp=0x0000008e064ff1f0
Event: 181.819 Thread 0x0000025ea8ee0000 DEOPT UNPACKING pc=0x0000025e9260964e sp=0x0000008e064fe700 mode 0
Event: 181.821 Thread 0x0000025ea8ee0000 DEOPT PACKING pc=0x0000025e92efc82e sp=0x0000008e064ff1f0
Event: 181.821 Thread 0x0000025ea8ee0000 DEOPT UNPACKING pc=0x0000025e9260964e sp=0x0000008e064fe700 mode 0
Event: 181.821 Thread 0x0000025ea9ed2000 DEOPT PACKING pc=0x0000025e92eff01a sp=0x0000008e070fee90
Event: 181.821 Thread 0x0000025ea9ed2000 DEOPT UNPACKING pc=0x0000025e9260964e sp=0x0000008e070fe350 mode 0
Event: 181.823 Thread 0x0000025ea8ee0000 DEOPT PACKING pc=0x0000025e92efc82e sp=0x0000008e064ff1f0
Event: 181.823 Thread 0x0000025ea8ee0000 DEOPT UNPACKING pc=0x0000025e9260964e sp=0x0000008e064fe700 mode 0
Event: 181.824 Thread 0x0000025ea8ee0000 DEOPT PACKING pc=0x0000025e92efc82e sp=0x0000008e064ff1f0
Event: 181.824 Thread 0x0000025ea8ee0000 DEOPT UNPACKING pc=0x0000025e9260964e sp=0x0000008e064fe700 mode 0
Event: 181.839 Thread 0x0000025eaa39d800 Uncommon trap: trap_request=0xffffff45 fr.pc=0x0000025e9a185190 relative=0x0000000000000570
Event: 181.839 Thread 0x0000025eaa39d800 Uncommon trap: reason=unstable_if action=reinterpret pc=0x0000025e9a185190 method=java.lang.ref.ReferenceQueue.remove(J)Ljava/lang/ref/Reference; @ 31 c2
Event: 181.839 Thread 0x0000025eaa39d800 DEOPT PACKING pc=0x0000025e9a185190 sp=0x0000008e07aff1c0
Event: 181.840 Thread 0x0000025eaa39d800 DEOPT UNPACKING pc=0x0000025e9260912f sp=0x0000008e07aff0e8 mode 2
Event: 281.029 Thread 0x0000025ea8ee0000 DEOPT PACKING pc=0x0000025e92efe16e sp=0x0000008e064ff1f0
Event: 281.029 Thread 0x0000025ea8ee0000 DEOPT UNPACKING pc=0x0000025e9260964e sp=0x0000008e064fe700 mode 0

Classes unloaded (0 events):
No events

Classes redefined (0 events):
No events

Internal exceptions (20 events):
Event: 0.557 Thread 0x0000025e8a0d1800 Exception <a 'java/lang/NoSuchMethodError'{0x000000008a641bc0}: 'void java.lang.invoke.DirectMethodHandle$Holder.invokeStaticInit(java.lang.Object, java.lang.Object)'> (0x000000008a641bc0) 
thrown [t:/workspace/open/src/hotspot/share/interpreter/linkResolver.cpp, line 767]
Event: 0.564 Thread 0x0000025e8a0d1800 Exception <a 'java/lang/NoSuchMethodError'{0x000000008a646bd0}: 'int java.lang.invoke.DirectMethodHandle$Holder.invokeStaticInit(java.lang.Object, java.lang.Object)'> (0x000000008a646bd0) 
thrown [t:/workspace/open/src/hotspot/share/interpreter/linkResolver.cpp, line 767]
Event: 1.128 Thread 0x0000025e8a0d1800 Exception <a 'java/lang/NoSuchMethodError'{0x000000008a44ebf8}: 'java.lang.Object java.lang.invoke.DirectMethodHandle$Holder.invokeStatic(java.lang.Object, int, java.lang.Object)'> (0x000000008a44ebf8) 
thrown [t:/workspace/open/src/hotspot/share/interpreter/linkResolver.cpp, line 767]
Event: 3.326 Thread 0x0000025e8a0d1800 Exception <a 'java/lang/ClassNotFoundException'{0x00000000886e2588}: sun/awt/resources/spi/awtProvider> (0x00000000886e2588) 
thrown [t:/workspace/open/src/hotspot/share/classfile/systemDictionary.cpp, line 232]
Event: 3.348 Thread 0x0000025e8a0d1800 Exception <a 'java/io/FileNotFoundException'{0x0000000088527878}> (0x0000000088527878) 
thrown [t:/workspace/open/src/hotspot/share/prims/jni.cpp, line 598]
Event: 3.352 Thread 0x0000025e8a0d1800 Exception <a 'java/io/FileNotFoundException'{0x000000008854df18}> (0x000000008854df18) 
thrown [t:/workspace/open/src/hotspot/share/prims/jni.cpp, line 598]
Event: 3.409 Thread 0x0000025eaa3a1800 Exception <a 'java/lang/NoSuchMethodError'{0x0000000088404f88}: 'void java.lang.invoke.DirectMethodHandle$Holder.invokeSpecial(java.lang.Object, java.lang.Object)'> (0x0000000088404f88) 
thrown [t:/workspace/open/src/hotspot/share/interpreter/linkResolver.cpp, line 767]
Event: 3.449 Thread 0x0000025e8a0d1800 Exception <a 'java/lang/NoSuchMethodError'{0x0000000088485830}: 'java.lang.Object java.lang.invoke.DirectMethodHandle$Holder.invokeStatic(java.lang.Object, int, java.lang.Object, java.lang.Object, java.lang.Object, java.lang.Object)'> (0x0000000088485830) 
thrown [t:/workspace/open/src/hotspot/share/interpreter/linkResolver.cpp, line 767]
Event: 3.449 Thread 0x0000025e8a0d1800 Exception <a 'java/lang/NoSuchMethodError'{0x000000008848c190}: 'java.lang.Object java.lang.invoke.DirectMethodHandle$Holder.invokeStatic(java.lang.Object, int, java.lang.Object, java.lang.Object, java.lang.Object)'> (0x000000008848c190) 
thrown [t:/workspace/open/src/hotspot/share/interpreter/linkResolver.cpp, line 767]
Event: 3.450 Thread 0x0000025e8a0d1800 Exception <a 'java/lang/NoSuchMethodError'{0x000000008848f9f8}: 'java.lang.Object java.lang.invoke.DirectMethodHandle$Holder.invokeSpecial(java.lang.Object, java.lang.Object, int, java.lang.Object, java.lang.Object, java.lang.Object)'> (0x000000008848f9f8) 
thrown [t:/workspace/open/src/hotspot/share/interpreter/linkResolver.cpp, line 767]
Event: 3.469 Thread 0x0000025e8a0d1800 Exception <a 'java/lang/ClassNotFoundException'{0x0000000088349598}: com/sun/swing/internal/plaf/metal/resources/spi/metalProvider> (0x0000000088349598) 
thrown [t:/workspace/open/src/hotspot/share/classfile/systemDictionary.cpp, line 232]
Event: 3.470 Thread 0x0000025e8a0d1800 Exception <a 'java/lang/ClassNotFoundException'{0x000000008834d628}: com/sun/swing/internal/plaf/basic/resources/spi/basicProvider> (0x000000008834d628) 
thrown [t:/workspace/open/src/hotspot/share/classfile/systemDictionary.cpp, line 232]
Event: 3.476 Thread 0x0000025e8a0d1800 Implicit null exception at 0x0000025e9a0bce85 to 0x0000025e9a0bd26a
Event: 3.476 Thread 0x0000025e8a0d1800 Implicit null exception at 0x0000025e9a0df511 to 0x0000025e9a0e0036
Event: 3.480 Thread 0x0000025e8a0d1800 Implicit null exception at 0x0000025e9a12abaf to 0x0000025e9a12ac2d
Event: 3.516 Thread 0x0000025eaa966000 Exception <a 'java/lang/NoSuchMethodError'{0x00000000883a34a0}: 'void java.lang.invoke.DirectMethodHandle$Holder.invokeStaticInit(java.lang.Object)'> (0x00000000883a34a0) 
thrown [t:/workspace/open/src/hotspot/share/interpreter/linkResolver.cpp, line 767]
Event: 3.549 Thread 0x0000025eaa966000 Exception <a 'java/lang/NoSuchMethodError'{0x00000000883f93c0}: 'java.lang.Object java.lang.invoke.Invokers$Holder.linkToTargetMethod(java.lang.Object, int, java.lang.Object)'> (0x00000000883f93c0) 
thrown [t:/workspace/open/src/hotspot/share/interpreter/linkResolver.cpp, line 767]
Event: 49.145 Thread 0x0000025ea9942000 Implicit null exception at 0x0000025e9a185952 to 0x0000025e9a185e26
Event: 110.607 Thread 0x0000025eaa3a1800 Exception <a 'java/lang/NoSuchMethodError'{0x0000000088d819d8}: 'void java.lang.invoke.DirectMethodHandle$Holder.invokeVirtual(java.lang.Object, java.lang.Object)'> (0x0000000088d819d8) 
thrown [t:/workspace/open/src/hotspot/share/interpreter/linkResolver.cpp, line 767]
Event: 181.839 Thread 0x0000025eaa39d800 Implicit null exception at 0x0000025e9a184cbe to 0x0000025e9a18516e

Events (20 events):
Event: 261.704 Thread 0x0000025ea8f0a000 flushing nmethod 0x0000025e92eb0c10
Event: 261.704 Thread 0x0000025ea8f0a000 flushing nmethod 0x0000025e92ee4610
Event: 261.704 Thread 0x0000025ea8f0a000 flushing nmethod 0x0000025e92ee5a10
Event: 261.704 Thread 0x0000025ea8f0a000 flushing nmethod 0x0000025e92f45890
Event: 279.189 Loaded shared library C:\Program Files\Java\jdk-13.0.2\bin\java.dll
Event: 279.190 Loaded shared library C:\Program Files\Java\jdk-13.0.2\bin\java.dll
Event: 279.191 Loaded shared library C:\Program Files\Java\jdk-13.0.2\bin\java.dll
Event: 279.192 Loaded shared library C:\Program Files\Java\jdk-13.0.2\bin\java.dll
Event: 280.978 Executing VM operation: G1CollectForAllocation
Event: 281.028 Executing VM operation: G1CollectForAllocation done
Event: 281.292 Executing VM operation: RevokeBias
Event: 281.292 Executing VM operation: RevokeBias done
Event: 281.293 Thread 0x0000025ee9496000 Thread added: 0x0000025ee9496000
Event: 281.293 Thread 0x0000025ef3f93000 Thread added: 0x0000025ef3f93000
Event: 281.294 Thread 0x0000025ef3f93000 Thread exited: 0x0000025ef3f93000
Event: 281.306 Executing VM operation: RevokeBias
Event: 281.307 Executing VM operation: RevokeBias done
Event: 281.307 Thread 0x0000025eaa3a1800 Thread exited: 0x0000025eaa3a1800
Event: 281.394 Thread 0x0000025ee9496000 Thread exited: 0x0000025ee9496000
Event: 281.396 Executing VM operation: Exit


Dynamic libraries:
0x00007ff753870000 - 0x00007ff75387f000 	C:\Program Files\Java\jdk-13.0.2\bin\java.exe
0x00007ff92a820000 - 0x00007ff92aa10000 	C:\WINDOWS\SYSTEM32\ntdll.dll
0x00007ff928940000 - 0x00007ff9289f2000 	C:\WINDOWS\System32\KERNEL32.DLL
0x00007ff927c60000 - 0x00007ff927f03000 	C:\WINDOWS\System32\KERNELBASE.dll
0x00007ff9286f0000 - 0x00007ff9287ea000 	C:\WINDOWS\System32\ucrtbase.dll
0x00007ff922950000 - 0x00007ff922968000 	C:\Program Files\Java\jdk-13.0.2\bin\jli.dll
0x00007ff929460000 - 0x00007ff929503000 	C:\WINDOWS\System32\ADVAPI32.dll
0x00007ff921450000 - 0x00007ff921465000 	C:\Program Files\Java\jdk-13.0.2\bin\VCRUNTIME140.dll
0x00007ff929190000 - 0x00007ff92922e000 	C:\WINDOWS\System32\msvcrt.dll
0x00007ff929a50000 - 0x00007ff929ae7000 	C:\WINDOWS\System32\sechost.dll
0x00007ff92a040000 - 0x00007ff92a160000 	C:\WINDOWS\System32\RPCRT4.dll
0x00007ff929ea0000 - 0x00007ff92a034000 	C:\WINDOWS\System32\USER32.dll
0x00007ff9288a0000 - 0x00007ff9288c1000 	C:\WINDOWS\System32\win32u.dll
0x00007ff914700000 - 0x00007ff914985000 	C:\WINDOWS\WinSxS\amd64_microsoft.windows.common-controls_6595b64144ccf1df_6.0.18362.720_none_e6beb5c51314836b\COMCTL32.dll
0x00007ff929410000 - 0x00007ff929436000 	C:\WINDOWS\System32\GDI32.dll
0x00007ff929b60000 - 0x00007ff929e96000 	C:\WINDOWS\System32\combase.dll
0x00007ff927a00000 - 0x00007ff927b94000 	C:\WINDOWS\System32\gdi32full.dll
0x00007ff927ba0000 - 0x00007ff927c3e000 	C:\WINDOWS\System32\msvcp_win.dll
0x00007ff927930000 - 0x00007ff9279b0000 	C:\WINDOWS\System32\bcryptPrimitives.dll
0x00007ff91e170000 - 0x00007ff91e17a000 	C:\WINDOWS\SYSTEM32\VERSION.dll
0x00007ff929160000 - 0x00007ff92918e000 	C:\WINDOWS\System32\IMM32.DLL
0x00007ff905b80000 - 0x00007ff905c1b000 	C:\Program Files\Java\jdk-13.0.2\bin\msvcp140.dll
0x00007ff8b57d0000 - 0x00007ff8b632d000 	C:\Program Files\Java\jdk-13.0.2\bin\server\jvm.dll
0x00007ff929730000 - 0x00007ff929738000 	C:\WINDOWS\System32\PSAPI.DLL
0x00007ff8de420000 - 0x00007ff8de429000 	C:\WINDOWS\SYSTEM32\WSOCK32.dll
0x00007ff922c60000 - 0x00007ff922c84000 	C:\WINDOWS\SYSTEM32\WINMM.dll
0x00007ff929af0000 - 0x00007ff929b5f000 	C:\WINDOWS\System32\WS2_32.dll
0x00007ff922c30000 - 0x00007ff922c5d000 	C:\WINDOWS\SYSTEM32\winmmbase.dll
0x00007ff9279b0000 - 0x00007ff9279fa000 	C:\WINDOWS\System32\cfgmgr32.dll
0x00007ff927760000 - 0x00007ff927771000 	C:\WINDOWS\System32\kernel.appcore.dll
0x00007ff925080000 - 0x00007ff925090000 	C:\Program Files\Java\jdk-13.0.2\bin\verify.dll
0x00007ff925f90000 - 0x00007ff926184000 	C:\WINDOWS\SYSTEM32\DBGHELP.DLL
0x00007ff910ca0000 - 0x00007ff910cca000 	C:\WINDOWS\SYSTEM32\dbgcore.DLL
0x00007ff90f360000 - 0x00007ff90f386000 	C:\Program Files\Java\jdk-13.0.2\bin\java.dll
0x00007ff922d40000 - 0x00007ff922d4e000 	C:\Program Files\Java\jdk-13.0.2\bin\instrument.dll
0x00007ff912ba0000 - 0x00007ff912bb7000 	C:\Program Files\Java\jdk-13.0.2\bin\zip.dll
0x00007ff922d80000 - 0x00007ff922d8a000 	C:\Program Files\Java\jdk-13.0.2\bin\jimage.dll
0x00007ff928a70000 - 0x00007ff929155000 	C:\WINDOWS\System32\SHELL32.dll
0x00007ff92a160000 - 0x00007ff92a209000 	C:\WINDOWS\System32\shcore.dll
0x00007ff927f10000 - 0x00007ff928690000 	C:\WINDOWS\System32\windows.storage.dll
0x00007ff927780000 - 0x00007ff9277a3000 	C:\WINDOWS\System32\profapi.dll
0x00007ff927710000 - 0x00007ff92775a000 	C:\WINDOWS\System32\powrprof.dll
0x00007ff9276e0000 - 0x00007ff9276f0000 	C:\WINDOWS\System32\UMPDC.dll
0x00007ff9297c0000 - 0x00007ff929812000 	C:\WINDOWS\System32\shlwapi.dll
0x00007ff927c40000 - 0x00007ff927c57000 	C:\WINDOWS\System32\cryptsp.dll
0x00007ff912390000 - 0x00007ff9123a9000 	C:\Program Files\Java\jdk-13.0.2\bin\net.dll
0x00007ff924dc0000 - 0x00007ff924eb1000 	C:\WINDOWS\SYSTEM32\WINHTTP.dll
0x00007ff926f50000 - 0x00007ff926fb7000 	C:\WINDOWS\system32\mswsock.dll
0x00007ff9122b0000 - 0x00007ff9122c3000 	C:\Program Files\Java\jdk-13.0.2\bin\nio.dll
0x00007ff90cb60000 - 0x00007ff90cb7a000 	C:\Users\Tamir\AppData\Local\JetBrains\IntelliJ IDEA 2019.2.3\bin\breakgen64.dll
0x00007ff90cb00000 - 0x00007ff90cb51000 	C:\Users\Tamir\.javacpp\cache\opencv-3.4.0-1.4-windows-x86_64.jar\org\bytedeco\javacpp\windows-x86_64\concrt140.dll
0x00007ff905ae0000 - 0x00007ff905b7d000 	C:\Users\Tamir\.javacpp\cache\opencv-3.4.0-1.4-windows-x86_64.jar\org\bytedeco\javacpp\windows-x86_64\msvcp140.dll
0x00007ff9074a0000 - 0x00007ff9074b7000 	C:\Users\Tamir\.javacpp\cache\opencv-3.4.0-1.4-windows-x86_64.jar\org\bytedeco\javacpp\windows-x86_64\vcruntime140.dll
0x0000025e87fe0000 - 0x0000025e87fe3000 	C:\Users\Tamir\.javacpp\cache\opencv-3.4.0-1.4-windows-x86_64.jar\org\bytedeco\javacpp\windows-x86_64\api-ms-win-crt-locale-l1-1-0.dll
0x0000025eab3f0000 - 0x0000025eab3f4000 	C:\Users\Tamir\.javacpp\cache\opencv-3.4.0-1.4-windows-x86_64.jar\org\bytedeco\javacpp\windows-x86_64\api-ms-win-crt-string-l1-1-0.dll
0x0000025eab400000 - 0x0000025eab404000 	C:\Users\Tamir\.javacpp\cache\opencv-3.4.0-1.4-windows-x86_64.jar\org\bytedeco\javacpp\windows-x86_64\api-ms-win-crt-stdio-l1-1-0.dll
0x0000025eab410000 - 0x0000025eab415000 	C:\Users\Tamir\.javacpp\cache\opencv-3.4.0-1.4-windows-x86_64.jar\org\bytedeco\javacpp\windows-x86_64\api-ms-win-crt-math-l1-1-0.dll
0x0000025eab420000 - 0x0000025eab423000 	C:\Users\Tamir\.javacpp\cache\opencv-3.4.0-1.4-windows-x86_64.jar\org\bytedeco\javacpp\windows-x86_64\api-ms-win-crt-heap-l1-1-0.dll
0x0000025eab430000 - 0x0000025eab434000 	C:\Users\Tamir\.javacpp\cache\opencv-3.4.0-1.4-windows-x86_64.jar\org\bytedeco\javacpp\windows-x86_64\api-ms-win-crt-runtime-l1-1-0.dll
0x0000025eab440000 - 0x0000025eab444000 	C:\Users\Tamir\.javacpp\cache\opencv-3.4.0-1.4-windows-x86_64.jar\org\bytedeco\javacpp\windows-x86_64\api-ms-win-crt-convert-l1-1-0.dll
0x0000025eab450000 - 0x0000025eab453000 	C:\Users\Tamir\.javacpp\cache\opencv-3.4.0-1.4-windows-x86_64.jar\org\bytedeco\javacpp\windows-x86_64\api-ms-win-crt-environment-l1-1-0.dll
0x0000025eab460000 - 0x0000025eab463000 	C:\Users\Tamir\.javacpp\cache\opencv-3.4.0-1.4-windows-x86_64.jar\org\bytedeco\javacpp\windows-x86_64\api-ms-win-crt-time-l1-1-0.dll
0x0000025eab470000 - 0x0000025eab473000 	C:\Users\Tamir\.javacpp\cache\opencv-3.4.0-1.4-windows-x86_64.jar\org\bytedeco\javacpp\windows-x86_64\api-ms-win-crt-filesystem-l1-1-0.dll
0x0000025eab480000 - 0x0000025eab483000 	C:\Users\Tamir\.javacpp\cache\opencv-3.4.0-1.4-windows-x86_64.jar\org\bytedeco\javacpp\windows-x86_64\api-ms-win-crt-utility-l1-1-0.dll
0x0000025eab490000 - 0x0000025eab495000 	C:\Users\Tamir\.javacpp\cache\opencv-3.4.0-1.4-windows-x86_64.jar\org\bytedeco\javacpp\windows-x86_64\api-ms-win-crt-multibyte-l1-1-0.dll
0x00007ff8dce60000 - 0x00007ff8dd166000 	C:\Users\Tamir\.javacpp\cache\opencv-3.4.0-1.4-windows-x86_64.jar\org\bytedeco\javacpp\windows-x86_64\opencv_core340.dll
0x00007ff8ba4e0000 - 0x00007ff8ba8ec000 	C:\Users\Tamir\.javacpp\cache\opencv-3.4.0-1.4-windows-x86_64.jar\org\bytedeco\javacpp\windows-x86_64\opencv_imgproc340.dll
0x00007ff8bae60000 - 0x00007ff8bb1db000 	C:\Users\Tamir\.javacpp\cache\opencv-3.4.0-1.4-windows-x86_64.jar\org\bytedeco\javacpp\windows-x86_64\jniopencv_core.dll
0x00007ff8f8ab0000 - 0x00007ff8f8c05000 	C:\Users\Tamir\.javacpp\cache\opencv-3.4.0-1.4-windows-x86_64.jar\org\bytedeco\javacpp\windows-x86_64\jniopencv_imgproc.dll
0x00007ff8b65d0000 - 0x00007ff8b689c000 	C:\Users\Tamir\.javacpp\cache\opencv-3.4.0-1.4-windows-x86_64.jar\org\bytedeco\javacpp\windows-x86_64\opencv_imgcodecs340.dll
0x00007ff906830000 - 0x00007ff906864000 	C:\Users\Tamir\.javacpp\cache\opencv-3.4.0-1.4-windows-x86_64.jar\org\bytedeco\javacpp\windows-x86_64\jniopencv_imgcodecs.dll
0x00007ff905890000 - 0x00007ff9058db000 	C:\Users\Tamir\.javacpp\cache\opencv-3.4.0-1.4-windows-x86_64.jar\org\bytedeco\javacpp\windows-x86_64\opencv_videoio340.dll
0x00007ff92a210000 - 0x00007ff92a367000 	C:\WINDOWS\System32\ole32.dll
0x00007ff929520000 - 0x00007ff9295e4000 	C:\WINDOWS\System32\OLEAUT32.dll
0x00007ff9058f0000 - 0x00007ff905919000 	C:\WINDOWS\SYSTEM32\MSVFW32.dll
0x00007ff907440000 - 0x00007ff907460000 	C:\WINDOWS\SYSTEM32\AVIFIL32.dll
0x00007ff906810000 - 0x00007ff906828000 	C:\WINDOWS\SYSTEM32\AVICAP32.dll
0x00007ff91efb0000 - 0x00007ff91efcc000 	C:\WINDOWS\SYSTEM32\MSACM32.dll
0x00007ff8fc630000 - 0x00007ff8fc64f000 	C:\Users\Tamir\.javacpp\cache\opencv-3.4.0-1.4-windows-x86_64.jar\org\bytedeco\javacpp\windows-x86_64\jniopencv_videoio.dll
0x00007ff9246a0000 - 0x00007ff924739000 	C:\WINDOWS\system32\uxtheme.dll
0x00007ff929230000 - 0x00007ff9292d2000 	C:\WINDOWS\System32\clbcatq.dll
0x00007ff8fc610000 - 0x00007ff8fc628000 	C:\Windows\System32\devenum.dll
0x00007ff92a370000 - 0x00007ff92a7e0000 	C:\WINDOWS\System32\setupapi.dll
0x00007ff927900000 - 0x00007ff927926000 	C:\WINDOWS\System32\bcrypt.dll
0x00007ff926740000 - 0x00007ff926771000 	C:\WINDOWS\SYSTEM32\ntmarta.dll
0x00007ff9274e0000 - 0x00007ff92750a000 	C:\WINDOWS\SYSTEM32\DEVOBJ.dll
0x00007ff928690000 - 0x00007ff9286ec000 	C:\WINDOWS\System32\WINTRUST.dll
0x00007ff9276f0000 - 0x00007ff927702000 	C:\WINDOWS\System32\MSASN1.dll
0x00007ff9277b0000 - 0x00007ff9278f9000 	C:\WINDOWS\System32\CRYPT32.dll
0x00007ff9058e0000 - 0x00007ff9058eb000 	C:\WINDOWS\SYSTEM32\msdmo.dll
0x00007ff8fc5d0000 - 0x00007ff8fc604000 	C:\Windows\System32\qcap.dll
0x00007ff8b5600000 - 0x00007ff8b57c4000 	C:\Windows\System32\quartz.dll
0x00007ff9295f0000 - 0x00007ff929726000 	C:\WINDOWS\System32\MSCTF.dll
0x00007ff8f8a60000 - 0x00007ff8f8aac000 	C:\Windows\System32\mfksproxy.dll
0x00007ff90ca30000 - 0x00007ff90ca4c000 	C:\Windows\System32\ATL.DLL
0x00007ff920650000 - 0x00007ff92084a000 	C:\Windows\System32\MFPlat.DLL
0x00007ff920280000 - 0x00007ff9202af000 	C:\Windows\System32\RTWorkQ.DLL
0x00007ff8ac260000 - 0x00007ff8ac64c000 	C:\Windows\System32\MFCORE.dll
0x00007ff9250d0000 - 0x00007ff9250d9000 	C:\Windows\System32\ksuser.dll
0x00007ff927120000 - 0x00007ff92712c000 	C:\Windows\System32\CRYPTBASE.DLL
0x00007ff8f8a00000 - 0x00007ff8f8a55000 	C:\Windows\System32\FSClient.dll
0x00007ff9263e0000 - 0x00007ff9264cb000 	C:\Windows\System32\dxgi.dll
0x00007ff923370000 - 0x00007ff9235cb000 	C:\Windows\System32\d3d11.dll
0x00007ff8f89a0000 - 0x00007ff8f89fc000 	C:\Windows\System32\MFSENSORGROUP.dll
0x00007ff926350000 - 0x00007ff926370000 	C:\WINDOWS\SYSTEM32\dxcore.dll
0x00007ff920d90000 - 0x00007ff920d9a000 	C:\Windows\System32\AVRT.dll
0x00007ff907310000 - 0x00007ff90731d000 	C:\Windows\System32\vidcap.ax
0x00007ff8fa2d0000 - 0x00007ff8fa2f6000 	C:\Windows\System32\kswdmcap.ax
0x00007ff8bb3a0000 - 0x00007ff8bb502000 	C:\Windows\System32\MFC42.dll
0x00007ff8ba030000 - 0x00007ff8ba169000 	C:\Windows\System32\MFReadWrite.dll
0x00007ff8de180000 - 0x00007ff8de221000 	C:\Windows\System32\qedit.dll
0x00007ff929340000 - 0x00007ff929410000 	C:\WINDOWS\System32\COMDLG32.dll
0x00007ff919830000 - 0x00007ff9199d3000 	C:\WINDOWS\WinSxS\amd64_microsoft.windows.gdiplus_6595b64144ccf1df_1.1.18362.720_none_17a9a8aa6da6fd39\gdiplus.dll
0x00007ff8eec90000 - 0x00007ff8eed87000 	C:\Windows\System32\DDRAW.dll
0x00007ff9122a0000 - 0x00007ff9122a8000 	C:\Windows\System32\DCIMAN32.dll
0x00007ff8ab010000 - 0x00007ff8ab1a9000 	C:\Program Files\Java\jdk-13.0.2\bin\awt.dll
0x00007ff924190000 - 0x00007ff92421f000 	C:\WINDOWS\SYSTEM32\apphelp.dll
0x00007ff925a20000 - 0x00007ff925a4d000 	C:\WINDOWS\system32\DWMAPI.DLL
0x00007ff8fd350000 - 0x00007ff8fd4a6000 	C:\WINDOWS\system32\opengl32.dll
0x00007ff9021d0000 - 0x00007ff9021fc000 	C:\WINDOWS\SYSTEM32\GLU32.dll
0x00007ff8f8660000 - 0x00007ff8f86e2000 	C:\Program Files\Java\jdk-13.0.2\bin\freetype.dll
0x00007ff8de0d0000 - 0x00007ff8de176000 	C:\Program Files\Java\jdk-13.0.2\bin\fontmanager.dll
0x00007ff919c50000 - 0x00007ff919cee000 	C:\WINDOWS\System32\TextInputFramework.dll
0x00007ff9202b0000 - 0x00007ff9205da000 	C:\WINDOWS\System32\CoreUIComponents.dll
0x00007ff923f80000 - 0x00007ff924054000 	C:\WINDOWS\System32\CoreMessaging.dll
0x00007ff9242d0000 - 0x00007ff924423000 	C:\WINDOWS\SYSTEM32\wintypes.dll
0x00007ff919630000 - 0x00007ff919695000 	C:\WINDOWS\system32\Oleacc.dll
0x00007ff9158a0000 - 0x00007ff915b46000 	C:\WINDOWS\System32\iertutil.dll

dbghelp: loaded successfully - version: 4.0.5 - missing functions: none
symbol engine: initialized successfully - sym options: 0x614 - pdb path: .;C:\Program Files\Java\jdk-13.0.2\bin;C:\WINDOWS\SYSTEM32;C:\WINDOWS\WinSxS\amd64_microsoft.windows.common-controls_6595b64144ccf1df_6.0.18362.720_none_e6beb5c51314836b;C:\Program Files\Java\jdk-13.0.2\bin\server;C:\Users\Tamir\AppData\Local\JetBrains\IntelliJ IDEA 2019.2.3\bin;C:\Users\Tamir\.javacpp\cache\opencv-3.4.0-1.4-windows-x86_64.jar\org\bytedeco\javacpp\windows-x86_64;C:\WINDOWS\WinSxS\amd64_microsoft.windows.gdiplus_6595b64144ccf1df_1.1.18362.720_none_17a9a8aa6da6fd39

VM Arguments:
jvm_args: -javaagent:C:\Users\Tamir\AppData\Local\JetBrains\IntelliJ IDEA 2019.2.3\lib\idea_rt.jar=61228:C:\Users\Tamir\AppData\Local\JetBrains\IntelliJ IDEA 2019.2.3\bin -Dfile.encoding=UTF-8 
java_command: com.emaraic.distance.DistanceMeasurement
java_class_path (initial): C:\real-time-distance-measurement-master\target\classes;C:\Users\Tamir\.m2\repository\org\bytedeco\javacv-platform\1.4\javacv-platform-1.4.jar;C:\Users\Tamir\.m2\repository\org\bytedeco\javacv\1.4\javacv-1.4.jar;C:\Users\Tamir\.m2\repository\org\bytedeco\javacpp\1.4\javacpp-1.4.jar;C:\Users\Tamir\.m2\repository\org\bytedeco\javacpp-presets\opencv\3.4.0-1.4\opencv-3.4.0-1.4.jar;C:\Users\Tamir\.m2\repository\org\bytedeco\javacpp-presets\ffmpeg\3.4.1-1.4\ffmpeg-3.4.1-1.4.jar;C:\Users\Tamir\.m2\repository\org\bytedeco\javacpp-presets\flycapture\2.11.3.121-1.4\flycapture-2.11.3.121-1.4.jar;C:\Users\Tamir\.m2\repository\org\bytedeco\javacpp-presets\libdc1394\2.2.5-1.4\libdc1394-2.2.5-1.4.jar;C:\Users\Tamir\.m2\repository\org\bytedeco\javacpp-presets\libfreenect\0.5.3-1.4\libfreenect-0.5.3-1.4.jar;C:\Users\Tamir\.m2\repository\org\bytedeco\javacpp-presets\libfreenect2\0.2.0-1.4\libfreenect2-0.2.0-1.4.jar;C:\Users\Tamir\.m2\repository\org\bytedeco\javacpp-presets\librealsense\1.12.1-1.4\librealsense-1.12.1-1.4.jar;C:\Users\Tamir\.m2\repository\org\bytedeco\javacpp-presets\videoinput\0.200-1.4\videoinput-0.200-1.4.jar;C:\Users\Tamir\.m2\repository\org\bytedeco\javacpp-presets\artoolkitplus\2.3.1-1.4\artoolkitplus-2.3.1-1.4.jar;C:\Users\Tamir\.m2\repository\org\bytedeco\javacpp-presets\flandmark\1.07-1.4\flandmark-1.07-1.4.jar;C:\Users\Tamir\.m2\repository\org\bytedeco\javacpp-presets\opencv-platform\3.4.0-1.4\opencv-platform-3.4.0-1.4.jar;C:\Users\Tamir\.m2\repository\org\bytedeco\javacpp-presets\opencv\3.4.0-1.4\opencv-3.4.0-1.4-android-arm.jar;C:\Users\Tamir\.m2\repository\org\bytedeco\javacpp-presets\opencv\3.4.0-1.4\opencv-3.4.0-1.4-android-x86.jar;C:\Users\Tamir\.m2\repository\org\bytedeco\javacpp-presets\opencv\3.4.0-1.4\opencv-3.4.0-1.4-linux-x86.jar;C:\Users\Tamir\.m2\repository\org\bytedeco\javacpp-presets\opencv\3.4.0-1.4\opencv-3.4.0-1.4-linux-x86_64.jar;C:\Users\Tamir\.m2\repository\org\bytedeco\javacpp-presets\opencv\3.4.0-1.4\opencv
Launcher Type: SUN_STANDARD

[Global flags]
     intx CICompilerCount                          = 4                                         {product} {ergonomic}
     uint ConcGCThreads                            = 2                                         {product} {ergonomic}
     uint G1ConcRefinementThreads                  = 8                                         {product} {ergonomic}
   size_t G1HeapRegionSize                         = 1048576                                   {product} {ergonomic}
    uintx GCDrainStackTargetSize                   = 64                                        {product} {ergonomic}
   size_t InitialHeapSize                          = 132120576                                 {product} {ergonomic}
   size_t MarkStackSize                            = 4194304                                   {product} {ergonomic}
   size_t MaxHeapSize                              = 2099249152                                {product} {ergonomic}
   size_t MaxNewSize                               = 1259339776                                {product} {ergonomic}
   size_t MinHeapDeltaBytes                        = 1048576                                   {product} {ergonomic}
   size_t MinHeapSize                              = 8388608                                   {product} {ergonomic}
    uintx NonNMethodCodeHeapSize                   = 5839372                                {pd product} {ergonomic}
    uintx NonProfiledCodeHeapSize                  = 122909434                              {pd product} {ergonomic}
    uintx ProfiledCodeHeapSize                     = 122909434                              {pd product} {ergonomic}
    uintx ReservedCodeCacheSize                    = 251658240                              {pd product} {ergonomic}
     bool SegmentedCodeCache                       = true                                      {product} {ergonomic}
   size_t SoftMaxHeapSize                          = 2099249152                             {manageable} {ergonomic}
     bool UseCompressedClassPointers               = true                                 {lp64_product} {ergonomic}
     bool UseCompressedOops                        = true                                 {lp64_product} {ergonomic}
     bool UseG1GC                                  = true                                      {product} {ergonomic}
     bool UseLargePagesIndividualAllocation        = false                                  {pd product} {ergonomic}

Logging:
Log output configuration:
 #0: stdout all=off uptime,level,tags
 #1: stderr all=off uptime,level,tags

Environment Variables:
JAVA_HOME=C:\Program Files\Java\jdk-14
JRE_HOME=C:\Program Files (x86)\Java\jre1.8.0_241
PATH=C:\Users\Tamir\Documents\apache-ant-1.10.7\bin;C:\src\flutter\bin;C:\Program Files\Git\cmd;C:\Program Files\Java\jdk-14\bin;C:\Program Files\Git;C:\WINDOWS\system32;C:\Windows\System32;C:\Windows\System32\WindowsPowerShell\v1.0;C:\Gradle\gradle-6.2.2\bin;C:\Program Files\dotnet\;C:\Users\Tamir\AppData\Roaming\Python\Python38\Scripts;C:\Users\Tamir\AppData\Local\Programs\Python\Python38-32\Scripts\;C:\Users\Tamir\AppData\Local\Programs\Python\Python38-32\;C:\src\flutter\bin;C:\Users\Tamir\AppData\Local\GitHubDesktop\bin;C:\Users\Tamir\AppData\Local\atom\bin;C:\Users\Tamir\AppData\Local\Programs\Microsoft VS Code\bin;C:\Python27\Scripts;C:\Program Files\Java\jdk-14\bin;C:\Program Files (x86)\Java\jre1.8.0_241\bin;
USERNAME=Tamir
OS=Windows_NT
PROCESSOR_IDENTIFIER=Intel64 Family 6 Model 142 Stepping 10, GenuineIntel



---------------  S Y S T E M  ---------------

OS: Windows 10 , 64 bit Build 18362 (10.0.18362.329)

CPU:total 8 (initial active 8) (4 cores per cpu, 2 threads per core) family 6 model 142 stepping 10, cmov, cx8, fxsr, mmx, sse, sse2, sse3, ssse3, sse4.1, sse4.2, popcnt, avx, avx2, aes, clmul, erms, 3dnowpref, lzcnt, ht, tsc, tscinvbit, bmi1, bmi2, adx, fma

Memory: 4k page, system-wide physical 8007M (724M free)
TotalPageFile size 24391M (AvailPageFile size 12299M)
current process WorkingSet (physical memory assigned to process): 1589M, peak: 1589M
current process commit charge ("private bytes"): 1584M, peak: 1814M

vm_info: Java HotSpot(TM) 64-Bit Server VM (13.0.2+8) for windows-amd64 JRE (13.0.2+8), built on Dec 11 2019 09:20:33 by "mach5one" with unknown MS VC++:1916

END.
