#
# A fatal error has been detected by the Java Runtime Environment:
#
#  Internal Error (0xc000000d), pid=18464, tid=9792
#
# JRE version: Java(TM) SE Runtime Environment (14.0+36) (build 14+36-1461)
# Java VM: Java HotSpot(TM) 64-Bit Server VM (14+36-1461, mixed mode, sharing, tiered, compressed oops, g1 gc, windows-amd64)
# Problematic frame:
# C  [ntdll.dll+0x10f260]
#
# No core dump will be written. Minidumps are not enabled by default on client versions of Windows
#
# If you would like to submit a bug report, please visit:
#   https://bugreport.java.com/bugreport/crash.jsp
#

---------------  S U M M A R Y ------------

Command Line: -Dfile.encoding=UTF-8 com.emaraic.distance.DisMe2

Host: Intel(R) Core(TM) i7-8550U CPU @ 1.80GHz, 8 cores, 7G,  Windows 10 , 64 bit Build 18362 (10.0.18362.329)
Time: Thu Apr  9 11:25:38 2020 Jerusalem Daylight Time elapsed time: 8 seconds (0d 0h 0m 8s)

---------------  T H R E A D  ---------------

Current thread (0x0000015ffabe1000):  VMThread "VM Thread" [stack: 0x0000000ad3400000,0x0000000ad3500000] [id=9792]

Stack: [0x0000000ad3400000,0x0000000ad3500000],  sp=0x0000000ad34fe440,  free space=1017k
Native frames: (J=compiled Java code, j=interpreted, Vv=VM code, C=native code)
C  [ntdll.dll+0x10f260]
C  [ntdll.dll+0x365bb]
C  [ntdll.dll+0x36604]
C  [RTWorkQ.DLL+0xa7a9]


siginfo: EXCEPTION_?? (0xc000000d)


Register to memory mapping:

RIP=0x00007ff92a92f260 ntdll.dll
RAX=0x0 is NULL
RBX=0x0000015ffcd0fbc0 points into unknown readable memory: 01 00 00 00 00 00 00 00
RCX=0x0 is NULL
RDX=0x0 is NULL
RSP=0x0000000ad34fe440 points into unknown readable memory: 57 00 00 00 00 00 00 00
RBP=0x0000015ffd660680 points into unknown readable memory: 08 80 29 20 f9 7f 00 00
RSI=0x0000015ffd6608b8 points into unknown readable memory: 40 84 29 20 f9 7f 00 00
RDI=0x0000015ffd684030 points into unknown readable memory: 00 00 00 00 00 00 00 00
R8 =0x0 is NULL
R9 =0x0 is NULL
R10=0x0 is NULL
R11=0x0 is NULL
R12=0x0 is NULL
R13=0x0 is NULL
R14=0x0000015ffd683f80 points into unknown readable memory: 20 86 29 20 f9 7f 00 00
R15=0x0000015fd9c8da00 points into unknown readable memory: d0 85 29 20 f9 7f 00 00


Registers:
RAX=0x0000000000000000, RBX=0x0000015ffcd0fbc0, RCX=0x0000000000000000, RDX=0x0000000000000000
RSP=0x0000000ad34fe440, RBP=0x0000015ffd660680, RSI=0x0000015ffd6608b8, RDI=0x0000015ffd684030
R8 =0x0000000000000000, R9 =0x0000000000000000, R10=0x0000000000000000, R11=0x0000000000000000
R12=0x0000000000000000, R13=0x0000000000000000, R14=0x0000015ffd683f80, R15=0x0000015fd9c8da00
RIP=0x00007ff92a92f260, EFLAGS=0x0000000000000202

Top of Stack: (sp=0x0000000ad34fe440)
0x0000000ad34fe440:   0000000000000057 0000015ffcd0fbc0
0x0000000ad34fe450:   0000015ffd6608b8 00007ff92a84d04a
0x0000000ad34fe460:   00000000c000000d 0000000000000000
0x0000000ad34fe470:   00007ff92a92f260 0000000000000000
0x0000000ad34fe480:   0000000000000000 0000000000000000
0x0000000ad34fe490:   0000000000000000 0000000000000000
0x0000000ad34fe4a0:   0000000000000000 0000000000000000
0x0000000ad34fe4b0:   0000000000000000 0000000000000000
0x0000000ad34fe4c0:   0000000000000000 0000000000000000
0x0000000ad34fe4d0:   0000000000000000 0000000000000000
0x0000000ad34fe4e0:   0000000000000000 0000000000000000
0x0000000ad34fe4f0:   0000000000000000 0000000000000000
0x0000000ad34fe500:   00007a5f8a174762 0000000000000000
0x0000000ad34fe510:   0000000000000000 00007ff92a8565bb
0x0000000ad34fe520:   0000000000000000 0000000000000000
0x0000000ad34fe530:   0000000000000000 0000000000000000 

Instructions: (pc=0x00007ff92a92f260)
0x00007ff92a92f160:   5f c3 cc cc cc cc cc cc 48 81 ec d8 00 00 00 48
0x00007ff92a92f170:   8b 05 6a e3 06 00 48 33 c4 48 89 84 24 c0 00 00
0x00007ff92a92f180:   00 4d 85 c0 74 33 4d 8b 48 50 48 8d 05 ef f8 f1
0x00007ff92a92f190:   ff c7 44 24 38 05 00 00 00 4c 3b c8 75 0a 49 8b
0x00007ff92a92f1a0:   40 58 4c 8b 50 20 eb 03 45 33 d2 4d 85 d2 4d 0f
0x00007ff92a92f1b0:   45 ca 4c 89 4c 24 60 eb 08 c7 44 24 38 04 00 00
0x00007ff92a92f1c0:   00 48 83 64 24 28 00 48 83 64 24 58 00 48 63 c1
0x00007ff92a92f1d0:   48 8d 4c 24 20 48 89 44 24 40 c7 44 24 20 0a 07
0x00007ff92a92f1e0:   00 c0 48 89 54 24 48 4c 89 44 24 50 c7 44 24 24
0x00007ff92a92f1f0:   01 00 00 00 e8 f7 ac f5 ff 48 8b 8c 24 c0 00 00
0x00007ff92a92f200:   00 48 33 cc e8 a7 cf f7 ff 48 81 c4 d8 00 00 00
0x00007ff92a92f210:   c3 cc cc cc cc cc cc cc 48 81 ec d8 00 00 00 48
0x00007ff92a92f220:   8b 05 ba e2 06 00 48 33 c4 48 89 84 24 c0 00 00
0x00007ff92a92f230:   00 33 d2 41 b8 94 00 00 00 48 8d 4c 24 24 e8 bd
0x00007ff92a92f240:   3d f9 ff c7 44 24 20 0d 00 00 c0 b9 57 00 00 00
0x00007ff92a92f250:   e8 3b 43 f4 ff 90 48 8d 4c 24 20 e8 90 ac f5 ff
0x00007ff92a92f260:   eb 00 48 8b 8c 24 c0 00 00 00 48 33 cc e8 3e cf
0x00007ff92a92f270:   f7 ff 48 81 c4 d8 00 00 00 c3 40 55 48 83 ec 20
0x00007ff92a92f280:   48 8b ea e8 10 00 00 00 90 48 83 c4 20 5d c3 cc
0x00007ff92a92f290:   cc cc cc cc cc cc cc cc 48 83 ec 28 48 8b 51 08
0x00007ff92a92f2a0:   41 b8 03 00 00 00 48 8b 09 e8 c2 c8 fc ff 33 c0
0x00007ff92a92f2b0:   48 83 c4 28 c3 cc cc cc cc cc cc cc 48 8b 01 48
0x00007ff92a92f2c0:   83 c9 ff 8b 10 e9 66 d3 f8 ff cc cc cc cc cc cc
0x00007ff92a92f2d0:   4c 8b dc 48 81 ec 88 00 00 00 48 8b 05 ff e1 06
0x00007ff92a92f2e0:   00 48 33 c4 48 89 44 24 70 48 8b 84 24 b0 00 00
0x00007ff92a92f2f0:   00 41 ba 24 1c 00 00 49 89 43 d8 8b 84 24 b8 00
0x00007ff92a92f300:   00 00 66 45 89 53 9e 49 89 4b b8 49 89 53 c0 4d
0x00007ff92a92f310:   89 43 c8 4d 89 4b d0 89 44 24 68 e8 90 09 f3 ff
0x00007ff92a92f320:   85 c0 74 19 65 48 8b 04 25 60 00 00 00 48 8b 88
0x00007ff92a92f330:   90 00 00 00 48 81 c1 2c 02 00 00 eb 05 b9 86 03
0x00007ff92a92f340:   fe 7f 0f b6 09 4c 8d 4c 24 20 ba 03 04 00 00 41
0x00007ff92a92f350:   b8 2c 00 00 00 e8 06 d9 f8 ff 48 8b 4c 24 70 48 


Stack slot to memory mapping:
stack at sp + 0 slots: 0x0000000000000057 is an unknown value
stack at sp + 1 slots: 0x0000015ffcd0fbc0 points into unknown readable memory: 01 00 00 00 00 00 00 00
stack at sp + 2 slots: 0x0000015ffd6608b8 points into unknown readable memory: 40 84 29 20 f9 7f 00 00
stack at sp + 3 slots: 0x00007ff92a84d04a ntdll.dll
stack at sp + 4 slots: 
[error occurred during error reporting (inspecting top of stack), id 0xc0000005, EXCEPTION_ACCESS_VIOLATION (0xc0000005) at pc=0x00007ff89f151c74]

VM_Operation (0x0000000ad4efea10): Exit, mode: safepoint, requested by thread 0x0000015ffb684800


---------------  P R O C E S S  ---------------

Threads class SMR info:
_java_thread_list=0x0000015ffc1479c0, length=15, elements={
0x0000015fdbc7c000, 0x0000015ffabe3000, 0x0000015ffabe4000, 0x0000015ffabff000,
0x0000015ffac02000, 0x0000015ffac04000, 0x0000015ffac05800, 0x0000015ffac0a000,
0x0000015ffac16800, 0x0000015ffb682800, 0x0000015ffb683800, 0x0000015ffb687800,
0x0000015ffb685000, 0x0000015ffb688800, 0x0000015ffb684800
}

Java Threads: ( => current thread )
  0x0000015fdbc7c000 JavaThread "main" [_thread_blocked, id=19712, stack(0x0000000ad2e00000,0x0000000ad2f00000)]
  0x0000015ffabe3000 JavaThread "Reference Handler" daemon [_thread_blocked, id=12972, stack(0x0000000ad3500000,0x0000000ad3600000)]
  0x0000015ffabe4000 JavaThread "Finalizer" daemon [_thread_blocked, id=19044, stack(0x0000000ad3600000,0x0000000ad3700000)]
  0x0000015ffabff000 JavaThread "Signal Dispatcher" daemon [_thread_blocked, id=2036, stack(0x0000000ad3700000,0x0000000ad3800000)]
  0x0000015ffac02000 JavaThread "Attach Listener" daemon [_thread_blocked, id=15892, stack(0x0000000ad3800000,0x0000000ad3900000)]
  0x0000015ffac04000 JavaThread "Service Thread" daemon [_thread_blocked, id=7396, stack(0x0000000ad3900000,0x0000000ad3a00000)]
  0x0000015ffac05800 JavaThread "C2 CompilerThread0" daemon [_thread_blocked, id=11608, stack(0x0000000ad3a00000,0x0000000ad3b00000)]
  0x0000015ffac0a000 JavaThread "C1 CompilerThread0" daemon [_thread_blocked, id=12100, stack(0x0000000ad3b00000,0x0000000ad3c00000)]
  0x0000015ffac16800 JavaThread "Sweeper thread" daemon [_thread_blocked, id=9056, stack(0x0000000ad3c00000,0x0000000ad3d00000)]
  0x0000015ffb682800 JavaThread "Notification Thread" daemon [_thread_blocked, id=1624, stack(0x0000000ad3d00000,0x0000000ad3e00000)]
  0x0000015ffb683800 JavaThread "Common-Cleaner" daemon [_thread_blocked, id=2764, stack(0x0000000ad3f00000,0x0000000ad4000000)]
  0x0000015ffb687800 JavaThread "JavaCPP Deallocator" daemon [_thread_blocked, id=12400, stack(0x0000000ad4100000,0x0000000ad4200000)]
  0x0000015ffb685000 JavaThread "Java2D Disposer" daemon [_thread_blocked, id=17652, stack(0x0000000ad4b00000,0x0000000ad4c00000)]
  0x0000015ffb688800 JavaThread "AWT-Shutdown" [_thread_blocked, id=15096, stack(0x0000000ad4c00000,0x0000000ad4d00000)]
  0x0000015ffb684800 JavaThread "AWT-EventQueue-0" [_thread_blocked, id=6628, stack(0x0000000ad4e00000,0x0000000ad4f00000)]

Other Threads:
=>0x0000015ffabe1000 VMThread "VM Thread" [stack: 0x0000000ad3400000,0x0000000ad3500000] [id=9792]
  0x0000015fdbcbb800 GCTaskThread "GC Thread#0" [stack: 0x0000000ad2f00000,0x0000000ad3000000] [id=10068]
  0x0000015ffbf8a000 GCTaskThread "GC Thread#1" [stack: 0x0000000ad4200000,0x0000000ad4300000] [id=4896]
  0x0000015ffc1e8000 GCTaskThread "GC Thread#2" [stack: 0x0000000ad4300000,0x0000000ad4400000] [id=3276]
  0x0000015ffd0d0800 GCTaskThread "GC Thread#3" [stack: 0x0000000ad5400000,0x0000000ad5500000] [id=6060]
  0x0000015ffd0d1000 GCTaskThread "GC Thread#4" [stack: 0x0000000ad5500000,0x0000000ad5600000] [id=20004]
  0x0000015ffd0d1800 GCTaskThread "GC Thread#5" [stack: 0x0000000ad5600000,0x0000000ad5700000] [id=3012]
  0x0000015fdbcce000 ConcurrentGCThread "G1 Main Marker" [stack: 0x0000000ad3000000,0x0000000ad3100000] [id=7588]
  0x0000015fdbccf800 ConcurrentGCThread "G1 Conc#0" [stack: 0x0000000ad3100000,0x0000000ad3200000] [id=13732]
  0x0000015ffaa50800 ConcurrentGCThread "G1 Refine#0" [stack: 0x0000000ad3200000,0x0000000ad3300000] [id=2572]
  0x0000015ffaa51800 ConcurrentGCThread "G1 Young RemSet Sampling" [stack: 0x0000000ad3300000,0x0000000ad3400000] [id=19920]

Threads with active compile tasks:

VM state:at safepoint (shutting down)

VM Mutex/Monitor currently owned by a thread:  ([mutex/lock_event])
[0x0000015fdbc76290] Threads_lock - owner thread: 0x0000015ffabe1000
[0x0000015fdbc75630] Heap_lock - owner thread: 0x0000015ffb684800

Heap address: 0x0000000082e00000, size: 2002 MB, Compressed Oops mode: 32-bit
Narrow klass base: 0x0000000800000000, Narrow klass shift: 3
Compressed class space size: 1073741824 Address: 0x0000000800b30000

Heap:
 garbage-first heap   total 129024K, used 24908K [0x0000000082e00000, 0x0000000100000000)
  region size 1024K, 20 young (20480K), 4 survivors (4096K)
 Metaspace       used 10687K, capacity 10974K, committed 11264K, reserved 1058816K
  class space    used 1079K, capacity 1204K, committed 1280K, reserved 1048576K
Heap Regions: E=young(eden), S=young(survivor), O=old, HS=humongous(starts), HC=humongous(continues), CS=collection set, F=free, OA=open archive, CA=closed archive, TAMS=top-at-mark-start (previous, next)
|   0|0x0000000082e00000, 0x0000000082f00000, 0x0000000082f00000|100%|HS|  |TAMS 0x0000000082e00000, 0x0000000082e00000| Complete 
|   1|0x0000000082f00000, 0x0000000083000000, 0x0000000083000000|100%|HC|  |TAMS 0x0000000082f00000, 0x0000000082f00000| Complete 
|   2|0x0000000083000000, 0x0000000083100000, 0x0000000083100000|100%|HS|  |TAMS 0x0000000083000000, 0x0000000083000000| Complete 
|   3|0x0000000083100000, 0x0000000083200000, 0x0000000083200000|100%|HC|  |TAMS 0x0000000083100000, 0x0000000083100000| Complete 
|   4|0x0000000083200000, 0x0000000083300000, 0x0000000083300000|100%|HS|  |TAMS 0x0000000083200000, 0x0000000083200000| Complete 
|   5|0x0000000083300000, 0x0000000083400000, 0x0000000083400000|100%|HC|  |TAMS 0x0000000083300000, 0x0000000083300000| Complete 
|   6|0x0000000083400000, 0x0000000083400000, 0x0000000083500000|  0%| F|  |TAMS 0x0000000083400000, 0x0000000083400000| Untracked 
|   7|0x0000000083500000, 0x0000000083500000, 0x0000000083600000|  0%| F|  |TAMS 0x0000000083500000, 0x0000000083500000| Untracked 
|   8|0x0000000083600000, 0x0000000083600000, 0x0000000083700000|  0%| F|  |TAMS 0x0000000083600000, 0x0000000083600000| Untracked 
|   9|0x0000000083700000, 0x0000000083700000, 0x0000000083800000|  0%| F|  |TAMS 0x0000000083700000, 0x0000000083700000| Untracked 
|  10|0x0000000083800000, 0x0000000083800000, 0x0000000083900000|  0%| F|  |TAMS 0x0000000083800000, 0x0000000083800000| Untracked 
|  11|0x0000000083900000, 0x0000000083900000, 0x0000000083a00000|  0%| F|  |TAMS 0x0000000083900000, 0x0000000083900000| Untracked 
|  12|0x0000000083a00000, 0x0000000083a00000, 0x0000000083b00000|  0%| F|  |TAMS 0x0000000083a00000, 0x0000000083a00000| Untracked 
|  13|0x0000000083b00000, 0x0000000083b00000, 0x0000000083c00000|  0%| F|  |TAMS 0x0000000083b00000, 0x0000000083b00000| Untracked 
|  14|0x0000000083c00000, 0x0000000083c00000, 0x0000000083d00000|  0%| F|  |TAMS 0x0000000083c00000, 0x0000000083c00000| Untracked 
|  15|0x0000000083d00000, 0x0000000083d00000, 0x0000000083e00000|  0%| F|  |TAMS 0x0000000083d00000, 0x0000000083d00000| Untracked 
|  16|0x0000000083e00000, 0x0000000083e00000, 0x0000000083f00000|  0%| F|  |TAMS 0x0000000083e00000, 0x0000000083e00000| Untracked 
|  17|0x0000000083f00000, 0x0000000083f00000, 0x0000000084000000|  0%| F|  |TAMS 0x0000000083f00000, 0x0000000083f00000| Untracked 
|  18|0x0000000084000000, 0x0000000084000000, 0x0000000084100000|  0%| F|  |TAMS 0x0000000084000000, 0x0000000084000000| Untracked 
|  19|0x0000000084100000, 0x0000000084100000, 0x0000000084200000|  0%| F|  |TAMS 0x0000000084100000, 0x0000000084100000| Untracked 
|  20|0x0000000084200000, 0x0000000084200000, 0x0000000084300000|  0%| F|  |TAMS 0x0000000084200000, 0x0000000084200000| Untracked 
|  21|0x0000000084300000, 0x0000000084300000, 0x0000000084400000|  0%| F|  |TAMS 0x0000000084300000, 0x0000000084300000| Untracked 
|  22|0x0000000084400000, 0x0000000084400000, 0x0000000084500000|  0%| F|  |TAMS 0x0000000084400000, 0x0000000084400000| Untracked 
|  23|0x0000000084500000, 0x0000000084500000, 0x0000000084600000|  0%| F|  |TAMS 0x0000000084500000, 0x0000000084500000| Untracked 
|  24|0x0000000084600000, 0x0000000084600000, 0x0000000084700000|  0%| F|  |TAMS 0x0000000084600000, 0x0000000084600000| Untracked 
|  25|0x0000000084700000, 0x0000000084700000, 0x0000000084800000|  0%| F|  |TAMS 0x0000000084700000, 0x0000000084700000| Untracked 
|  26|0x0000000084800000, 0x0000000084800000, 0x0000000084900000|  0%| F|  |TAMS 0x0000000084800000, 0x0000000084800000| Untracked 
|  27|0x0000000084900000, 0x0000000084900000, 0x0000000084a00000|  0%| F|  |TAMS 0x0000000084900000, 0x0000000084900000| Untracked 
|  28|0x0000000084a00000, 0x0000000084a00000, 0x0000000084b00000|  0%| F|  |TAMS 0x0000000084a00000, 0x0000000084a00000| Untracked 
|  29|0x0000000084b00000, 0x0000000084b00000, 0x0000000084c00000|  0%| F|  |TAMS 0x0000000084b00000, 0x0000000084b00000| Untracked 
|  30|0x0000000084c00000, 0x0000000084c00000, 0x0000000084d00000|  0%| F|  |TAMS 0x0000000084c00000, 0x0000000084c00000| Untracked 
|  31|0x0000000084d00000, 0x0000000084d00000, 0x0000000084e00000|  0%| F|  |TAMS 0x0000000084d00000, 0x0000000084d00000| Untracked 
|  32|0x0000000084e00000, 0x0000000084e00000, 0x0000000084f00000|  0%| F|  |TAMS 0x0000000084e00000, 0x0000000084e00000| Untracked 
|  33|0x0000000084f00000, 0x0000000084f00000, 0x0000000085000000|  0%| F|  |TAMS 0x0000000084f00000, 0x0000000084f00000| Untracked 
|  34|0x0000000085000000, 0x0000000085000000, 0x0000000085100000|  0%| F|  |TAMS 0x0000000085000000, 0x0000000085000000| Untracked 
|  35|0x0000000085100000, 0x0000000085100000, 0x0000000085200000|  0%| F|  |TAMS 0x0000000085100000, 0x0000000085100000| Untracked 
|  36|0x0000000085200000, 0x0000000085200000, 0x0000000085300000|  0%| F|  |TAMS 0x0000000085200000, 0x0000000085200000| Untracked 
|  37|0x0000000085300000, 0x0000000085300000, 0x0000000085400000|  0%| F|  |TAMS 0x0000000085300000, 0x0000000085300000| Untracked 
|  38|0x0000000085400000, 0x0000000085400000, 0x0000000085500000|  0%| F|  |TAMS 0x0000000085400000, 0x0000000085400000| Untracked 
|  39|0x0000000085500000, 0x0000000085500000, 0x0000000085600000|  0%| F|  |TAMS 0x0000000085500000, 0x0000000085500000| Untracked 
|  40|0x0000000085600000, 0x0000000085600000, 0x0000000085700000|  0%| F|  |TAMS 0x0000000085600000, 0x0000000085600000| Untracked 
|  41|0x0000000085700000, 0x0000000085700000, 0x0000000085800000|  0%| F|  |TAMS 0x0000000085700000, 0x0000000085700000| Untracked 
|  42|0x0000000085800000, 0x0000000085800000, 0x0000000085900000|  0%| F|  |TAMS 0x0000000085800000, 0x0000000085800000| Untracked 
|  43|0x0000000085900000, 0x0000000085900000, 0x0000000085a00000|  0%| F|  |TAMS 0x0000000085900000, 0x0000000085900000| Untracked 
|  44|0x0000000085a00000, 0x0000000085a00000, 0x0000000085b00000|  0%| F|  |TAMS 0x0000000085a00000, 0x0000000085a00000| Untracked 
|  45|0x0000000085b00000, 0x0000000085b00000, 0x0000000085c00000|  0%| F|  |TAMS 0x0000000085b00000, 0x0000000085b00000| Untracked 
|  46|0x0000000085c00000, 0x0000000085c00000, 0x0000000085d00000|  0%| F|  |TAMS 0x0000000085c00000, 0x0000000085c00000| Untracked 
|  47|0x0000000085d00000, 0x0000000085d53138, 0x0000000085e00000| 32%| S|CS|TAMS 0x0000000085d00000, 0x0000000085d00000| Complete 
|  48|0x0000000085e00000, 0x0000000085f00000, 0x0000000085f00000|100%| S|CS|TAMS 0x0000000085e00000, 0x0000000085e00000| Complete 
|  49|0x0000000085f00000, 0x0000000086000000, 0x0000000086000000|100%| S|CS|TAMS 0x0000000085f00000, 0x0000000085f00000| Complete 
|  50|0x0000000086000000, 0x0000000086100000, 0x0000000086100000|100%| S|CS|TAMS 0x0000000086000000, 0x0000000086000000| Complete 
|  51|0x0000000086100000, 0x0000000086100000, 0x0000000086200000|  0%| F|  |TAMS 0x0000000086100000, 0x0000000086100000| Untracked 
|  52|0x0000000086200000, 0x0000000086200000, 0x0000000086300000|  0%| F|  |TAMS 0x0000000086200000, 0x0000000086200000| Untracked 
|  53|0x0000000086300000, 0x0000000086300000, 0x0000000086400000|  0%| F|  |TAMS 0x0000000086300000, 0x0000000086300000| Untracked 
|  54|0x0000000086400000, 0x0000000086400000, 0x0000000086500000|  0%| F|  |TAMS 0x0000000086400000, 0x0000000086400000| Untracked 
|  55|0x0000000086500000, 0x0000000086500000, 0x0000000086600000|  0%| F|  |TAMS 0x0000000086500000, 0x0000000086500000| Untracked 
|  56|0x0000000086600000, 0x0000000086600000, 0x0000000086700000|  0%| F|  |TAMS 0x0000000086600000, 0x0000000086600000| Untracked 
|  57|0x0000000086700000, 0x0000000086700000, 0x0000000086800000|  0%| F|  |TAMS 0x0000000086700000, 0x0000000086700000| Untracked 
|  58|0x0000000086800000, 0x0000000086800000, 0x0000000086900000|  0%| F|  |TAMS 0x0000000086800000, 0x0000000086800000| Untracked 
|  59|0x0000000086900000, 0x0000000086900000, 0x0000000086a00000|  0%| F|  |TAMS 0x0000000086900000, 0x0000000086900000| Untracked 
|  60|0x0000000086a00000, 0x0000000086a00000, 0x0000000086b00000|  0%| F|  |TAMS 0x0000000086a00000, 0x0000000086a00000| Untracked 
|  61|0x0000000086b00000, 0x0000000086b00000, 0x0000000086c00000|  0%| F|  |TAMS 0x0000000086b00000, 0x0000000086b00000| Untracked 
|  62|0x0000000086c00000, 0x0000000086c00000, 0x0000000086d00000|  0%| F|  |TAMS 0x0000000086c00000, 0x0000000086c00000| Untracked 
|  63|0x0000000086d00000, 0x0000000086d00000, 0x0000000086e00000|  0%| F|  |TAMS 0x0000000086d00000, 0x0000000086d00000| Untracked 
|  64|0x0000000086e00000, 0x0000000086e00000, 0x0000000086f00000|  0%| F|  |TAMS 0x0000000086e00000, 0x0000000086e00000| Untracked 
|  65|0x0000000086f00000, 0x0000000086f00000, 0x0000000087000000|  0%| F|  |TAMS 0x0000000086f00000, 0x0000000086f00000| Untracked 
|  66|0x0000000087000000, 0x0000000087000000, 0x0000000087100000|  0%| F|  |TAMS 0x0000000087000000, 0x0000000087000000| Untracked 
|  67|0x0000000087100000, 0x0000000087100000, 0x0000000087200000|  0%| F|  |TAMS 0x0000000087100000, 0x0000000087100000| Untracked 
|  68|0x0000000087200000, 0x0000000087200000, 0x0000000087300000|  0%| F|  |TAMS 0x0000000087200000, 0x0000000087200000| Untracked 
|  69|0x0000000087300000, 0x0000000087300000, 0x0000000087400000|  0%| F|  |TAMS 0x0000000087300000, 0x0000000087300000| Untracked 
|  70|0x0000000087400000, 0x0000000087400000, 0x0000000087500000|  0%| F|  |TAMS 0x0000000087400000, 0x0000000087400000| Untracked 
|  71|0x0000000087500000, 0x0000000087500000, 0x0000000087600000|  0%| F|  |TAMS 0x0000000087500000, 0x0000000087500000| Untracked 
|  72|0x0000000087600000, 0x0000000087600000, 0x0000000087700000|  0%| F|  |TAMS 0x0000000087600000, 0x0000000087600000| Untracked 
|  73|0x0000000087700000, 0x0000000087700000, 0x0000000087800000|  0%| F|  |TAMS 0x0000000087700000, 0x0000000087700000| Untracked 
|  74|0x0000000087800000, 0x0000000087800000, 0x0000000087900000|  0%| F|  |TAMS 0x0000000087800000, 0x0000000087800000| Untracked 
|  75|0x0000000087900000, 0x0000000087900000, 0x0000000087a00000|  0%| F|  |TAMS 0x0000000087900000, 0x0000000087900000| Untracked 
|  76|0x0000000087a00000, 0x0000000087a00000, 0x0000000087b00000|  0%| F|  |TAMS 0x0000000087a00000, 0x0000000087a00000| Untracked 
|  77|0x0000000087b00000, 0x0000000087b00000, 0x0000000087c00000|  0%| F|  |TAMS 0x0000000087b00000, 0x0000000087b00000| Untracked 
|  78|0x0000000087c00000, 0x0000000087c00000, 0x0000000087d00000|  0%| F|  |TAMS 0x0000000087c00000, 0x0000000087c00000| Untracked 
|  79|0x0000000087d00000, 0x0000000087d00000, 0x0000000087e00000|  0%| F|  |TAMS 0x0000000087d00000, 0x0000000087d00000| Untracked 
|  80|0x0000000087e00000, 0x0000000087e00000, 0x0000000087f00000|  0%| F|  |TAMS 0x0000000087e00000, 0x0000000087e00000| Untracked 
|  81|0x0000000087f00000, 0x0000000087f00000, 0x0000000088000000|  0%| F|  |TAMS 0x0000000087f00000, 0x0000000087f00000| Untracked 
|  82|0x0000000088000000, 0x0000000088000000, 0x0000000088100000|  0%| F|  |TAMS 0x0000000088000000, 0x0000000088000000| Untracked 
|  83|0x0000000088100000, 0x0000000088100000, 0x0000000088200000|  0%| F|  |TAMS 0x0000000088100000, 0x0000000088100000| Untracked 
|  84|0x0000000088200000, 0x0000000088200000, 0x0000000088300000|  0%| F|  |TAMS 0x0000000088200000, 0x0000000088200000| Untracked 
|  85|0x0000000088300000, 0x0000000088300000, 0x0000000088400000|  0%| F|  |TAMS 0x0000000088300000, 0x0000000088300000| Untracked 
|  86|0x0000000088400000, 0x0000000088400000, 0x0000000088500000|  0%| F|  |TAMS 0x0000000088400000, 0x0000000088400000| Untracked 
|  87|0x0000000088500000, 0x0000000088500000, 0x0000000088600000|  0%| F|  |TAMS 0x0000000088500000, 0x0000000088500000| Untracked 
|  88|0x0000000088600000, 0x0000000088600000, 0x0000000088700000|  0%| F|  |TAMS 0x0000000088600000, 0x0000000088600000| Untracked 
|  89|0x0000000088700000, 0x0000000088700000, 0x0000000088800000|  0%| F|  |TAMS 0x0000000088700000, 0x0000000088700000| Untracked 
|  90|0x0000000088800000, 0x0000000088800000, 0x0000000088900000|  0%| F|  |TAMS 0x0000000088800000, 0x0000000088800000| Untracked 
|  91|0x0000000088900000, 0x0000000088900000, 0x0000000088a00000|  0%| F|  |TAMS 0x0000000088900000, 0x0000000088900000| Untracked 
|  92|0x0000000088a00000, 0x0000000088a00000, 0x0000000088b00000|  0%| F|  |TAMS 0x0000000088a00000, 0x0000000088a00000| Untracked 
|  93|0x0000000088b00000, 0x0000000088b00000, 0x0000000088c00000|  0%| F|  |TAMS 0x0000000088b00000, 0x0000000088b00000| Untracked 
|  94|0x0000000088c00000, 0x0000000088c00000, 0x0000000088d00000|  0%| F|  |TAMS 0x0000000088c00000, 0x0000000088c00000| Untracked 
|  95|0x0000000088d00000, 0x0000000088d00000, 0x0000000088e00000|  0%| F|  |TAMS 0x0000000088d00000, 0x0000000088d00000| Untracked 
|  96|0x0000000088e00000, 0x0000000088e00000, 0x0000000088f00000|  0%| F|  |TAMS 0x0000000088e00000, 0x0000000088e00000| Untracked 
|  97|0x0000000088f00000, 0x0000000088f00000, 0x0000000089000000|  0%| F|  |TAMS 0x0000000088f00000, 0x0000000088f00000| Untracked 
|  98|0x0000000089000000, 0x0000000089000000, 0x0000000089100000|  0%| F|  |TAMS 0x0000000089000000, 0x0000000089000000| Untracked 
|  99|0x0000000089100000, 0x0000000089100000, 0x0000000089200000|  0%| F|  |TAMS 0x0000000089100000, 0x0000000089100000| Untracked 
| 100|0x0000000089200000, 0x0000000089200000, 0x0000000089300000|  0%| F|  |TAMS 0x0000000089200000, 0x0000000089200000| Untracked 
| 101|0x0000000089300000, 0x0000000089300000, 0x0000000089400000|  0%| F|  |TAMS 0x0000000089300000, 0x0000000089300000| Untracked 
| 102|0x0000000089400000, 0x0000000089400000, 0x0000000089500000|  0%| F|  |TAMS 0x0000000089400000, 0x0000000089400000| Untracked 
| 103|0x0000000089500000, 0x0000000089500000, 0x0000000089600000|  0%| F|  |TAMS 0x0000000089500000, 0x0000000089500000| Untracked 
| 104|0x0000000089600000, 0x0000000089600000, 0x0000000089700000|  0%| F|  |TAMS 0x0000000089600000, 0x0000000089600000| Untracked 
| 105|0x0000000089700000, 0x0000000089700000, 0x0000000089800000|  0%| F|  |TAMS 0x0000000089700000, 0x0000000089700000| Untracked 
| 106|0x0000000089800000, 0x0000000089800000, 0x0000000089900000|  0%| F|  |TAMS 0x0000000089800000, 0x0000000089800000| Untracked 
| 107|0x0000000089900000, 0x0000000089900000, 0x0000000089a00000|  0%| F|  |TAMS 0x0000000089900000, 0x0000000089900000| Untracked 
| 108|0x0000000089a00000, 0x0000000089a00000, 0x0000000089b00000|  0%| F|  |TAMS 0x0000000089a00000, 0x0000000089a00000| Untracked 
| 109|0x0000000089b00000, 0x0000000089b00000, 0x0000000089c00000|  0%| F|  |TAMS 0x0000000089b00000, 0x0000000089b00000| Untracked 
| 110|0x0000000089c00000, 0x0000000089cf9ad8, 0x0000000089d00000| 97%| E|  |TAMS 0x0000000089c00000, 0x0000000089c00000| Complete 
| 111|0x0000000089d00000, 0x0000000089e00000, 0x0000000089e00000|100%| E|CS|TAMS 0x0000000089d00000, 0x0000000089d00000| Complete 
| 112|0x0000000089e00000, 0x0000000089f00000, 0x0000000089f00000|100%| E|CS|TAMS 0x0000000089e00000, 0x0000000089e00000| Complete 
| 113|0x0000000089f00000, 0x000000008a000000, 0x000000008a000000|100%| E|CS|TAMS 0x0000000089f00000, 0x0000000089f00000| Complete 
| 114|0x000000008a000000, 0x000000008a100000, 0x000000008a100000|100%| E|CS|TAMS 0x000000008a000000, 0x000000008a000000| Complete 
| 115|0x000000008a100000, 0x000000008a200000, 0x000000008a200000|100%| E|CS|TAMS 0x000000008a100000, 0x000000008a100000| Complete 
| 116|0x000000008a200000, 0x000000008a300000, 0x000000008a300000|100%| E|CS|TAMS 0x000000008a200000, 0x000000008a200000| Complete 
| 117|0x000000008a300000, 0x000000008a400000, 0x000000008a400000|100%| E|CS|TAMS 0x000000008a300000, 0x000000008a300000| Complete 
| 118|0x000000008a400000, 0x000000008a500000, 0x000000008a500000|100%| E|CS|TAMS 0x000000008a400000, 0x000000008a400000| Complete 
| 119|0x000000008a500000, 0x000000008a600000, 0x000000008a600000|100%| E|CS|TAMS 0x000000008a500000, 0x000000008a500000| Complete 
| 120|0x000000008a600000, 0x000000008a700000, 0x000000008a700000|100%| E|CS|TAMS 0x000000008a600000, 0x000000008a600000| Complete 
| 121|0x000000008a700000, 0x000000008a800000, 0x000000008a800000|100%| E|CS|TAMS 0x000000008a700000, 0x000000008a700000| Complete 
| 122|0x000000008a800000, 0x000000008a900000, 0x000000008a900000|100%| E|CS|TAMS 0x000000008a800000, 0x000000008a800000| Complete 
| 123|0x000000008a900000, 0x000000008aa00000, 0x000000008aa00000|100%| E|CS|TAMS 0x000000008a900000, 0x000000008a900000| Complete 
| 124|0x000000008aa00000, 0x000000008ab00000, 0x000000008ab00000|100%| E|CS|TAMS 0x000000008aa00000, 0x000000008aa00000| Complete 
| 125|0x000000008ab00000, 0x000000008ac00000, 0x000000008ac00000|100%| E|CS|TAMS 0x000000008ab00000, 0x000000008ab00000| Complete 

Card table byte_map: [0x0000015ff3b20000,0x0000015ff3f10000] _byte_map_base: 0x0000015ff3709000

Marking Bits (Prev, Next): (CMBitMap*) 0x0000015fdbcbc648, (CMBitMap*) 0x0000015fdbcbc688
 Prev Bits: [0x0000015ff4300000, 0x0000015ff6248000)
 Next Bits: [0x0000015ff6250000, 0x0000015ff8198000)

Polling page: 0x0000015fd9aa0000

Metaspace:

Usage:
  Non-class:      9.54 MB capacity,     9.38 MB ( 98%) used,   138.88 KB (  1%) free+waste,    23.00 KB ( <1%) overhead. 
      Class:      1.18 MB capacity,     1.05 MB ( 90%) used,   110.71 KB (  9%) free+waste,    14.00 KB (  1%) overhead. 
       Both:     10.72 MB capacity,    10.44 MB ( 97%) used,   249.59 KB (  2%) free+waste,    37.00 KB ( <1%) overhead. 

Virtual space:
  Non-class space:       10.00 MB reserved,       9.75 MB ( 98%) committed 
      Class space:        1.00 GB reserved,       1.25 MB ( <1%) committed 
             Both:        1.01 GB reserved,      11.00 MB (  1%) committed 

Chunk freelists:
   Non-Class:  22.00 KB
       Class:  12.00 KB
        Both:  34.00 KB

MaxMetaspaceSize: 17179869184.00 GB
CompressedClassSpaceSize: 1.00 GB

CodeHeap 'non-profiled nmethods': size=120000Kb used=957Kb max_used=957Kb free=119043Kb
 bounds [0x0000015febed0000, 0x0000015fec140000, 0x0000015ff3400000]
CodeHeap 'profiled nmethods': size=120000Kb used=3251Kb max_used=3251Kb free=116748Kb
 bounds [0x0000015fe49a0000, 0x0000015fe4cd0000, 0x0000015febed0000]
CodeHeap 'non-nmethods': size=5760Kb used=1343Kb max_used=1374Kb free=4416Kb
 bounds [0x0000015fe4400000, 0x0000015fe4670000, 0x0000015fe49a0000]
 total_blobs=2939 nmethods=1565 adapters=567
 compilation: enabled
              stopped_count=0, restarted_count=0
 full_count=0

Compilation events (20 events):
Event: 4.945 Thread 0x0000015ffac0a000 1558       3       org.bytedeco.javacpp.helper.opencv_core$AbstractMat::arrayHeight (5 bytes)
Event: 4.945 Thread 0x0000015ffac0a000 nmethod 1558 0x0000015fe4cc7790 code [0x0000015fe4cc7940, 0x0000015fe4cc7b28]
Event: 4.945 Thread 0x0000015ffac0a000 1559       3       org.bytedeco.javacpp.helper.opencv_core$AbstractMat::arrayWidth (5 bytes)
Event: 4.945 Thread 0x0000015ffac0a000 nmethod 1559 0x0000015fe4cc7c10 code [0x0000015fe4cc7dc0, 0x0000015fe4cc7fa8]
Event: 4.945 Thread 0x0000015ffac0a000 1560       3       org.bytedeco.javacpp.helper.opencv_core$AbstractMat::arrayStep (6 bytes)
Event: 4.945 Thread 0x0000015ffac0a000 nmethod 1560 0x0000015fe4cc8090 code [0x0000015fe4cc8240, 0x0000015fe4cc8428]
Event: 4.945 Thread 0x0000015ffac0a000 1561       3       org.bytedeco.javacpp.indexer.UByteIndexer::create (83 bytes)
Event: 4.945 Thread 0x0000015ffac0a000 nmethod 1561 0x0000015fe4cc8510 code [0x0000015fe4cc8700, 0x0000015fe4cc8d78]
Event: 5.161 Thread 0x0000015ffac0a000 1562       3       org.bytedeco.javacpp.indexer.UByteIndexer::<init> (7 bytes)
Event: 5.161 Thread 0x0000015ffac0a000 nmethod 1562 0x0000015fe4cc9010 code [0x0000015fe4cc91c0, 0x0000015fe4cc9458]
Event: 5.161 Thread 0x0000015ffac0a000 1563       3       org.bytedeco.javacpp.indexer.Indexer::<init> (15 bytes)
Event: 5.161 Thread 0x0000015ffac0a000 nmethod 1563 0x0000015fe4cc9590 code [0x0000015fe4cc9740, 0x0000015fe4cc9978]
Event: 5.162 Thread 0x0000015ffac0a000 1564       3       org.bytedeco.javacpp.indexer.UByteRawIndexer::<init> (38 bytes)
Event: 5.162 Thread 0x0000015ffac0a000 nmethod 1564 0x0000015fe4cc9a10 code [0x0000015fe4cc9be0, 0x0000015fe4cca1d8]
Event: 5.221 Thread 0x0000015ffac0a000 1565       3       org.bytedeco.javacv.Java2DFrameConverter::flipCopyWithGamma (608 bytes)
Event: 5.223 Thread 0x0000015ffac0a000 nmethod 1565 0x0000015fe4cca310 code [0x0000015fe4cca780, 0x0000015fe4ccc528]
Event: 5.887 Thread 0x0000015ffac05800 1566       4       java.lang.Object::equals (11 bytes)
Event: 5.888 Thread 0x0000015ffac05800 nmethod 1566 0x0000015febfbea10 code [0x0000015febfbeb80, 0x0000015febfbebf8]
Event: 5.904 Thread 0x0000015ffac05800 1567   !   4       java.util.WeakHashMap::expungeStaleEntries (139 bytes)
Event: 5.906 Thread 0x0000015ffac05800 nmethod 1567 0x0000015febfbed10 code [0x0000015febfbeec0, 0x0000015febfbf2c8]

GC Heap History (6 events):
Event: 0.770 GC heap before
{Heap before GC invocations=0 (full 0):
 garbage-first heap   total 129024K, used 23552K [0x0000000082e00000, 0x0000000100000000)
  region size 1024K, 23 young (23552K), 0 survivors (0K)
 Metaspace       used 3967K, capacity 6878K, committed 7168K, reserved 1056768K
  class space    used 375K, capacity 673K, committed 768K, reserved 1048576K
}
Event: 0.774 GC heap after
{Heap after GC invocations=1 (full 0):
 garbage-first heap   total 129024K, used 2122K [0x0000000082e00000, 0x0000000100000000)
  region size 1024K, 3 young (3072K), 3 survivors (3072K)
 Metaspace       used 3967K, capacity 6878K, committed 7168K, reserved 1056768K
  class space    used 375K, capacity 673K, committed 768K, reserved 1048576K
}
Event: 1.375 GC heap before
{Heap before GC invocations=1 (full 0):
 garbage-first heap   total 129024K, used 35914K [0x0000000082e00000, 0x0000000100000000)
  region size 1024K, 36 young (36864K), 3 survivors (3072K)
 Metaspace       used 4646K, capacity 7365K, committed 7680K, reserved 1056768K
  class space    used 409K, capacity 706K, committed 768K, reserved 1048576K
}
Event: 1.378 GC heap after
{Heap after GC invocations=2 (full 0):
 garbage-first heap   total 129024K, used 2284K [0x0000000082e00000, 0x0000000100000000)
  region size 1024K, 3 young (3072K), 3 survivors (3072K)
 Metaspace       used 4646K, capacity 7365K, committed 7680K, reserved 1056768K
  class space    used 409K, capacity 706K, committed 768K, reserved 1048576K
}
Event: 4.249 GC heap before
{Heap before GC invocations=2 (full 0):
 garbage-first heap   total 129024K, used 80108K [0x0000000082e00000, 0x0000000100000000)
  region size 1024K, 75 young (76800K), 3 survivors (3072K)
 Metaspace       used 10596K, capacity 10814K, committed 11008K, reserved 1058816K
  class space    used 1074K, capacity 1172K, committed 1280K, reserved 1048576K
}
Event: 4.253 GC heap after
{Heap after GC invocations=3 (full 0):
 garbage-first heap   total 129024K, used 7500K [0x0000000082e00000, 0x0000000100000000)
  region size 1024K, 4 young (4096K), 4 survivors (4096K)
 Metaspace       used 10596K, capacity 10814K, committed 11008K, reserved 1058816K
  class space    used 1074K, capacity 1172K, committed 1280K, reserved 1048576K
}

Deoptimization events (20 events):
Event: 4.528 Thread 0x0000015fdbc7c000 DEOPT PACKING pc=0x0000015fe4cba140 sp=0x0000000ad2efef70
Event: 4.528 Thread 0x0000015fdbc7c000 DEOPT UNPACKING pc=0x0000015fe444964e sp=0x0000000ad2efe4f8 mode 0
Event: 4.528 Thread 0x0000015fdbc7c000 DEOPT PACKING pc=0x0000015fe4cba140 sp=0x0000000ad2efef70
Event: 4.528 Thread 0x0000015fdbc7c000 DEOPT UNPACKING pc=0x0000015fe444964e sp=0x0000000ad2efe4f8 mode 0
Event: 4.529 Thread 0x0000015fdbc7c000 DEOPT PACKING pc=0x0000015fe4cba140 sp=0x0000000ad2efef70
Event: 4.529 Thread 0x0000015fdbc7c000 DEOPT UNPACKING pc=0x0000015fe444964e sp=0x0000000ad2efe4f8 mode 0
Event: 4.529 Thread 0x0000015fdbc7c000 DEOPT PACKING pc=0x0000015fe4cba140 sp=0x0000000ad2efef70
Event: 4.529 Thread 0x0000015fdbc7c000 DEOPT UNPACKING pc=0x0000015fe444964e sp=0x0000000ad2efe4f8 mode 0
Event: 4.752 Thread 0x0000015fdbc7c000 DEOPT PACKING pc=0x0000015fe4cbce17 sp=0x0000000ad2efeff0
Event: 4.752 Thread 0x0000015fdbc7c000 DEOPT UNPACKING pc=0x0000015fe444964e sp=0x0000000ad2efe4d8 mode 0
Event: 4.984 Thread 0x0000015fdbc7c000 Uncommon trap: trap_request=0xffffff45 fr.pc=0x0000015febfbc96c relative=0x0000000000000b2c
Event: 4.984 Thread 0x0000015fdbc7c000 Uncommon trap: reason=unstable_if action=reinterpret pc=0x0000015febfbc96c method=org.bytedeco.javacv.Java2DFrameConverter.flipCopyWithGamma(Ljava/nio/ByteBuffer;ILjava/nio/ByteBuffer;IZDZI)V @ 50 c2
Event: 4.984 Thread 0x0000015fdbc7c000 DEOPT PACKING pc=0x0000015febfbc96c sp=0x0000000ad2eff030
Event: 4.984 Thread 0x0000015fdbc7c000 DEOPT UNPACKING pc=0x0000015fe444912f sp=0x0000000ad2efefd8 mode 2
Event: 5.471 Thread 0x0000015fdbc7c000 DEOPT PACKING pc=0x0000015fe4ccc397 sp=0x0000000ad2efeff0
Event: 5.471 Thread 0x0000015fdbc7c000 DEOPT UNPACKING pc=0x0000015fe444964e sp=0x0000000ad2efe4d8 mode 0
Event: 5.708 Thread 0x0000015fdbc7c000 DEOPT PACKING pc=0x0000015fe4ccc397 sp=0x0000000ad2efeff0
Event: 5.708 Thread 0x0000015fdbc7c000 DEOPT UNPACKING pc=0x0000015fe444964e sp=0x0000000ad2efe4d8 mode 0
Event: 5.945 Thread 0x0000015fdbc7c000 DEOPT PACKING pc=0x0000015fe4ccc397 sp=0x0000000ad2efeff0
Event: 5.945 Thread 0x0000015fdbc7c000 DEOPT UNPACKING pc=0x0000015fe444964e sp=0x0000000ad2efe4d8 mode 0

Classes unloaded (0 events):
No events

Classes redefined (0 events):
No events

Internal exceptions (16 events):
Event: 0.223 Thread 0x0000015fdbc7c000 Exception <a 'java/lang/NoSuchMethodError'{0x000000008a999ab0}: 'int java.lang.invoke.DirectMethodHandle$Holder.invokeStaticInit(java.lang.Object, java.lang.Object, java.lang.Object, java.lang.Object)'> (0x000000008a999ab0) 
thrown [t:/workspace/open/src/hotspot/share/interpreter/linkResolver.cpp, line 766]
Event: 0.224 Thread 0x0000015fdbc7c000 Exception <a 'java/lang/IncompatibleClassChangeError'{0x000000008a9a38d0}: Found class java.lang.Object, but interface was expected> (0x000000008a9a38d0) 
thrown [t:/workspace/open/src/hotspot/share/interpreter/linkResolver.cpp, line 832]
Event: 0.224 Thread 0x0000015fdbc7c000 Exception <a 'java/lang/NoSuchMethodError'{0x000000008a9a6920}: 'void java.lang.invoke.DirectMethodHandle$Holder.invokeStaticInit(java.lang.Object, java.lang.Object)'> (0x000000008a9a6920) 
thrown [t:/workspace/open/src/hotspot/share/interpreter/linkResolver.cpp, line 766]
Event: 0.225 Thread 0x0000015fdbc7c000 Exception <a 'java/lang/NoSuchMethodError'{0x000000008a9ac3e0}: 'int java.lang.invoke.DirectMethodHandle$Holder.invokeStaticInit(java.lang.Object, java.lang.Object)'> (0x000000008a9ac3e0) 
thrown [t:/workspace/open/src/hotspot/share/interpreter/linkResolver.cpp, line 766]
Event: 0.326 Thread 0x0000015fdbc7c000 Exception <a 'java/lang/NoSuchMethodError'{0x000000008a5226e0}: 'java.lang.Object java.lang.invoke.DirectMethodHandle$Holder.invokeStatic(java.lang.Object, int, java.lang.Object)'> (0x000000008a5226e0) 
thrown [t:/workspace/open/src/hotspot/share/interpreter/linkResolver.cpp, line 766]
Event: 2.241 Thread 0x0000015fdbc7c000 Exception <a 'java/lang/ClassNotFoundException'{0x000000008aba3e58}: sun/awt/resources/spi/awtProvider> (0x000000008aba3e58) 
thrown [t:/workspace/open/src/hotspot/share/classfile/systemDictionary.cpp, line 226]
Event: 2.254 Thread 0x0000015fdbc7c000 Exception <a 'java/io/FileNotFoundException'{0x000000008abeb4c0}> (0x000000008abeb4c0) 
thrown [t:/workspace/open/src/hotspot/share/prims/jni.cpp, line 599]
Event: 2.257 Thread 0x0000015fdbc7c000 Exception <a 'java/io/FileNotFoundException'{0x000000008aa12200}> (0x000000008aa12200) 
thrown [t:/workspace/open/src/hotspot/share/prims/jni.cpp, line 599]
Event: 2.292 Thread 0x0000015ffb689800 Exception <a 'java/lang/NoSuchMethodError'{0x000000008aa85548}: 'void java.lang.invoke.DirectMethodHandle$Holder.invokeSpecial(java.lang.Object, java.lang.Object)'> (0x000000008aa85548) 
thrown [t:/workspace/open/src/hotspot/share/interpreter/linkResolver.cpp, line 766]
Event: 2.316 Thread 0x0000015fdbc7c000 Exception <a 'java/lang/NoSuchMethodError'{0x000000008a957fe8}: 'java.lang.Object java.lang.invoke.DirectMethodHandle$Holder.invokeStatic(java.lang.Object, int, java.lang.Object, java.lang.Object, java.lang.Object, java.lang.Object)'> (0x000000008a957fe8) 
thrown [t:/workspace/open/src/hotspot/share/interpreter/linkResolver.cpp, line 766]
Event: 2.317 Thread 0x0000015fdbc7c000 Exception <a 'java/lang/NoSuchMethodError'{0x000000008a95e908}: 'java.lang.Object java.lang.invoke.DirectMethodHandle$Holder.invokeStatic(java.lang.Object, int, java.lang.Object, java.lang.Object, java.lang.Object)'> (0x000000008a95e908) 
thrown [t:/workspace/open/src/hotspot/share/interpreter/linkResolver.cpp, line 766]
Event: 2.317 Thread 0x0000015fdbc7c000 Exception <a 'java/lang/NoSuchMethodError'{0x000000008a962158}: 'java.lang.Object java.lang.invoke.DirectMethodHandle$Holder.invokeSpecial(java.lang.Object, java.lang.Object, int, java.lang.Object, java.lang.Object, java.lang.Object)'> (0x000000008a962158) 
thrown [t:/workspace/open/src/hotspot/share/interpreter/linkResolver.cpp, line 766]
Event: 2.333 Thread 0x0000015fdbc7c000 Exception <a 'java/lang/ClassNotFoundException'{0x000000008a81bfb8}: com/sun/swing/internal/plaf/metal/resources/spi/metalProvider> (0x000000008a81bfb8) 
thrown [t:/workspace/open/src/hotspot/share/classfile/systemDictionary.cpp, line 226]
Event: 2.334 Thread 0x0000015fdbc7c000 Exception <a 'java/lang/ClassNotFoundException'{0x000000008a820080}: com/sun/swing/internal/plaf/basic/resources/spi/basicProvider> (0x000000008a820080) 
thrown [t:/workspace/open/src/hotspot/share/classfile/systemDictionary.cpp, line 226]
Event: 2.363 Thread 0x0000015ffb684800 Exception <a 'java/lang/NoSuchMethodError'{0x000000008a8a3438}: 'void java.lang.invoke.DirectMethodHandle$Holder.invokeStaticInit(java.lang.Object)'> (0x000000008a8a3438) 
thrown [t:/workspace/open/src/hotspot/share/interpreter/linkResolver.cpp, line 766]
Event: 2.402 Thread 0x0000015ffb684800 Exception <a 'java/lang/NoSuchMethodError'{0x000000008a8fa288}: 'java.lang.Object java.lang.invoke.Invokers$Holder.linkToTargetMethod(java.lang.Object, int, java.lang.Object)'> (0x000000008a8fa288) 
thrown [t:/workspace/open/src/hotspot/share/interpreter/linkResolver.cpp, line 766]

Events (20 events):
Event: 4.529 Executing VM operation: HandshakeOneThread
Event: 4.529 Executing VM operation: HandshakeOneThread done
Event: 4.529 loading class java/awt/image/MultiResolutionImage
Event: 4.529 loading class java/awt/image/MultiResolutionImage done
Event: 4.529 loading class sun/awt/image/BufImgSurfaceManager
Event: 4.529 loading class sun/awt/image/BufImgSurfaceManager done
Event: 4.530 Executing VM operation: HandshakeOneThread
Event: 4.530 Executing VM operation: HandshakeOneThread done
Event: 4.530 Executing VM operation: HandshakeOneThread
Event: 4.531 Executing VM operation: HandshakeOneThread done
Event: 6.054 Executing VM operation: HandshakeOneThread
Event: 6.054 Executing VM operation: HandshakeOneThread done
Event: 6.054 Thread 0x0000015ffb686000 Thread added: 0x0000015ffb686000
Event: 6.054 Thread 0x0000015ffb687000 Thread added: 0x0000015ffb687000
Event: 6.054 Thread 0x0000015ffb687000 Thread exited: 0x0000015ffb687000
Event: 6.071 Executing VM operation: HandshakeOneThread
Event: 6.071 Executing VM operation: HandshakeOneThread done
Event: 6.071 Thread 0x0000015ffb689800 Thread exited: 0x0000015ffb689800
Event: 6.155 Thread 0x0000015ffb686000 Thread exited: 0x0000015ffb686000
Event: 6.156 Executing VM operation: Exit


Dynamic libraries:
0x00007ff7b3280000 - 0x00007ff7b328f000 	C:\Program Files\Java\jdk-14\bin\java.exe
0x00007ff92a820000 - 0x00007ff92aa10000 	C:\WINDOWS\SYSTEM32\ntdll.dll
0x00007ff928940000 - 0x00007ff9289f2000 	C:\WINDOWS\System32\KERNEL32.DLL
0x00007ff927c60000 - 0x00007ff927f03000 	C:\WINDOWS\System32\KERNELBASE.dll
0x00007ff9286f0000 - 0x00007ff9287ea000 	C:\WINDOWS\System32\ucrtbase.dll
0x00007ff90cb60000 - 0x00007ff90cb75000 	C:\Program Files\Java\jdk-14\bin\VCRUNTIME140.dll
0x00007ff91c940000 - 0x00007ff91c958000 	C:\Program Files\Java\jdk-14\bin\jli.dll
0x00007ff929460000 - 0x00007ff929503000 	C:\WINDOWS\System32\ADVAPI32.dll
0x00007ff929190000 - 0x00007ff92922e000 	C:\WINDOWS\System32\msvcrt.dll
0x00007ff929a50000 - 0x00007ff929ae7000 	C:\WINDOWS\System32\sechost.dll
0x00007ff92a040000 - 0x00007ff92a160000 	C:\WINDOWS\System32\RPCRT4.dll
0x00007ff929ea0000 - 0x00007ff92a034000 	C:\WINDOWS\System32\USER32.dll
0x00007ff9288a0000 - 0x00007ff9288c1000 	C:\WINDOWS\System32\win32u.dll
0x00007ff929410000 - 0x00007ff929436000 	C:\WINDOWS\System32\GDI32.dll
0x00007ff914700000 - 0x00007ff914985000 	C:\WINDOWS\WinSxS\amd64_microsoft.windows.common-controls_6595b64144ccf1df_6.0.18362.720_none_e6beb5c51314836b\COMCTL32.dll
0x00007ff927a00000 - 0x00007ff927b94000 	C:\WINDOWS\System32\gdi32full.dll
0x00007ff927ba0000 - 0x00007ff927c3e000 	C:\WINDOWS\System32\msvcp_win.dll
0x00007ff929b60000 - 0x00007ff929e96000 	C:\WINDOWS\System32\combase.dll
0x00007ff927930000 - 0x00007ff9279b0000 	C:\WINDOWS\System32\bcryptPrimitives.dll
0x00007ff91e170000 - 0x00007ff91e17a000 	C:\WINDOWS\SYSTEM32\VERSION.dll
0x00007ff929160000 - 0x00007ff92918e000 	C:\WINDOWS\System32\IMM32.DLL
0x00007ff905b80000 - 0x00007ff905c1b000 	C:\Program Files\Java\jdk-14\bin\msvcp140.dll
0x00007ff89eeb0000 - 0x00007ff89f9cf000 	C:\Program Files\Java\jdk-14\bin\server\jvm.dll
0x00007ff929730000 - 0x00007ff929738000 	C:\WINDOWS\System32\PSAPI.DLL
0x00007ff922c60000 - 0x00007ff922c84000 	C:\WINDOWS\SYSTEM32\WINMM.dll
0x00007ff8de420000 - 0x00007ff8de429000 	C:\WINDOWS\SYSTEM32\WSOCK32.dll
0x00007ff929af0000 - 0x00007ff929b5f000 	C:\WINDOWS\System32\WS2_32.dll
0x00007ff922c30000 - 0x00007ff922c5d000 	C:\WINDOWS\SYSTEM32\WINMMBASE.dll
0x00007ff9279b0000 - 0x00007ff9279fa000 	C:\WINDOWS\System32\cfgmgr32.dll
0x00007ff927760000 - 0x00007ff927771000 	C:\WINDOWS\System32\kernel.appcore.dll
0x00007ff90cb50000 - 0x00007ff90cb5a000 	C:\Program Files\Java\jdk-14\bin\jimage.dll
0x00007ff925f90000 - 0x00007ff926184000 	C:\WINDOWS\SYSTEM32\DBGHELP.DLL
0x00007ff910ca0000 - 0x00007ff910cca000 	C:\WINDOWS\SYSTEM32\dbgcore.DLL
0x00007ff90cb20000 - 0x00007ff90cb45000 	C:\Program Files\Java\jdk-14\bin\java.dll
0x00007ff90cb00000 - 0x00007ff90cb17000 	C:\Program Files\Java\jdk-14\bin\zip.dll
0x00007ff928a70000 - 0x00007ff929155000 	C:\WINDOWS\System32\SHELL32.dll
0x00007ff92a160000 - 0x00007ff92a209000 	C:\WINDOWS\System32\shcore.dll
0x00007ff927f10000 - 0x00007ff928690000 	C:\WINDOWS\System32\windows.storage.dll
0x00007ff927780000 - 0x00007ff9277a3000 	C:\WINDOWS\System32\profapi.dll
0x00007ff927710000 - 0x00007ff92775a000 	C:\WINDOWS\System32\powrprof.dll
0x00007ff9276e0000 - 0x00007ff9276f0000 	C:\WINDOWS\System32\UMPDC.dll
0x00007ff9297c0000 - 0x00007ff929812000 	C:\WINDOWS\System32\shlwapi.dll
0x00007ff927c40000 - 0x00007ff927c57000 	C:\WINDOWS\System32\cryptsp.dll
0x00007ff8f8190000 - 0x00007ff8f81a9000 	C:\Program Files\Java\jdk-14\bin\net.dll
0x00007ff924dc0000 - 0x00007ff924eb1000 	C:\WINDOWS\SYSTEM32\WINHTTP.dll
0x00007ff926f50000 - 0x00007ff926fb7000 	C:\WINDOWS\system32\mswsock.dll
0x00007ff8f8170000 - 0x00007ff8f8182000 	C:\Program Files\Java\jdk-14\bin\nio.dll
0x00007ff8d2a30000 - 0x00007ff8d2a81000 	C:\Users\Tamir\.javacpp\cache\opencv-3.4.0-1.4-windows-x86_64.jar\org\bytedeco\javacpp\windows-x86_64\concrt140.dll
0x00007ff8bb140000 - 0x00007ff8bb1dd000 	C:\Users\Tamir\.javacpp\cache\opencv-3.4.0-1.4-windows-x86_64.jar\org\bytedeco\javacpp\windows-x86_64\msvcp140.dll
0x00007ff8dc350000 - 0x00007ff8dc367000 	C:\Users\Tamir\.javacpp\cache\opencv-3.4.0-1.4-windows-x86_64.jar\org\bytedeco\javacpp\windows-x86_64\vcruntime140.dll
0x0000015fd9c70000 - 0x0000015fd9c73000 	C:\Users\Tamir\.javacpp\cache\opencv-3.4.0-1.4-windows-x86_64.jar\org\bytedeco\javacpp\windows-x86_64\api-ms-win-crt-locale-l1-1-0.dll
0x0000015fdbb80000 - 0x0000015fdbb84000 	C:\Users\Tamir\.javacpp\cache\opencv-3.4.0-1.4-windows-x86_64.jar\org\bytedeco\javacpp\windows-x86_64\api-ms-win-crt-string-l1-1-0.dll
0x0000015fdbb90000 - 0x0000015fdbb94000 	C:\Users\Tamir\.javacpp\cache\opencv-3.4.0-1.4-windows-x86_64.jar\org\bytedeco\javacpp\windows-x86_64\api-ms-win-crt-stdio-l1-1-0.dll
0x0000015fdbba0000 - 0x0000015fdbba5000 	C:\Users\Tamir\.javacpp\cache\opencv-3.4.0-1.4-windows-x86_64.jar\org\bytedeco\javacpp\windows-x86_64\api-ms-win-crt-math-l1-1-0.dll
0x0000015fdbbb0000 - 0x0000015fdbbb3000 	C:\Users\Tamir\.javacpp\cache\opencv-3.4.0-1.4-windows-x86_64.jar\org\bytedeco\javacpp\windows-x86_64\api-ms-win-crt-heap-l1-1-0.dll
0x0000015fdbbc0000 - 0x0000015fdbbc4000 	C:\Users\Tamir\.javacpp\cache\opencv-3.4.0-1.4-windows-x86_64.jar\org\bytedeco\javacpp\windows-x86_64\api-ms-win-crt-runtime-l1-1-0.dll
0x0000015fdbbd0000 - 0x0000015fdbbd4000 	C:\Users\Tamir\.javacpp\cache\opencv-3.4.0-1.4-windows-x86_64.jar\org\bytedeco\javacpp\windows-x86_64\api-ms-win-crt-convert-l1-1-0.dll
0x0000015fdbbe0000 - 0x0000015fdbbe3000 	C:\Users\Tamir\.javacpp\cache\opencv-3.4.0-1.4-windows-x86_64.jar\org\bytedeco\javacpp\windows-x86_64\api-ms-win-crt-environment-l1-1-0.dll
0x0000015fdbbf0000 - 0x0000015fdbbf3000 	C:\Users\Tamir\.javacpp\cache\opencv-3.4.0-1.4-windows-x86_64.jar\org\bytedeco\javacpp\windows-x86_64\api-ms-win-crt-time-l1-1-0.dll
0x0000015fdbc00000 - 0x0000015fdbc03000 	C:\Users\Tamir\.javacpp\cache\opencv-3.4.0-1.4-windows-x86_64.jar\org\bytedeco\javacpp\windows-x86_64\api-ms-win-crt-filesystem-l1-1-0.dll
0x0000015fdbc10000 - 0x0000015fdbc13000 	C:\Users\Tamir\.javacpp\cache\opencv-3.4.0-1.4-windows-x86_64.jar\org\bytedeco\javacpp\windows-x86_64\api-ms-win-crt-utility-l1-1-0.dll
0x0000015fdbc20000 - 0x0000015fdbc25000 	C:\Users\Tamir\.javacpp\cache\opencv-3.4.0-1.4-windows-x86_64.jar\org\bytedeco\javacpp\windows-x86_64\api-ms-win-crt-multibyte-l1-1-0.dll
0x00007ff8a7640000 - 0x00007ff8a7946000 	C:\Users\Tamir\.javacpp\cache\opencv-3.4.0-1.4-windows-x86_64.jar\org\bytedeco\javacpp\windows-x86_64\opencv_core340.dll
0x00007ff8a7230000 - 0x00007ff8a763c000 	C:\Users\Tamir\.javacpp\cache\opencv-3.4.0-1.4-windows-x86_64.jar\org\bytedeco\javacpp\windows-x86_64\opencv_imgproc340.dll
0x00007ff8a5460000 - 0x00007ff8a57db000 	C:\Users\Tamir\.javacpp\cache\opencv-3.4.0-1.4-windows-x86_64.jar\org\bytedeco\javacpp\windows-x86_64\jniopencv_core.dll
0x00007ff8b6690000 - 0x00007ff8b67e5000 	C:\Users\Tamir\.javacpp\cache\opencv-3.4.0-1.4-windows-x86_64.jar\org\bytedeco\javacpp\windows-x86_64\jniopencv_imgproc.dll
0x00007ff8a22b0000 - 0x00007ff8a257c000 	C:\Users\Tamir\.javacpp\cache\opencv-3.4.0-1.4-windows-x86_64.jar\org\bytedeco\javacpp\windows-x86_64\opencv_imgcodecs340.dll
0x00007ff8cbfc0000 - 0x00007ff8cbff4000 	C:\Users\Tamir\.javacpp\cache\opencv-3.4.0-1.4-windows-x86_64.jar\org\bytedeco\javacpp\windows-x86_64\jniopencv_imgcodecs.dll
0x00007ff8bbfd0000 - 0x00007ff8bc01b000 	C:\Users\Tamir\.javacpp\cache\opencv-3.4.0-1.4-windows-x86_64.jar\org\bytedeco\javacpp\windows-x86_64\opencv_videoio340.dll
0x00007ff92a210000 - 0x00007ff92a367000 	C:\WINDOWS\System32\ole32.dll
0x00007ff929520000 - 0x00007ff9295e4000 	C:\WINDOWS\System32\OLEAUT32.dll
0x00007ff8cc860000 - 0x00007ff8cc889000 	C:\WINDOWS\SYSTEM32\MSVFW32.dll
0x00007ff8dc330000 - 0x00007ff8dc350000 	C:\WINDOWS\SYSTEM32\AVIFIL32.dll
0x00007ff8cbfa0000 - 0x00007ff8cbfb8000 	C:\WINDOWS\SYSTEM32\AVICAP32.dll
0x00007ff91efb0000 - 0x00007ff91efcc000 	C:\WINDOWS\SYSTEM32\MSACM32.dll
0x00007ff8cbe70000 - 0x00007ff8cbe8f000 	C:\Users\Tamir\.javacpp\cache\opencv-3.4.0-1.4-windows-x86_64.jar\org\bytedeco\javacpp\windows-x86_64\jniopencv_videoio.dll
0x00007ff9246a0000 - 0x00007ff924739000 	C:\WINDOWS\system32\uxtheme.dll
0x00007ff929230000 - 0x00007ff9292d2000 	C:\WINDOWS\System32\clbcatq.dll
0x00007ff8cbe10000 - 0x00007ff8cbe28000 	C:\Windows\System32\devenum.dll
0x00007ff92a370000 - 0x00007ff92a7e0000 	C:\WINDOWS\System32\setupapi.dll
0x00007ff927900000 - 0x00007ff927926000 	C:\WINDOWS\System32\bcrypt.dll
0x00007ff926740000 - 0x00007ff926771000 	C:\WINDOWS\SYSTEM32\ntmarta.dll
0x00007ff9274e0000 - 0x00007ff92750a000 	C:\WINDOWS\SYSTEM32\DEVOBJ.dll
0x00007ff928690000 - 0x00007ff9286ec000 	C:\WINDOWS\System32\WINTRUST.dll
0x00007ff9276f0000 - 0x00007ff927702000 	C:\WINDOWS\System32\MSASN1.dll
0x00007ff9277b0000 - 0x00007ff9278f9000 	C:\WINDOWS\System32\CRYPT32.dll
0x00007ff8dd330000 - 0x00007ff8dd33b000 	C:\WINDOWS\SYSTEM32\msdmo.dll
0x00007ff8bebe0000 - 0x00007ff8bec14000 	C:\Windows\System32\qcap.dll
0x00007ff8a6950000 - 0x00007ff8a6b14000 	C:\Windows\System32\quartz.dll
0x00007ff9295f0000 - 0x00007ff929726000 	C:\WINDOWS\System32\MSCTF.dll
0x00007ff8bb260000 - 0x00007ff8bb2ac000 	C:\Windows\System32\mfksproxy.dll
0x00007ff90ca30000 - 0x00007ff90ca4c000 	C:\Windows\System32\ATL.DLL
0x00007ff920650000 - 0x00007ff92084a000 	C:\Windows\System32\MFPlat.DLL
0x00007ff920280000 - 0x00007ff9202af000 	C:\Windows\System32\RTWorkQ.DLL
0x00007ff89eac0000 - 0x00007ff89eeac000 	C:\Windows\System32\MFCORE.dll
0x00007ff9250d0000 - 0x00007ff9250d9000 	C:\Windows\System32\ksuser.dll
0x00007ff927120000 - 0x00007ff92712c000 	C:\Windows\System32\CRYPTBASE.DLL
0x00007ff8bb0e0000 - 0x00007ff8bb135000 	C:\Windows\System32\FSClient.dll
0x00007ff9263e0000 - 0x00007ff9264cb000 	C:\Windows\System32\dxgi.dll
0x00007ff923370000 - 0x00007ff9235cb000 	C:\Windows\System32\d3d11.dll
0x00007ff8bb080000 - 0x00007ff8bb0dc000 	C:\Windows\System32\MFSENSORGROUP.dll
0x00007ff926350000 - 0x00007ff926370000 	C:\WINDOWS\SYSTEM32\dxcore.dll
0x00007ff920d90000 - 0x00007ff920d9a000 	C:\Windows\System32\AVRT.dll
0x00007ff8dd2c0000 - 0x00007ff8dd2cd000 	C:\Windows\System32\vidcap.ax
0x00007ff8be470000 - 0x00007ff8be496000 	C:\Windows\System32\kswdmcap.ax
0x00007ff8a1c10000 - 0x00007ff8a1d72000 	C:\Windows\System32\MFC42.dll
0x00007ff8ba030000 - 0x00007ff8ba169000 	C:\Windows\System32\MFReadWrite.dll
0x00007ff8bacd0000 - 0x00007ff8bad71000 	C:\Windows\System32\qedit.dll
0x00007ff929340000 - 0x00007ff929410000 	C:\WINDOWS\System32\COMDLG32.dll
0x00007ff919830000 - 0x00007ff9199d3000 	C:\WINDOWS\WinSxS\amd64_microsoft.windows.gdiplus_6595b64144ccf1df_1.1.18362.720_none_17a9a8aa6da6fd39\gdiplus.dll
0x00007ff8eec90000 - 0x00007ff8eed87000 	C:\Windows\System32\DDRAW.dll
0x00007ff9122a0000 - 0x00007ff9122a8000 	C:\Windows\System32\DCIMAN32.dll
0x00007ff89e390000 - 0x00007ff89e528000 	C:\Program Files\Java\jdk-14\bin\awt.dll
0x00007ff924190000 - 0x00007ff92421f000 	C:\WINDOWS\SYSTEM32\apphelp.dll
0x00007ff925a20000 - 0x00007ff925a4d000 	C:\WINDOWS\system32\DWMAPI.DLL
0x00007ff8fd350000 - 0x00007ff8fd4a6000 	C:\WINDOWS\system32\opengl32.dll
0x00007ff9021d0000 - 0x00007ff9021fc000 	C:\WINDOWS\SYSTEM32\GLU32.dll
0x00007ff905990000 - 0x00007ff905a12000 	C:\Program Files\Java\jdk-14\bin\freetype.dll
0x00007ff9058e0000 - 0x00007ff905986000 	C:\Program Files\Java\jdk-14\bin\fontmanager.dll
0x00007ff919c50000 - 0x00007ff919cee000 	C:\WINDOWS\System32\TextInputFramework.dll
0x00007ff9202b0000 - 0x00007ff9205da000 	C:\WINDOWS\System32\CoreUIComponents.dll
0x00007ff923f80000 - 0x00007ff924054000 	C:\WINDOWS\System32\CoreMessaging.dll
0x00007ff9242d0000 - 0x00007ff924423000 	C:\WINDOWS\SYSTEM32\wintypes.dll
0x00007ff919630000 - 0x00007ff919695000 	C:\WINDOWS\system32\Oleacc.dll
0x00007ff9158a0000 - 0x00007ff915b46000 	C:\WINDOWS\System32\iertutil.dll

dbghelp: loaded successfully - version: 4.0.5 - missing functions: none
symbol engine: initialized successfully - sym options: 0x614 - pdb path: .;C:\Program Files\Java\jdk-14\bin;C:\WINDOWS\SYSTEM32;C:\WINDOWS\WinSxS\amd64_microsoft.windows.common-controls_6595b64144ccf1df_6.0.18362.720_none_e6beb5c51314836b;C:\Program Files\Java\jdk-14\bin\server;C:\Users\Tamir\.javacpp\cache\opencv-3.4.0-1.4-windows-x86_64.jar\org\bytedeco\javacpp\windows-x86_64;C:\WINDOWS\WinSxS\amd64_microsoft.windows.gdiplus_6595b64144ccf1df_1.1.18362.720_none_17a9a8aa6da6fd39

VM Arguments:
jvm_args: -Dfile.encoding=UTF-8 
java_command: com.emaraic.distance.DisMe2
java_class_path (initial): C:\real-time-distance-measurement-master\target\classes;C:\Users\Tamir\.m2\repository\org\bytedeco\javacv-platform\1.4\javacv-platform-1.4.jar;C:\Users\Tamir\.m2\repository\org\bytedeco\javacv\1.4\javacv-1.4.jar;C:\Users\Tamir\.m2\repository\org\bytedeco\javacpp\1.4\javacpp-1.4.jar;C:\Users\Tamir\.m2\repository\org\bytedeco\javacpp-presets\opencv\3.4.0-1.4\opencv-3.4.0-1.4.jar;C:\Users\Tamir\.m2\repository\org\bytedeco\javacpp-presets\ffmpeg\3.4.1-1.4\ffmpeg-3.4.1-1.4.jar;C:\Users\Tamir\.m2\repository\org\bytedeco\javacpp-presets\flycapture\2.11.3.121-1.4\flycapture-2.11.3.121-1.4.jar;C:\Users\Tamir\.m2\repository\org\bytedeco\javacpp-presets\libdc1394\2.2.5-1.4\libdc1394-2.2.5-1.4.jar;C:\Users\Tamir\.m2\repository\org\bytedeco\javacpp-presets\libfreenect\0.5.3-1.4\libfreenect-0.5.3-1.4.jar;C:\Users\Tamir\.m2\repository\org\bytedeco\javacpp-presets\libfreenect2\0.2.0-1.4\libfreenect2-0.2.0-1.4.jar;C:\Users\Tamir\.m2\repository\org\bytedeco\javacpp-presets\librealsense\1.12.1-1.4\librealsense-1.12.1-1.4.jar;C:\Users\Tamir\.m2\repository\org\bytedeco\javacpp-presets\videoinput\0.200-1.4\videoinput-0.200-1.4.jar;C:\Users\Tamir\.m2\repository\org\bytedeco\javacpp-presets\artoolkitplus\2.3.1-1.4\artoolkitplus-2.3.1-1.4.jar;C:\Users\Tamir\.m2\repository\org\bytedeco\javacpp-presets\flandmark\1.07-1.4\flandmark-1.07-1.4.jar;C:\Users\Tamir\.m2\repository\org\bytedeco\javacpp-presets\opencv-platform\3.4.0-1.4\opencv-platform-3.4.0-1.4.jar;C:\Users\Tamir\.m2\repository\org\bytedeco\javacpp-presets\opencv\3.4.0-1.4\opencv-3.4.0-1.4-android-arm.jar;C:\Users\Tamir\.m2\repository\org\bytedeco\javacpp-presets\opencv\3.4.0-1.4\opencv-3.4.0-1.4-android-x86.jar;C:\Users\Tamir\.m2\repository\org\bytedeco\javacpp-presets\opencv\3.4.0-1.4\opencv-3.4.0-1.4-linux-x86.jar;C:\Users\Tamir\.m2\repository\org\bytedeco\javacpp-presets\opencv\3.4.0-1.4\opencv-3.4.0-1.4-linux-x86_64.jar;C:\Users\Tamir\.m2\repository\org\bytedeco\javacpp-presets\opencv\3.4.0-1.4\opencv
Launcher Type: SUN_STANDARD

[Global flags]
     intx CICompilerCount                          = 4                                         {product} {ergonomic}
     uint ConcGCThreads                            = 2                                         {product} {ergonomic}
     uint G1ConcRefinementThreads                  = 8                                         {product} {ergonomic}
   size_t G1HeapRegionSize                         = 1048576                                   {product} {ergonomic}
    uintx GCDrainStackTargetSize                   = 64                                        {product} {ergonomic}
   size_t InitialHeapSize                          = 132120576                                 {product} {ergonomic}
   size_t MarkStackSize                            = 4194304                                   {product} {ergonomic}
   size_t MaxHeapSize                              = 2099249152                                {product} {ergonomic}
   size_t MaxNewSize                               = 1259339776                                {product} {ergonomic}
   size_t MinHeapDeltaBytes                        = 1048576                                   {product} {ergonomic}
   size_t MinHeapSize                              = 8388608                                   {product} {ergonomic}
    uintx NonNMethodCodeHeapSize                   = 5839372                                {pd product} {ergonomic}
    uintx NonProfiledCodeHeapSize                  = 122909434                              {pd product} {ergonomic}
    uintx ProfiledCodeHeapSize                     = 122909434                              {pd product} {ergonomic}
    uintx ReservedCodeCacheSize                    = 251658240                              {pd product} {ergonomic}
     bool SegmentedCodeCache                       = true                                      {product} {ergonomic}
   size_t SoftMaxHeapSize                          = 2099249152                             {manageable} {ergonomic}
     bool UseCompressedClassPointers               = true                                 {lp64_product} {ergonomic}
     bool UseCompressedOops                        = true                                 {lp64_product} {ergonomic}
     bool UseG1GC                                  = true                                      {product} {ergonomic}
     bool UseLargePagesIndividualAllocation        = false                                  {pd product} {ergonomic}

Logging:
Log output configuration:
 #0: stdout all=off uptime,level,tags
 #1: stderr all=off uptime,level,tags

Environment Variables:
JAVA_HOME=C:\Program Files\Java\jdk-14
JRE_HOME=C:\Program Files (x86)\Java\jre1.8.0_241
PATH=C:\Users\Tamir\Documents\apache-ant-1.10.7\bin;C:\src\flutter\bin;C:\Program Files\Git\cmd;C:\Program Files\Java\jdk-14\bin;C:\Program Files\Git;C:\WINDOWS\system32;C:\Windows\System32;C:\Windows\System32\WindowsPowerShell\v1.0;C:\Gradle\gradle-6.2.2\bin;C:\Program Files\dotnet\;C:\Users\Tamir\AppData\Roaming\Python\Python38\Scripts;C:\Users\Tamir\AppData\Local\Programs\Python\Python38-32\Scripts\;C:\Users\Tamir\AppData\Local\Programs\Python\Python38-32\;C:\src\flutter\bin;C:\Users\Tamir\AppData\Local\GitHubDesktop\bin;C:\Users\Tamir\AppData\Local\atom\bin;C:\Users\Tamir\AppData\Local\Programs\Microsoft VS Code\bin;C:\Python27\Scripts;C:\Program Files\Java\jdk-14\bin;C:\Program Files (x86)\Java\jre1.8.0_241\bin;
USERNAME=Tamir
OS=Windows_NT
PROCESSOR_IDENTIFIER=Intel64 Family 6 Model 142 Stepping 10, GenuineIntel



---------------  S Y S T E M  ---------------

OS: Windows 10 , 64 bit Build 18362 (10.0.18362.329)
OS uptime: 0 days 0:42 hours

CPU:total 8 (initial active 8) (4 cores per cpu, 2 threads per core) family 6 model 142 stepping 10, cmov, cx8, fxsr, mmx, sse, sse2, sse3, ssse3, sse4.1, sse4.2, popcnt, avx, avx2, aes, clmul, erms, 3dnowpref, lzcnt, ht, tsc, tscinvbit, bmi1, bmi2, adx, fma

Memory: 4k page, system-wide physical 8007M (1581M free)
TotalPageFile size 24391M (AvailPageFile size 11686M)
current process WorkingSet (physical memory assigned to process): 284M, peak: 284M
current process commit charge ("private bytes"): 260M, peak: 267M

vm_info: Java HotSpot(TM) 64-Bit Server VM (14+36-1461) for windows-amd64 JRE (14+36-1461), built on Feb  6 2020 19:08:04 by "mach5one" with MS VC++ 15.9 (VS2017)

END.
